<?xml version="1.0" encoding="UTF-8" standalone="no"?>
<!DOCTYPE log SYSTEM "logger.dtd">
<log>
<record>
  <date>2020-04-26T20:30:53</date>
  <millis>1587907853641</millis>
  <sequence>0</sequence>
  <level>START</level>
  <class>com.kms.katalon.core.logging.XmlKeywordLogger</class>
  <method>startSuite</method>
  <thread>1</thread>
  <message>Start Test Suite : Test Suites/Web RoomMe.id/Customer Login</message>
  <nestedLevel>0</nestedLevel>
  <property name="name">Customer Login</property>
  <property name="description"></property>
  <property name="id">Test Suites/Web RoomMe.id/Customer Login</property>
</record>
<record>
  <date>2020-04-26T20:30:53</date>
  <millis>1587907853676</millis>
  <sequence>1</sequence>
  <level>RUN_DATA</level>
  <class>com.kms.katalon.core.logging.XmlKeywordLogger</class>
  <method>logMessage</method>
  <thread>1</thread>
  <message>hostName = Faldi - Alienware-X51</message>
  <nestedLevel>0</nestedLevel>
  <property name="hostName">Faldi - Alienware-X51</property>
</record>
<record>
  <date>2020-04-26T20:30:53</date>
  <millis>1587907853679</millis>
  <sequence>2</sequence>
  <level>RUN_DATA</level>
  <class>com.kms.katalon.core.logging.XmlKeywordLogger</class>
  <method>logMessage</method>
  <thread>1</thread>
  <message>os = Windows 10 64bit</message>
  <nestedLevel>0</nestedLevel>
  <property name="os">Windows 10 64bit</property>
</record>
<record>
  <date>2020-04-26T20:30:53</date>
  <millis>1587907853679</millis>
  <sequence>3</sequence>
  <level>RUN_DATA</level>
  <class>com.kms.katalon.core.logging.XmlKeywordLogger</class>
  <method>logMessage</method>
  <thread>1</thread>
  <message>hostAddress = 192.168.1.5</message>
  <nestedLevel>0</nestedLevel>
  <property name="hostAddress">192.168.1.5</property>
</record>
<record>
  <date>2020-04-26T20:30:53</date>
  <millis>1587907853681</millis>
  <sequence>4</sequence>
  <level>RUN_DATA</level>
  <class>com.kms.katalon.core.logging.XmlKeywordLogger</class>
  <method>logMessage</method>
  <thread>1</thread>
  <message>katalonVersion = 7.2.6.1</message>
  <nestedLevel>0</nestedLevel>
  <property name="katalonVersion">7.2.6.1</property>
</record>
<record>
  <date>2020-04-26T20:30:54</date>
  <millis>1587907854040</millis>
  <sequence>5</sequence>
  <level>START</level>
  <class>com.kms.katalon.core.logging.XmlKeywordLogger</class>
  <method>startTest</method>
  <thread>1</thread>
  <message>Start Test Case : Test Cases/Web RoomMe.id/3. Sign In/1. Login With Valid Credential</message>
  <nestedLevel>1</nestedLevel>
  <property name="name">Test Cases/Web RoomMe.id/3. Sign In/1. Login With Valid Credential</property>
  <property name="description">Customer login to RoomMe.id</property>
  <property name="id">Test Cases/Web RoomMe.id/3. Sign In/1. Login With Valid Credential</property>
  <property name="source">C:\\Users\\Faldi\\Katalon Studio\\katalonroomme\\Test Cases\\Web RoomMe.id\\3. Sign In\\1. Login With Valid Credential.tc</property>
  <property name="tag">login</property>
  <property name="isOptional">false</property>
</record>
<record>
  <date>2020-04-26T20:30:54</date>
  <millis>1587907854563</millis>
  <sequence>7</sequence>
  <level>START</level>
  <class>com.kms.katalon.core.logging.XmlKeywordLogger</class>
  <method>startKeyword</method>
  <thread>1</thread>
  <message>Start action : callTestCase(findTestCase(\&amp;quot;Web RoomMe.id/1. Homepage/1. Customer Access RoomMe Page\&amp;quot;), [:], STOP_ON_FAILURE)</message>
  <nestedLevel>1</nestedLevel>
  <property name="startLine">19</property>
  <property name="stepIndex">1</property>
</record>
<record>
  <date>2020-04-26T20:30:54</date>
  <millis>1587907854818</millis>
  <sequence>10</sequence>
  <level>START</level>
  <class>com.kms.katalon.core.logging.XmlKeywordLogger</class>
  <method>startTest</method>
  <thread>1</thread>
  <message>Start Test Case : Test Cases/Web RoomMe.id/1. Homepage/1. Customer Access RoomMe Page</message>
  <nestedLevel>2</nestedLevel>
  <property name="name">Test Cases/Web RoomMe.id/1. Homepage/1. Customer Access RoomMe Page</property>
  <property name="description"></property>
  <property name="id">Test Cases/Web RoomMe.id/1. Homepage/1. Customer Access RoomMe Page</property>
  <property name="source">C:\\Users\\Faldi\\Katalon Studio\\katalonroomme\\Test Cases\\Web RoomMe.id\\1. Homepage\\1. Customer Access RoomMe Page.tc</property>
  <property name="tag">base</property>
  <property name="isOptional">false</property>
</record>
<record>
  <date>2020-04-26T20:30:55</date>
  <millis>1587907855090</millis>
  <sequence>12</sequence>
  <level>START</level>
  <class>com.kms.katalon.core.logging.XmlKeywordLogger</class>
  <method>startKeyword</method>
  <thread>1</thread>
  <message>Start action : openBrowser(\&amp;quot;https://web.roomme.id/\&amp;quot;)</message>
  <nestedLevel>1</nestedLevel>
  <property name="startLine">18</property>
  <property name="stepIndex">1</property>
</record>
<record>
  <date>2020-04-26T20:30:55</date>
  <millis>1587907855437</millis>
  <sequence>14</sequence>
  <level>INFO</level>
  <class>com.kms.katalon.core.logging.XmlKeywordLogger</class>
  <method>logMessage</method>
  <thread>1</thread>
  <message>Starting &amp;apos;Firefox&amp;apos; driver</message>
  <nestedLevel>2</nestedLevel>
</record>
<record>
  <date>2020-04-26T20:30:55</date>
  <millis>1587907855646</millis>
  <sequence>16</sequence>
  <level>INFO</level>
  <class>com.kms.katalon.core.logging.XmlKeywordLogger</class>
  <method>logMessage</method>
  <thread>1</thread>
  <message>Action delay is set to 0 seconds</message>
  <nestedLevel>2</nestedLevel>
</record>
<record>
  <date>2020-04-26T20:31:04</date>
  <millis>1587907864249</millis>
  <sequence>18</sequence>
  <level>RUN_DATA</level>
  <class>com.kms.katalon.core.logging.XmlKeywordLogger</class>
  <method>logMessage</method>
  <thread>1</thread>
  <message>sessionId = 5eabbab2-73c1-43d5-ae56-2133c7b3342c</message>
  <nestedLevel>2</nestedLevel>
  <property name="sessionId">5eabbab2-73c1-43d5-ae56-2133c7b3342c</property>
</record>
<record>
  <date>2020-04-26T20:31:04</date>
  <millis>1587907864273</millis>
  <sequence>19</sequence>
  <level>RUN_DATA</level>
  <class>com.kms.katalon.core.logging.XmlKeywordLogger</class>
  <method>logMessage</method>
  <thread>1</thread>
  <message>browser = Firefox 75.0</message>
  <nestedLevel>2</nestedLevel>
  <property name="browser">Firefox 75.0</property>
</record>
<record>
  <date>2020-04-26T20:31:04</date>
  <millis>1587907864274</millis>
  <sequence>20</sequence>
  <level>RUN_DATA</level>
  <class>com.kms.katalon.core.logging.XmlKeywordLogger</class>
  <method>logMessage</method>
  <thread>1</thread>
  <message>platform = Windows 10</message>
  <nestedLevel>2</nestedLevel>
  <property name="platform">Windows 10</property>
</record>
<record>
  <date>2020-04-26T20:31:04</date>
  <millis>1587907864275</millis>
  <sequence>21</sequence>
  <level>RUN_DATA</level>
  <class>com.kms.katalon.core.logging.XmlKeywordLogger</class>
  <method>logMessage</method>
  <thread>1</thread>
  <message>seleniumVersion = 3.141.59</message>
  <nestedLevel>2</nestedLevel>
  <property name="seleniumVersion">3.141.59</property>
</record>
<record>
  <date>2020-04-26T20:31:04</date>
  <millis>1587907864277</millis>
  <sequence>22</sequence>
  <level>RUN_DATA</level>
  <class>com.kms.katalon.core.logging.XmlKeywordLogger</class>
  <method>logMessage</method>
  <thread>1</thread>
  <message>proxyInformation = ProxyInformation{proxyOption=NO_PROXY, proxyServerType=HTTP, password=, proxyServerAddress=, proxyServerPort=0, executionList=}</message>
  <nestedLevel>2</nestedLevel>
  <property name="proxyInformation">ProxyInformation{proxyOption=NO_PROXY, proxyServerType=HTTP, password=, proxyServerAddress=, proxyServerPort=0, executionList=}</property>
</record>
<record>
  <date>2020-04-26T20:31:06</date>
  <millis>1587907866919</millis>
  <sequence>24</sequence>
  <level>PASSED</level>
  <class>com.kms.katalon.core.logging.XmlKeywordLogger</class>
  <method>logMessage</method>
  <thread>1</thread>
  <message>Browser is opened with url: &amp;apos;https://web.roomme.id/&amp;apos;</message>
  <nestedLevel>2</nestedLevel>
</record>
<record>
  <date>2020-04-26T20:31:06</date>
  <millis>1587907866920</millis>
  <sequence>25</sequence>
  <level>END</level>
  <class>com.kms.katalon.core.logging.XmlKeywordLogger</class>
  <method>endKeyword</method>
  <thread>1</thread>
  <message>End action : openBrowser(\&amp;quot;https://web.roomme.id/\&amp;quot;)</message>
  <nestedLevel>1</nestedLevel>
</record>
<record>
  <date>2020-04-26T20:31:06</date>
  <millis>1587907866921</millis>
  <sequence>26</sequence>
  <level>START</level>
  <class>com.kms.katalon.core.logging.XmlKeywordLogger</class>
  <method>startKeyword</method>
  <thread>1</thread>
  <message>Start action : maximizeWindow()</message>
  <nestedLevel>1</nestedLevel>
  <property name="startLine">21</property>
  <property name="stepIndex">2</property>
</record>
<record>
  <date>2020-04-26T20:31:07</date>
  <millis>1587907867247</millis>
  <sequence>28</sequence>
  <level>PASSED</level>
  <class>com.kms.katalon.core.logging.XmlKeywordLogger</class>
  <method>logMessage</method>
  <thread>1</thread>
  <message>Current window maximized</message>
  <nestedLevel>2</nestedLevel>
</record>
<record>
  <date>2020-04-26T20:31:07</date>
  <millis>1587907867248</millis>
  <sequence>29</sequence>
  <level>END</level>
  <class>com.kms.katalon.core.logging.XmlKeywordLogger</class>
  <method>endKeyword</method>
  <thread>1</thread>
  <message>End action : maximizeWindow()</message>
  <nestedLevel>1</nestedLevel>
</record>
<record>
  <date>2020-04-26T20:31:07</date>
  <millis>1587907867248</millis>
  <sequence>30</sequence>
  <level>START</level>
  <class>com.kms.katalon.core.logging.XmlKeywordLogger</class>
  <method>startKeyword</method>
  <thread>1</thread>
  <message>Start action : waitForPageLoad(0)</message>
  <nestedLevel>1</nestedLevel>
  <property name="startLine">23</property>
  <property name="stepIndex">3</property>
</record>
<record>
  <date>2020-04-26T20:31:07</date>
  <millis>1587907867430</millis>
  <sequence>32</sequence>
  <level>WARNING</level>
  <class>com.kms.katalon.core.logging.XmlKeywordLogger</class>
  <method>logMessage</method>
  <thread>1</thread>
  <message>Timeout &amp;apos;0&amp;apos; is invalid. Using default page load timeout: &amp;apos;60&amp;apos;</message>
  <nestedLevel>2</nestedLevel>
</record>
<record>
  <date>2020-04-26T20:31:07</date>
  <millis>1587907867598</millis>
  <sequence>33</sequence>
  <level>PASSED</level>
  <class>com.kms.katalon.core.logging.XmlKeywordLogger</class>
  <method>logMessage</method>
  <thread>1</thread>
  <message>Wait for page load successfully</message>
  <nestedLevel>2</nestedLevel>
</record>
<record>
  <date>2020-04-26T20:31:07</date>
  <millis>1587907867599</millis>
  <sequence>34</sequence>
  <level>END</level>
  <class>com.kms.katalon.core.logging.XmlKeywordLogger</class>
  <method>endKeyword</method>
  <thread>1</thread>
  <message>End action : waitForPageLoad(0)</message>
  <nestedLevel>1</nestedLevel>
</record>
<record>
  <date>2020-04-26T20:31:07</date>
  <millis>1587907867599</millis>
  <sequence>35</sequence>
  <level>PASSED</level>
  <class>com.kms.katalon.core.logging.XmlKeywordLogger</class>
  <method>logMessage</method>
  <thread>1</thread>
  <message>Test Cases/Web RoomMe.id/1. Homepage/1. Customer Access RoomMe Page</message>
  <nestedLevel>2</nestedLevel>
</record>
<record>
  <date>2020-04-26T20:31:07</date>
  <millis>1587907867599</millis>
  <sequence>36</sequence>
  <level>END</level>
  <class>com.kms.katalon.core.logging.XmlKeywordLogger</class>
  <method>endTest</method>
  <thread>1</thread>
  <message>End Test Case : Test Cases/Web RoomMe.id/1. Homepage/1. Customer Access RoomMe Page</message>
  <nestedLevel>1</nestedLevel>
</record>
<record>
  <date>2020-04-26T20:31:07</date>
  <millis>1587907867604</millis>
  <sequence>37</sequence>
  <level>PASSED</level>
  <class>com.kms.katalon.core.logging.XmlKeywordLogger</class>
  <method>logMessage</method>
  <thread>1</thread>
  <message>Call Test Case &amp;apos;Test Cases/Web RoomMe.id/1. Homepage/1. Customer Access RoomMe Page&amp;apos; successfully</message>
  <nestedLevel>1</nestedLevel>
</record>
<record>
  <date>2020-04-26T20:31:07</date>
  <millis>1587907867605</millis>
  <sequence>38</sequence>
  <level>END</level>
  <class>com.kms.katalon.core.logging.XmlKeywordLogger</class>
  <method>endKeyword</method>
  <thread>1</thread>
  <message>End action : callTestCase(findTestCase(\&amp;quot;Web RoomMe.id/1. Homepage/1. Customer Access RoomMe Page\&amp;quot;), [:], STOP_ON_FAILURE)</message>
  <nestedLevel>1</nestedLevel>
</record>
<record>
  <date>2020-04-26T20:31:07</date>
  <millis>1587907867605</millis>
  <sequence>39</sequence>
  <level>START</level>
  <class>com.kms.katalon.core.logging.XmlKeywordLogger</class>
  <method>startKeyword</method>
  <thread>1</thread>
  <message>Start action : callTestCase(findTestCase(\&amp;quot;Web RoomMe.id/1. Homepage/2. Verify Header RoomMe.id\&amp;quot;), [:], STOP_ON_FAILURE)</message>
  <nestedLevel>1</nestedLevel>
  <property name="startLine">21</property>
  <property name="stepIndex">2</property>
</record>
<record>
  <date>2020-04-26T20:31:07</date>
  <millis>1587907867606</millis>
  <sequence>40</sequence>
  <level>NOT_RUN</level>
  <class>com.kms.katalon.core.logging.XmlKeywordLogger</class>
  <method>logMessage</method>
  <thread>1</thread>
  <message>NOT_RUN: callTestCase(findTestCase(\&amp;quot;Web RoomMe.id/1. Homepage/2. Verify Header RoomMe.id\&amp;quot;), [:], STOP_ON_FAILURE)</message>
  <nestedLevel>1</nestedLevel>
</record>
<record>
  <date>2020-04-26T20:31:07</date>
  <millis>1587907867607</millis>
  <sequence>41</sequence>
  <level>END</level>
  <class>com.kms.katalon.core.logging.XmlKeywordLogger</class>
  <method>endKeyword</method>
  <thread>1</thread>
  <message>End action : callTestCase(findTestCase(\&amp;quot;Web RoomMe.id/1. Homepage/2. Verify Header RoomMe.id\&amp;quot;), [:], STOP_ON_FAILURE)</message>
  <nestedLevel>1</nestedLevel>
</record>
<record>
  <date>2020-04-26T20:31:07</date>
  <millis>1587907867607</millis>
  <sequence>42</sequence>
  <level>START</level>
  <class>com.kms.katalon.core.logging.XmlKeywordLogger</class>
  <method>startKeyword</method>
  <thread>1</thread>
  <message>Start action : callTestCase(findTestCase(\&amp;quot;Web RoomMe.id/1. Homepage/7. Verify Footer RoomMe.id\&amp;quot;), [:], STOP_ON_FAILURE)</message>
  <nestedLevel>1</nestedLevel>
  <property name="startLine">23</property>
  <property name="stepIndex">3</property>
</record>
<record>
  <date>2020-04-26T20:31:07</date>
  <millis>1587907867609</millis>
  <sequence>43</sequence>
  <level>NOT_RUN</level>
  <class>com.kms.katalon.core.logging.XmlKeywordLogger</class>
  <method>logMessage</method>
  <thread>1</thread>
  <message>NOT_RUN: callTestCase(findTestCase(\&amp;quot;Web RoomMe.id/1. Homepage/7. Verify Footer RoomMe.id\&amp;quot;), [:], STOP_ON_FAILURE)</message>
  <nestedLevel>1</nestedLevel>
</record>
<record>
  <date>2020-04-26T20:31:07</date>
  <millis>1587907867610</millis>
  <sequence>44</sequence>
  <level>END</level>
  <class>com.kms.katalon.core.logging.XmlKeywordLogger</class>
  <method>endKeyword</method>
  <thread>1</thread>
  <message>End action : callTestCase(findTestCase(\&amp;quot;Web RoomMe.id/1. Homepage/7. Verify Footer RoomMe.id\&amp;quot;), [:], STOP_ON_FAILURE)</message>
  <nestedLevel>1</nestedLevel>
</record>
<record>
  <date>2020-04-26T20:31:07</date>
  <millis>1587907867610</millis>
  <sequence>45</sequence>
  <level>START</level>
  <class>com.kms.katalon.core.logging.XmlKeywordLogger</class>
  <method>startKeyword</method>
  <thread>1</thread>
  <message>Start action : click(findTestObject(\&amp;quot;Web RoomMe.id/RoomMe.id Homepage/Button Sign In\&amp;quot;))</message>
  <nestedLevel>1</nestedLevel>
  <property name="startLine">25</property>
  <property name="stepIndex">4</property>
</record>
