[35m[Appium][39m Welcome to Appium v1.16.0
[35m[Appium][39m Non-default server args:
[35m[Appium][39m   port: 60011
[35m[Appium][39m   chromeDriverPort: 60012
[35m[Appium][39m   tmpDir: C:\Users\Faldi\AppData\Local\Temp\\Katalon\Appium\Temp1583924511566
[35m[Appium][39m Appium REST http interface listener started on 0.0.0.0:60011
[35m[HTTP][39m [37m-->[39m [37mGET[39m [37m/wd/hub/status[39m
[35m[HTTP][39m [90m{}[39m
[debug] [35m[GENERIC][39m Calling AppiumDriver.getStatus() with args: []
[debug] [35m[GENERIC][39m Responding to client with driver.getStatus() result: {"build":{"version":"1.16.0"}}
[35m[HTTP][39m [37m<-- GET /wd/hub/status [39m[32m200[39m [90m5 ms - 68[39m
[35m[HTTP][39m [90m[39m
[35m[HTTP][39m [37m-->[39m [37mGET[39m [37m/wd/hub/status[39m
[35m[HTTP][39m [90m{}[39m
[debug] [35m[GENERIC][39m Calling AppiumDriver.getStatus() with args: []
[debug] [35m[GENERIC][39m Responding to client with driver.getStatus() result: {"build":{"version":"1.16.0"}}
[35m[HTTP][39m [37m<-- GET /wd/hub/status [39m[32m200[39m [90m1 ms - 68[39m
[35m[HTTP][39m [90m[39m
[35m[HTTP][39m [37m-->[39m [37mPOST[39m [37m/wd/hub/session[39m
[35m[HTTP][39m [90m{"desiredCapabilities":{"app":"C:\\Users\\Faldi\\Downloads\\app-debug.apk","noReset":true,"deviceName":"Xiaomi Redmi 7A (Android 9)","fullReset":false,"platform":"ANDROID","newCommandTimeout":1800,"platformVersion":"9","automationName":"uiautomator2","autoGrantPermissions":true,"platformName":"Android","udid":"c693666b0006","systemPort":60018},"capabilities":{"firstMatch":[{"appium:app":"C:\\Users\\Faldi\\Downloads\\app-debug.apk","appium:autoGrantPermissions":true,"appium:automationName":"uiautomator2","appium:deviceName":"Xiaomi Redmi 7A (Android 9)","appium:fullReset":false,"appium:newCommandTimeout":1800,"appium:noReset":true,"platform":"ANDROID","platformName":"android","appium:platformVersion":"9","appium:systemPort":60018,"appium:udid":"c693666b0006"}]}}[39m
[debug] [35m[W3C][39m Calling AppiumDriver.createSession() with args: [{"app":"C:\\Users\\Faldi\\Downloads\\app-debug.apk","noReset":true,"deviceName":"Xiaomi Redmi 7A (Android 9)","fullReset":false,"platform":"ANDROID","newCommandTimeout":1800,"platformVersion":"9","automationName":"uiautomator2","autoGrantPermissions":true,"platformName":"Android","udid":"c693666b0006","systemPort":60018},null,{"firstMatch":[{"appium:app":"C:\\Users\\Faldi\\Downloads\\app-debug.apk","appium:autoGrantPermissions":true,"appium:automationName":"uiautomator2","appium:deviceName":"Xiaomi Redmi 7A (Android 9)","appium:fullReset":false,"appium:newCommandTimeout":1800,"appium:noReset":true,"platform":"ANDROID","platformName":"android","appium:platformVersion":"9","appium:systemPort":60018,"appium:udid":"c693666b0006"}]}]
[debug] [35m[BaseDriver][39m Event 'newSessionRequested' logged at 1583924513284 (18:01:53 GMT+0700 (Western Indonesia Time))
[35m[BaseDriver][39m The capabilities ["platform"] are not standard capabilities and should have an extension prefix
[35m[Appium][39m Appium v1.16.0 creating new AndroidUiautomator2Driver (v1.40.0) session
[debug] [35m[BaseDriver][39m W3C capabilities and MJSONWP desired capabilities were provided
[debug] [35m[BaseDriver][39m Creating session with W3C capabilities: {
[debug] [35m[BaseDriver][39m   "alwaysMatch": {
[debug] [35m[BaseDriver][39m     "appium:platform": "ANDROID",
[debug] [35m[BaseDriver][39m     "platformName": "android",
[debug] [35m[BaseDriver][39m     "appium:app": "C:\\Users\\Faldi\\Downloads\\app-debug.apk",
[debug] [35m[BaseDriver][39m     "appium:autoGrantPermissions": true,
[debug] [35m[BaseDriver][39m     "appium:automationName": "uiautomator2",
[debug] [35m[BaseDriver][39m     "appium:deviceName": "Xiaomi Redmi 7A (Android 9)",
[debug] [35m[BaseDriver][39m     "appium:fullReset": false,
[debug] [35m[BaseDriver][39m     "appium:newCommandTimeout": 1800,
[debug] [35m[BaseDriver][39m     "appium:noReset": true,
[debug] [35m[BaseDriver][39m     "appium:platformVersion": "9",
[debug] [35m[BaseDriver][39m     "appium:systemPort": 60018,
[debug] [35m[BaseDriver][39m     "appium:udid": "c693666b0006"
[debug] [35m[BaseDriver][39m   },
[debug] [35m[BaseDriver][39m   "firstMatch": [
[debug] [35m[BaseDriver][39m     {}
[debug] [35m[BaseDriver][39m   ]
[debug] [35m[BaseDriver][39m }
[35m[BaseDriver][39m The following capabilities were provided, but are not recognized by Appium:
[35m[BaseDriver][39m   platform
[35m[BaseDriver][39m Session created with session id: e59f4471-08db-4d3b-919c-817e9120a94e
[35m[BaseDriver][39m Using local app 'C:\Users\Faldi\Downloads\app-debug.apk'
[debug] [35m[UiAutomator2][39m Checking whether app is actually present
[35m[ADB][39m Found 1 'build-tools' folders under 'C:\Users\Faldi\.katalon\tools\android_sdk' (newest first):
[35m[ADB][39m     C:/Users/Faldi/.katalon/tools/android_sdk/build-tools/29.0.3
[35m[ADB][39m Using 'adb.exe' from 'C:\Users\Faldi\.katalon\tools\android_sdk\platform-tools\adb.exe'
[35m[AndroidDriver][39m Retrieving device list
[debug] [35m[ADB][39m Trying to find a connected android device
[debug] [35m[ADB][39m Getting connected devices...
[debug] [35m[ADB][39m Connected devices: [{"udid":"c693666b0006","state":"device"}]
[35m[AndroidDriver][39m Using device: c693666b0006
[35m[ADB][39m Using 'adb.exe' from 'C:\Users\Faldi\.katalon\tools\android_sdk\platform-tools\adb.exe'
[debug] [35m[ADB][39m Setting device id to c693666b0006
[debug] [35m[ADB][39m Running 'C:\Users\Faldi\.katalon\tools\android_sdk\platform-tools\adb.exe -P 5037 -s c693666b0006 shell getprop ro.build.version.sdk'
[debug] [35m[ADB][39m Current device property 'ro.build.version.sdk': 28
[debug] [35m[ADB][39m Running 'C:\Users\Faldi\.katalon\tools\android_sdk\platform-tools\adb.exe -P 5037 -s c693666b0006 shell getprop ro.build.version.release'
[debug] [35m[ADB][39m Current device property 'ro.build.version.release': 9
[debug] [35m[ADB][39m Device API level: 28
[35m[UiAutomator2][39m Relaxing hidden api policy
[debug] [35m[ADB][39m Running 'C:\Users\Faldi\.katalon\tools\android_sdk\platform-tools\adb.exe -P 5037 -s c693666b0006 shell settings put global hidden_api_policy_pre_p_apps 1'
[debug] [35m[UiAutomator2][39m Deleting UiAutomator2 session
[debug] [35m[ADB][39m Removing forwarded port socket connection: 60018 
[debug] [35m[ADB][39m Running 'C:\Users\Faldi\.katalon\tools\android_sdk\platform-tools\adb.exe -P 5037 -s c693666b0006 forward --remove tcp\:60018'
[35m[UiAutomator2][39m Unable to remove port forward: Error executing adbExec. Original error: 'Command 'C:\\Users\\Faldi\\.katalon\\tools\\android_sdk\\platform-tools\\adb.exe -P 5037 -s c693666b0006 forward --remove tcp\:60018' exited with code 1'; Stderr: 'adb.exe: error: listener 'tcp:60018' not found'; Code: '1'
[35m[UiAutomator2][39m Restoring hidden api policy to the device default configuration
[debug] [35m[ADB][39m Running 'C:\Users\Faldi\.katalon\tools\android_sdk\platform-tools\adb.exe -P 5037 -s c693666b0006 shell settings delete global hidden_api_policy_pre_p_apps'
[debug] [35m[BaseDriver][39m Event 'newSessionStarted' logged at 1583924514274 (18:01:54 GMT+0700 (Western Indonesia Time))
[debug] [35m[W3C][39m Encountered internal error running command: Error executing adbExec. Original error: 'Command 'C:\\Users\\Faldi\\.katalon\\tools\\android_sdk\\platform-tools\\adb.exe -P 5037 -s c693666b0006 shell settings delete global hidden_api_policy_pre_p_apps' exited with code 255'; Stderr: 'Security exception: Permission denial: writing to settings requires:android.permission.WRITE_SECURE_SETTINGS
[debug] [35m[W3C][39m 
[debug] [35m[W3C][39m java.lang.SecurityException: Permission denial: writing to settings requires:android.permission.WRITE_SECURE_SETTINGS
[debug] [35m[W3C][39m 	at com.android.providers.settings.SettingsProvider.enforceWritePermission(SettingsProvider.java:1815)
[debug] [35m[W3C][39m 	at com.android.providers.settings.SettingsProvider.mutateGlobalSetting(SettingsProvider.java:1023)
[debug] [35m[W3C][39m 	at com.android.providers.settings.SettingsProvider.deleteGlobalSetting(SettingsProvider.java:1006)
[debug] [35m[W3C][39m 	at com.android.providers.settings.SettingsProvider.delete(SettingsProvider.java:592)
[debug] [35m[W3C][39m 	at android.content.ContentProvider$Transport.delete(ContentProvider.java:344)
[debug] [35m[W3C][39m 	at com.android.providers.settings.SettingsService$MyShellCommand.deleteForUser(SettingsService.java:406)
[debug] [35m[W3C][39m 	at com.android.providers.settings.SettingsService$MyShellCommand.onCommand(SettingsService.java:289)
[debug] [35m[W3C][39m 	at android.os.ShellCommand.exec(ShellCommand.java:103)
[debug] [35m[W3C][39m 	at com.android.providers.settings.SettingsService.onShellCommand(SettingsService.java:51)
[debug] [35m[W3C][39m 	at android.os.Binder.shellCommand(Binder.java:629)
[debug] [35m[W3C][39m 	at android.os.Binder.onTransact(Binder.java:527)
[debug] [35m[W3C][39m 	at android.os.Binder.execTransact(Binder.java:726)'; Code: '255'
[debug] [35m[W3C][39m Error: Command 'C:\\Users\\Faldi\\.katalon\\tools\\android_sdk\\platform-tools\\adb.exe -P 5037 -s c693666b0006 shell settings delete global hidden_api_policy_pre_p_apps' exited with code 255
[debug] [35m[W3C][39m     at ChildProcess.<anonymous> (C:\Users\Faldi\AppData\Roaming\npm\node_modules\appium\node_modules\teen_process\lib\exec.js:113:19)
[debug] [35m[W3C][39m     at ChildProcess.emit (events.js:223:5)
[debug] [35m[W3C][39m     at maybeClose (internal/child_process.js:1021:16)
[debug] [35m[W3C][39m     at Process.ChildProcess._handle.onexit (internal/child_process.js:283:5)
[35m[HTTP][39m [37m<-- POST /wd/hub/session [39m[31m500[39m [90m1030 ms - 3609[39m
[35m[HTTP][39m [90m[39m
