<?xml version="1.0" encoding="UTF-8" standalone="no"?>
<!DOCTYPE log SYSTEM "logger.dtd">
<log>
<record>
  <date>2020-04-06T12:34:03</date>
  <millis>1586151243786</millis>
  <sequence>0</sequence>
  <level>START</level>
  <class>com.kms.katalon.core.logging.XmlKeywordLogger</class>
  <method>startSuite</method>
  <thread>1</thread>
  <message>Start Test Suite : Test Suites/Web RoomMe.id/Customer Access Our Terms Page</message>
  <nestedLevel>0</nestedLevel>
  <property name="name">Customer Access Our Terms Page</property>
  <property name="description"></property>
  <property name="id">Test Suites/Web RoomMe.id/Customer Access Our Terms Page</property>
</record>
<record>
  <date>2020-04-06T12:34:03</date>
  <millis>1586151243805</millis>
  <sequence>1</sequence>
  <level>RUN_DATA</level>
  <class>com.kms.katalon.core.logging.XmlKeywordLogger</class>
  <method>logMessage</method>
  <thread>1</thread>
  <message>hostName = LENNONOVO$ - LENNONOVO</message>
  <nestedLevel>0</nestedLevel>
  <property name="hostName">LENNONOVO$ - LENNONOVO</property>
</record>
<record>
  <date>2020-04-06T12:34:03</date>
  <millis>1586151243806</millis>
  <sequence>2</sequence>
  <level>RUN_DATA</level>
  <class>com.kms.katalon.core.logging.XmlKeywordLogger</class>
  <method>logMessage</method>
  <thread>1</thread>
  <message>os = Windows 10 64bit</message>
  <nestedLevel>0</nestedLevel>
  <property name="os">Windows 10 64bit</property>
</record>
<record>
  <date>2020-04-06T12:34:03</date>
  <millis>1586151243806</millis>
  <sequence>3</sequence>
  <level>RUN_DATA</level>
  <class>com.kms.katalon.core.logging.XmlKeywordLogger</class>
  <method>logMessage</method>
  <thread>1</thread>
  <message>hostAddress = 192.168.1.15</message>
  <nestedLevel>0</nestedLevel>
  <property name="hostAddress">192.168.1.15</property>
</record>
<record>
  <date>2020-04-06T12:34:03</date>
  <millis>1586151243807</millis>
  <sequence>4</sequence>
  <level>RUN_DATA</level>
  <class>com.kms.katalon.core.logging.XmlKeywordLogger</class>
  <method>logMessage</method>
  <thread>1</thread>
  <message>katalonVersion = 6.3.3.11</message>
  <nestedLevel>0</nestedLevel>
  <property name="katalonVersion">6.3.3.11</property>
</record>
<record>
  <date>2020-04-06T12:34:04</date>
  <millis>1586151244072</millis>
  <sequence>5</sequence>
  <level>START</level>
  <class>com.kms.katalon.core.logging.XmlKeywordLogger</class>
  <method>startTest</method>
  <thread>1</thread>
  <message>Start Test Case : Test Cases/Web RoomMe.id/4. Our Terms/Customer Access FAQ (Booking) Page</message>
  <nestedLevel>1</nestedLevel>
  <property name="name">Test Cases/Web RoomMe.id/4. Our Terms/Customer Access FAQ (Booking) Page</property>
  <property name="description"></property>
  <property name="id">Test Cases/Web RoomMe.id/4. Our Terms/Customer Access FAQ (Booking) Page</property>
  <property name="source">C:\\Users\\Faldi\\Katalon Studio\\katalonroomme-master\\Test Cases\\Web RoomMe.id\\4. Our Terms\\Customer Access FAQ (Booking) Page.tc</property>
  <property name="tag">faq</property>
  <property name="isOptional">false</property>
</record>
<record>
  <date>2020-04-06T12:34:04</date>
  <millis>1586151244721</millis>
  <sequence>7</sequence>
  <level>START</level>
  <class>com.kms.katalon.core.logging.XmlKeywordLogger</class>
  <method>startKeyword</method>
  <thread>1</thread>
  <message>Start action : callTestCase(findTestCase(\&amp;quot;Web RoomMe.id/1. Homepage/1. Customer Access RoomMe Page\&amp;quot;), [:], STOP_ON_FAILURE)</message>
  <nestedLevel>1</nestedLevel>
  <property name="startLine">18</property>
  <property name="stepIndex">1</property>
</record>
<record>
  <date>2020-04-06T12:34:04</date>
  <millis>1586151244858</millis>
  <sequence>10</sequence>
  <level>START</level>
  <class>com.kms.katalon.core.logging.XmlKeywordLogger</class>
  <method>startTest</method>
  <thread>1</thread>
  <message>Start Test Case : Test Cases/Web RoomMe.id/1. Homepage/1. Customer Access RoomMe Page</message>
  <nestedLevel>2</nestedLevel>
  <property name="name">Test Cases/Web RoomMe.id/1. Homepage/1. Customer Access RoomMe Page</property>
  <property name="description"></property>
  <property name="id">Test Cases/Web RoomMe.id/1. Homepage/1. Customer Access RoomMe Page</property>
  <property name="source">C:\\Users\\Faldi\\Katalon Studio\\katalonroomme-master\\Test Cases\\Web RoomMe.id\\1. Homepage\\1. Customer Access RoomMe Page.tc</property>
  <property name="tag">base</property>
  <property name="isOptional">false</property>
</record>
<record>
  <date>2020-04-06T12:34:05</date>
  <millis>1586151245106</millis>
  <sequence>12</sequence>
  <level>START</level>
  <class>com.kms.katalon.core.logging.XmlKeywordLogger</class>
  <method>startKeyword</method>
  <thread>1</thread>
  <message>Start action : openBrowser(\&amp;quot;https://roomme.id/\&amp;quot;)</message>
  <nestedLevel>1</nestedLevel>
  <property name="startLine">18</property>
  <property name="stepIndex">1</property>
</record>
<record>
  <date>2020-04-06T12:34:05</date>
  <millis>1586151245286</millis>
  <sequence>14</sequence>
  <level>INFO</level>
  <class>com.kms.katalon.core.logging.XmlKeywordLogger</class>
  <method>logMessage</method>
  <thread>1</thread>
  <message>Starting &amp;apos;Chrome&amp;apos; driver</message>
  <nestedLevel>2</nestedLevel>
</record>
<record>
  <date>2020-04-06T12:34:05</date>
  <millis>1586151245338</millis>
  <sequence>16</sequence>
  <level>INFO</level>
  <class>com.kms.katalon.core.logging.XmlKeywordLogger</class>
  <method>logMessage</method>
  <thread>1</thread>
  <message>Action delay is set to 0 seconds</message>
  <nestedLevel>2</nestedLevel>
</record>
<record>
  <date>2020-04-06T12:34:13</date>
  <millis>1586151253147</millis>
  <sequence>18</sequence>
  <level>RUN_DATA</level>
  <class>com.kms.katalon.core.logging.XmlKeywordLogger</class>
  <method>logMessage</method>
  <thread>1</thread>
  <message>sessionId = 828bc4067bdac54df5ea9c7f776a9859</message>
  <nestedLevel>2</nestedLevel>
  <property name="sessionId">828bc4067bdac54df5ea9c7f776a9859</property>
</record>
<record>
  <date>2020-04-06T12:34:15</date>
  <millis>1586151255522</millis>
  <sequence>19</sequence>
  <level>RUN_DATA</level>
  <class>com.kms.katalon.core.logging.XmlKeywordLogger</class>
  <method>logMessage</method>
  <thread>1</thread>
  <message>browser = Chrome 80.0.3987.149</message>
  <nestedLevel>2</nestedLevel>
  <property name="browser">Chrome 80.0.3987.149</property>
</record>
<record>
  <date>2020-04-06T12:34:15</date>
  <millis>1586151255523</millis>
  <sequence>20</sequence>
  <level>RUN_DATA</level>
  <class>com.kms.katalon.core.logging.XmlKeywordLogger</class>
  <method>logMessage</method>
  <thread>1</thread>
  <message>platform = Windows 10</message>
  <nestedLevel>2</nestedLevel>
  <property name="platform">Windows 10</property>
</record>
<record>
  <date>2020-04-06T12:34:15</date>
  <millis>1586151255524</millis>
  <sequence>21</sequence>
  <level>RUN_DATA</level>
  <class>com.kms.katalon.core.logging.XmlKeywordLogger</class>
  <method>logMessage</method>
  <thread>1</thread>
  <message>seleniumVersion = 3.141.59</message>
  <nestedLevel>2</nestedLevel>
  <property name="seleniumVersion">3.141.59</property>
</record>
<record>
  <date>2020-04-06T12:34:15</date>
  <millis>1586151255525</millis>
  <sequence>22</sequence>
  <level>RUN_DATA</level>
  <class>com.kms.katalon.core.logging.XmlKeywordLogger</class>
  <method>logMessage</method>
  <thread>1</thread>
  <message>proxyInformation = ProxyInformation{proxyOption=NO_PROXY, proxyServerType=HTTP, password=, proxyServerAddress=, proxyServerPort=0}</message>
  <nestedLevel>2</nestedLevel>
  <property name="proxyInformation">ProxyInformation{proxyOption=NO_PROXY, proxyServerType=HTTP, password=, proxyServerAddress=, proxyServerPort=0}</property>
</record>
<record>
  <date>2020-04-06T12:34:39</date>
  <millis>1586151279996</millis>
  <sequence>24</sequence>
  <level>PASSED</level>
  <class>com.kms.katalon.core.logging.XmlKeywordLogger</class>
  <method>logMessage</method>
  <thread>1</thread>
  <message>Browser is opened with url: &amp;apos;https://roomme.id/&amp;apos;</message>
  <nestedLevel>2</nestedLevel>
</record>
<record>
  <date>2020-04-06T12:34:39</date>
  <millis>1586151279998</millis>
  <sequence>25</sequence>
  <level>END</level>
  <class>com.kms.katalon.core.logging.XmlKeywordLogger</class>
  <method>endKeyword</method>
  <thread>1</thread>
  <message>End action : openBrowser(\&amp;quot;https://roomme.id/\&amp;quot;)</message>
  <nestedLevel>1</nestedLevel>
</record>
<record>
  <date>2020-04-06T12:34:39</date>
  <millis>1586151279998</millis>
  <sequence>26</sequence>
  <level>START</level>
  <class>com.kms.katalon.core.logging.XmlKeywordLogger</class>
  <method>startKeyword</method>
  <thread>1</thread>
  <message>Start action : maximizeWindow()</message>
  <nestedLevel>1</nestedLevel>
  <property name="startLine">21</property>
  <property name="stepIndex">2</property>
</record>
<record>
  <date>2020-04-06T12:34:47</date>
  <millis>1586151287123</millis>
  <sequence>28</sequence>
  <level>PASSED</level>
  <class>com.kms.katalon.core.logging.XmlKeywordLogger</class>
  <method>logMessage</method>
  <thread>1</thread>
  <message>Current window maximized</message>
  <nestedLevel>2</nestedLevel>
</record>
<record>
  <date>2020-04-06T12:34:47</date>
  <millis>1586151287124</millis>
  <sequence>29</sequence>
  <level>END</level>
  <class>com.kms.katalon.core.logging.XmlKeywordLogger</class>
  <method>endKeyword</method>
  <thread>1</thread>
  <message>End action : maximizeWindow()</message>
  <nestedLevel>1</nestedLevel>
</record>
<record>
  <date>2020-04-06T12:34:47</date>
  <millis>1586151287124</millis>
  <sequence>30</sequence>
  <level>START</level>
  <class>com.kms.katalon.core.logging.XmlKeywordLogger</class>
  <method>startKeyword</method>
  <thread>1</thread>
  <message>Start action : waitForPageLoad(0)</message>
  <nestedLevel>1</nestedLevel>
  <property name="startLine">23</property>
  <property name="stepIndex">3</property>
</record>
<record>
  <date>2020-04-06T12:34:47</date>
  <millis>1586151287175</millis>
  <sequence>32</sequence>
  <level>WARNING</level>
  <class>com.kms.katalon.core.logging.XmlKeywordLogger</class>
  <method>logMessage</method>
  <thread>1</thread>
  <message>Timeout &amp;apos;0&amp;apos; is invalid. Using default page load timeout: &amp;apos;30&amp;apos;</message>
  <nestedLevel>2</nestedLevel>
</record>
<record>
  <date>2020-04-06T12:34:50</date>
  <millis>1586151290278</millis>
  <sequence>33</sequence>
  <level>PASSED</level>
  <class>com.kms.katalon.core.logging.XmlKeywordLogger</class>
  <method>logMessage</method>
  <thread>1</thread>
  <message>Wait for page load successfully</message>
  <nestedLevel>2</nestedLevel>
</record>
<record>
  <date>2020-04-06T12:34:50</date>
  <millis>1586151290280</millis>
  <sequence>34</sequence>
  <level>END</level>
  <class>com.kms.katalon.core.logging.XmlKeywordLogger</class>
  <method>endKeyword</method>
  <thread>1</thread>
  <message>End action : waitForPageLoad(0)</message>
  <nestedLevel>1</nestedLevel>
</record>
<record>
  <date>2020-04-06T12:34:50</date>
  <millis>1586151290280</millis>
  <sequence>35</sequence>
  <level>PASSED</level>
  <class>com.kms.katalon.core.logging.XmlKeywordLogger</class>
  <method>logMessage</method>
  <thread>1</thread>
  <message>Test Cases/Web RoomMe.id/1. Homepage/1. Customer Access RoomMe Page</message>
  <nestedLevel>2</nestedLevel>
</record>
<record>
  <date>2020-04-06T12:34:50</date>
  <millis>1586151290283</millis>
  <sequence>36</sequence>
  <level>END</level>
  <class>com.kms.katalon.core.logging.XmlKeywordLogger</class>
  <method>endTest</method>
  <thread>1</thread>
  <message>End Test Case : Test Cases/Web RoomMe.id/1. Homepage/1. Customer Access RoomMe Page</message>
  <nestedLevel>1</nestedLevel>
</record>
<record>
  <date>2020-04-06T12:34:50</date>
  <millis>1586151290293</millis>
  <sequence>37</sequence>
  <level>PASSED</level>
  <class>com.kms.katalon.core.logging.XmlKeywordLogger</class>
  <method>logMessage</method>
  <thread>1</thread>
  <message>Call Test Case &amp;apos;Test Cases/Web RoomMe.id/1. Homepage/1. Customer Access RoomMe Page&amp;apos; successfully</message>
  <nestedLevel>1</nestedLevel>
</record>
<record>
  <date>2020-04-06T12:34:50</date>
  <millis>1586151290294</millis>
  <sequence>38</sequence>
  <level>END</level>
  <class>com.kms.katalon.core.logging.XmlKeywordLogger</class>
  <method>endKeyword</method>
  <thread>1</thread>
  <message>End action : callTestCase(findTestCase(\&amp;quot;Web RoomMe.id/1. Homepage/1. Customer Access RoomMe Page\&amp;quot;), [:], STOP_ON_FAILURE)</message>
  <nestedLevel>1</nestedLevel>
</record>
<record>
  <date>2020-04-06T12:34:50</date>
  <millis>1586151290294</millis>
  <sequence>39</sequence>
  <level>START</level>
  <class>com.kms.katalon.core.logging.XmlKeywordLogger</class>
  <method>startKeyword</method>
  <thread>1</thread>
  <message>Start action : click(findTestObject(\&amp;quot;Web RoomMe.id/RoomMe.id Footer/Button FAQ\&amp;quot;))</message>
  <nestedLevel>1</nestedLevel>
  <property name="startLine">20</property>
  <property name="stepIndex">2</property>
</record>
<record>
  <date>2020-04-06T12:35:26</date>
  <millis>1586151326121</millis>
  <sequence>46</sequence>
  <level>PASSED</level>
  <class>com.kms.katalon.core.logging.XmlKeywordLogger</class>
  <method>logMessage</method>
  <thread>1</thread>
  <message>Object: &amp;apos;Object Repository/Web RoomMe.id/RoomMe.id Footer/Button FAQ&amp;apos; is clicked on</message>
  <nestedLevel>1</nestedLevel>
</record>
<record>
  <date>2020-04-06T12:35:26</date>
  <millis>1586151326122</millis>
  <sequence>47</sequence>
  <level>END</level>
  <class>com.kms.katalon.core.logging.XmlKeywordLogger</class>
  <method>endKeyword</method>
  <thread>1</thread>
  <message>End action : click(findTestObject(\&amp;quot;Web RoomMe.id/RoomMe.id Footer/Button FAQ\&amp;quot;))</message>
  <nestedLevel>1</nestedLevel>
</record>
<record>
  <date>2020-04-06T12:35:26</date>
  <millis>1586151326122</millis>
  <sequence>48</sequence>
  <level>START</level>
  <class>com.kms.katalon.core.logging.XmlKeywordLogger</class>
  <method>startKeyword</method>
  <thread>1</thread>
  <message>Start action : callTestCase(findTestCase(\&amp;quot;Web RoomMe.id/1. Homepage/2. Verify Header RoomMe.id\&amp;quot;), [:], STOP_ON_FAILURE)</message>
  <nestedLevel>1</nestedLevel>
  <property name="startLine">22</property>
  <property name="stepIndex">3</property>
</record>
<record>
  <date>2020-04-06T12:35:26</date>
  <millis>1586151326124</millis>
  <sequence>49</sequence>
  <level>NOT_RUN</level>
  <class>com.kms.katalon.core.logging.XmlKeywordLogger</class>
  <method>logMessage</method>
  <thread>1</thread>
  <message>NOT_RUN: callTestCase(findTestCase(\&amp;quot;Web RoomMe.id/1. Homepage/2. Verify Header RoomMe.id\&amp;quot;), [:], STOP_ON_FAILURE)</message>
  <nestedLevel>1</nestedLevel>
</record>
<record>
  <date>2020-04-06T12:35:26</date>
  <millis>1586151326125</millis>
  <sequence>50</sequence>
  <level>END</level>
  <class>com.kms.katalon.core.logging.XmlKeywordLogger</class>
  <method>endKeyword</method>
  <thread>1</thread>
  <message>End action : callTestCase(findTestCase(\&amp;quot;Web RoomMe.id/1. Homepage/2. Verify Header RoomMe.id\&amp;quot;), [:], STOP_ON_FAILURE)</message>
  <nestedLevel>1</nestedLevel>
</record>
<record>
  <date>2020-04-06T12:35:26</date>
  <millis>1586151326126</millis>
  <sequence>51</sequence>
  <level>START</level>
  <class>com.kms.katalon.core.logging.XmlKeywordLogger</class>
  <method>startKeyword</method>
  <thread>1</thread>
  <message>Start action : waitForElementVisible(findTestObject(\&amp;quot;Web RoomMe.id/RoomMe.id FAQ Page/Button FAQs\&amp;quot;), 60)</message>
  <nestedLevel>1</nestedLevel>
  <property name="startLine">24</property>
  <property name="stepIndex">4</property>
</record>
<record>
  <date>2020-04-06T12:35:33</date>
  <millis>1586151333997</millis>
  <sequence>58</sequence>
  <level>PASSED</level>
  <class>com.kms.katalon.core.logging.XmlKeywordLogger</class>
  <method>logMessage</method>
  <thread>1</thread>
  <message>Object &amp;apos;Object Repository/Web RoomMe.id/RoomMe.id FAQ Page/Button FAQs&amp;apos; is visible</message>
  <nestedLevel>1</nestedLevel>
</record>
<record>
  <date>2020-04-06T12:35:33</date>
  <millis>1586151333997</millis>
  <sequence>59</sequence>
  <level>END</level>
  <class>com.kms.katalon.core.logging.XmlKeywordLogger</class>
  <method>endKeyword</method>
  <thread>1</thread>
  <message>End action : waitForElementVisible(findTestObject(\&amp;quot;Web RoomMe.id/RoomMe.id FAQ Page/Button FAQs\&amp;quot;), 60)</message>
  <nestedLevel>1</nestedLevel>
</record>
<record>
  <date>2020-04-06T12:35:33</date>
  <millis>1586151333997</millis>
  <sequence>60</sequence>
  <level>START</level>
  <class>com.kms.katalon.core.logging.XmlKeywordLogger</class>
  <method>startKeyword</method>
  <thread>1</thread>
  <message>Start action : waitForElementVisible(findTestObject(\&amp;quot;Web RoomMe.id/RoomMe.id FAQ Page/Button Terms  Conditions\&amp;quot;), 60)</message>
  <nestedLevel>1</nestedLevel>
  <property name="startLine">26</property>
  <property name="stepIndex">5</property>
</record>
<record>
  <date>2020-04-06T12:35:41</date>
  <millis>1586151341029</millis>
  <sequence>67</sequence>
  <level>PASSED</level>
  <class>com.kms.katalon.core.logging.XmlKeywordLogger</class>
  <method>logMessage</method>
  <thread>1</thread>
  <message>Object &amp;apos;Object Repository/Web RoomMe.id/RoomMe.id FAQ Page/Button Terms  Conditions&amp;apos; is visible</message>
  <nestedLevel>1</nestedLevel>
</record>
<record>
  <date>2020-04-06T12:35:41</date>
  <millis>1586151341031</millis>
  <sequence>68</sequence>
  <level>END</level>
  <class>com.kms.katalon.core.logging.XmlKeywordLogger</class>
  <method>endKeyword</method>
  <thread>1</thread>
  <message>End action : waitForElementVisible(findTestObject(\&amp;quot;Web RoomMe.id/RoomMe.id FAQ Page/Button Terms  Conditions\&amp;quot;), 60)</message>
  <nestedLevel>1</nestedLevel>
</record>
<record>
  <date>2020-04-06T12:35:41</date>
  <millis>1586151341032</millis>
  <sequence>69</sequence>
  <level>START</level>
  <class>com.kms.katalon.core.logging.XmlKeywordLogger</class>
  <method>startKeyword</method>
  <thread>1</thread>
  <message>Start action : waitForElementVisible(findTestObject(\&amp;quot;Web RoomMe.id/RoomMe.id FAQ Page/Button Terms of Use\&amp;quot;), 60)</message>
  <nestedLevel>1</nestedLevel>
  <property name="startLine">28</property>
  <property name="stepIndex">6</property>
</record>
<record>
  <date>2020-04-06T12:35:42</date>
  <millis>1586151342623</millis>
  <sequence>76</sequence>
  <level>PASSED</level>
  <class>com.kms.katalon.core.logging.XmlKeywordLogger</class>
  <method>logMessage</method>
  <thread>1</thread>
  <message>Object &amp;apos;Object Repository/Web RoomMe.id/RoomMe.id FAQ Page/Button Terms of Use&amp;apos; is visible</message>
  <nestedLevel>1</nestedLevel>
</record>
<record>
  <date>2020-04-06T12:35:42</date>
  <millis>1586151342624</millis>
  <sequence>77</sequence>
  <level>END</level>
  <class>com.kms.katalon.core.logging.XmlKeywordLogger</class>
  <method>endKeyword</method>
  <thread>1</thread>
  <message>End action : waitForElementVisible(findTestObject(\&amp;quot;Web RoomMe.id/RoomMe.id FAQ Page/Button Terms of Use\&amp;quot;), 60)</message>
  <nestedLevel>1</nestedLevel>
</record>
<record>
  <date>2020-04-06T12:35:42</date>
  <millis>1586151342624</millis>
  <sequence>78</sequence>
  <level>START</level>
  <class>com.kms.katalon.core.logging.XmlKeywordLogger</class>
  <method>startKeyword</method>
  <thread>1</thread>
  <message>Start action : waitForElementVisible(findTestObject(\&amp;quot;Web RoomMe.id/RoomMe.id FAQ Page/Button Disclaimer\&amp;quot;), 60)</message>
  <nestedLevel>1</nestedLevel>
  <property name="startLine">30</property>
  <property name="stepIndex">7</property>
</record>
<record>
  <date>2020-04-06T12:35:42</date>
  <millis>1586151342757</millis>
  <sequence>85</sequence>
  <level>PASSED</level>
  <class>com.kms.katalon.core.logging.XmlKeywordLogger</class>
  <method>logMessage</method>
  <thread>1</thread>
  <message>Object &amp;apos;Object Repository/Web RoomMe.id/RoomMe.id FAQ Page/Button Disclaimer&amp;apos; is visible</message>
  <nestedLevel>1</nestedLevel>
</record>
<record>
  <date>2020-04-06T12:35:42</date>
  <millis>1586151342758</millis>
  <sequence>86</sequence>
  <level>END</level>
  <class>com.kms.katalon.core.logging.XmlKeywordLogger</class>
  <method>endKeyword</method>
  <thread>1</thread>
  <message>End action : waitForElementVisible(findTestObject(\&amp;quot;Web RoomMe.id/RoomMe.id FAQ Page/Button Disclaimer\&amp;quot;), 60)</message>
  <nestedLevel>1</nestedLevel>
</record>
<record>
  <date>2020-04-06T12:35:42</date>
  <millis>1586151342758</millis>
  <sequence>87</sequence>
  <level>START</level>
  <class>com.kms.katalon.core.logging.XmlKeywordLogger</class>
  <method>startKeyword</method>
  <thread>1</thread>
  <message>Start action : waitForElementVisible(findTestObject(\&amp;quot;Web RoomMe.id/RoomMe.id FAQ Page/Button Privacy Policy\&amp;quot;), 60)</message>
  <nestedLevel>1</nestedLevel>
  <property name="startLine">32</property>
  <property name="stepIndex">8</property>
</record>
<record>
  <date>2020-04-06T12:35:42</date>
  <millis>1586151342869</millis>
  <sequence>94</sequence>
  <level>PASSED</level>
  <class>com.kms.katalon.core.logging.XmlKeywordLogger</class>
  <method>logMessage</method>
  <thread>1</thread>
  <message>Object &amp;apos;Object Repository/Web RoomMe.id/RoomMe.id FAQ Page/Button Privacy Policy&amp;apos; is visible</message>
  <nestedLevel>1</nestedLevel>
</record>
<record>
  <date>2020-04-06T12:35:42</date>
  <millis>1586151342870</millis>
  <sequence>95</sequence>
  <level>END</level>
  <class>com.kms.katalon.core.logging.XmlKeywordLogger</class>
  <method>endKeyword</method>
  <thread>1</thread>
  <message>End action : waitForElementVisible(findTestObject(\&amp;quot;Web RoomMe.id/RoomMe.id FAQ Page/Button Privacy Policy\&amp;quot;), 60)</message>
  <nestedLevel>1</nestedLevel>
</record>
<record>
  <date>2020-04-06T12:35:42</date>
  <millis>1586151342870</millis>
  <sequence>96</sequence>
  <level>START</level>
  <class>com.kms.katalon.core.logging.XmlKeywordLogger</class>
  <method>startKeyword</method>
  <thread>1</thread>
  <message>Start action : waitForElementVisible(findTestObject(\&amp;quot;Web RoomMe.id/RoomMe.id FAQ Page/Button Booking\&amp;quot;), 60)</message>
  <nestedLevel>1</nestedLevel>
  <property name="startLine">34</property>
  <property name="stepIndex">9</property>
</record>
<record>
  <date>2020-04-06T12:35:42</date>
  <millis>1586151342988</millis>
  <sequence>103</sequence>
  <level>PASSED</level>
  <class>com.kms.katalon.core.logging.XmlKeywordLogger</class>
  <method>logMessage</method>
  <thread>1</thread>
  <message>Object &amp;apos;Object Repository/Web RoomMe.id/RoomMe.id FAQ Page/Button Booking&amp;apos; is visible</message>
  <nestedLevel>1</nestedLevel>
</record>
<record>
  <date>2020-04-06T12:35:42</date>
  <millis>1586151342989</millis>
  <sequence>104</sequence>
  <level>END</level>
  <class>com.kms.katalon.core.logging.XmlKeywordLogger</class>
  <method>endKeyword</method>
  <thread>1</thread>
  <message>End action : waitForElementVisible(findTestObject(\&amp;quot;Web RoomMe.id/RoomMe.id FAQ Page/Button Booking\&amp;quot;), 60)</message>
  <nestedLevel>1</nestedLevel>
</record>
<record>
  <date>2020-04-06T12:35:42</date>
  <millis>1586151342989</millis>
  <sequence>105</sequence>
  <level>START</level>
  <class>com.kms.katalon.core.logging.XmlKeywordLogger</class>
  <method>startKeyword</method>
  <thread>1</thread>
  <message>Start action : waitForElementVisible(findTestObject(\&amp;quot;Web RoomMe.id/RoomMe.id FAQ Page/Button Payment\&amp;quot;), 60)</message>
  <nestedLevel>1</nestedLevel>
  <property name="startLine">36</property>
  <property name="stepIndex">10</property>
</record>
<record>
  <date>2020-04-06T12:35:43</date>
  <millis>1586151343104</millis>
  <sequence>112</sequence>
  <level>PASSED</level>
  <class>com.kms.katalon.core.logging.XmlKeywordLogger</class>
  <method>logMessage</method>
  <thread>1</thread>
  <message>Object &amp;apos;Object Repository/Web RoomMe.id/RoomMe.id FAQ Page/Button Payment&amp;apos; is visible</message>
  <nestedLevel>1</nestedLevel>
</record>
<record>
  <date>2020-04-06T12:35:43</date>
  <millis>1586151343105</millis>
  <sequence>113</sequence>
  <level>END</level>
  <class>com.kms.katalon.core.logging.XmlKeywordLogger</class>
  <method>endKeyword</method>
  <thread>1</thread>
  <message>End action : waitForElementVisible(findTestObject(\&amp;quot;Web RoomMe.id/RoomMe.id FAQ Page/Button Payment\&amp;quot;), 60)</message>
  <nestedLevel>1</nestedLevel>
</record>
<record>
  <date>2020-04-06T12:35:43</date>
  <millis>1586151343105</millis>
  <sequence>114</sequence>
  <level>START</level>
  <class>com.kms.katalon.core.logging.XmlKeywordLogger</class>
  <method>startKeyword</method>
  <thread>1</thread>
  <message>Start action : waitForElementVisible(findTestObject(\&amp;quot;Web RoomMe.id/RoomMe.id FAQ Page/Button Q1\&amp;quot;), 60)</message>
  <nestedLevel>1</nestedLevel>
  <property name="startLine">38</property>
  <property name="stepIndex">11</property>
</record>
<record>
  <date>2020-04-06T12:35:43</date>
  <millis>1586151343213</millis>
  <sequence>121</sequence>
  <level>PASSED</level>
  <class>com.kms.katalon.core.logging.XmlKeywordLogger</class>
  <method>logMessage</method>
  <thread>1</thread>
  <message>Object &amp;apos;Object Repository/Web RoomMe.id/RoomMe.id FAQ Page/Button Q1&amp;apos; is visible</message>
  <nestedLevel>1</nestedLevel>
</record>
<record>
  <date>2020-04-06T12:35:43</date>
  <millis>1586151343213</millis>
  <sequence>122</sequence>
  <level>END</level>
  <class>com.kms.katalon.core.logging.XmlKeywordLogger</class>
  <method>endKeyword</method>
  <thread>1</thread>
  <message>End action : waitForElementVisible(findTestObject(\&amp;quot;Web RoomMe.id/RoomMe.id FAQ Page/Button Q1\&amp;quot;), 60)</message>
  <nestedLevel>1</nestedLevel>
</record>
<record>
  <date>2020-04-06T12:35:43</date>
  <millis>1586151343214</millis>
  <sequence>123</sequence>
  <level>START</level>
  <class>com.kms.katalon.core.logging.XmlKeywordLogger</class>
  <method>startKeyword</method>
  <thread>1</thread>
  <message>Start action : verifyElementText(findTestObject(\&amp;quot;Web RoomMe.id/RoomMe.id FAQ Page/Button Q1\&amp;quot;), \&amp;quot;Can I make a room booking at kost RoomMe ?\&amp;quot;)</message>
  <nestedLevel>1</nestedLevel>
  <property name="startLine">40</property>
  <property name="stepIndex">12</property>
</record>
<record>
  <date>2020-04-06T12:35:43</date>
  <millis>1586151343328</millis>
  <sequence>129</sequence>
  <level>PASSED</level>
  <class>com.kms.katalon.core.logging.XmlKeywordLogger</class>
  <method>logMessage</method>
  <thread>1</thread>
  <message>Actual text and expected text of test object &amp;apos;Object Repository/Web RoomMe.id/RoomMe.id FAQ Page/Button Q1&amp;apos; are matched.</message>
  <nestedLevel>1</nestedLevel>
</record>
<record>
  <date>2020-04-06T12:35:43</date>
  <millis>1586151343330</millis>
  <sequence>130</sequence>
  <level>END</level>
  <class>com.kms.katalon.core.logging.XmlKeywordLogger</class>
  <method>endKeyword</method>
  <thread>1</thread>
  <message>End action : verifyElementText(findTestObject(\&amp;quot;Web RoomMe.id/RoomMe.id FAQ Page/Button Q1\&amp;quot;), \&amp;quot;Can I make a room booking at kost RoomMe ?\&amp;quot;)</message>
  <nestedLevel>1</nestedLevel>
</record>
<record>
  <date>2020-04-06T12:35:43</date>
  <millis>1586151343330</millis>
  <sequence>131</sequence>
  <level>START</level>
  <class>com.kms.katalon.core.logging.XmlKeywordLogger</class>
  <method>startKeyword</method>
  <thread>1</thread>
  <message>Start action : waitForElementVisible(findTestObject(\&amp;quot;Web RoomMe.id/RoomMe.id FAQ Page/Text A1\&amp;quot;), 60)</message>
  <nestedLevel>1</nestedLevel>
  <property name="startLine">42</property>
  <property name="stepIndex">13</property>
</record>
<record>
  <date>2020-04-06T12:35:43</date>
  <millis>1586151343441</millis>
  <sequence>138</sequence>
  <level>PASSED</level>
  <class>com.kms.katalon.core.logging.XmlKeywordLogger</class>
  <method>logMessage</method>
  <thread>1</thread>
  <message>Object &amp;apos;Object Repository/Web RoomMe.id/RoomMe.id FAQ Page/Text A1&amp;apos; is visible</message>
  <nestedLevel>1</nestedLevel>
</record>
<record>
  <date>2020-04-06T12:35:43</date>
  <millis>1586151343442</millis>
  <sequence>139</sequence>
  <level>END</level>
  <class>com.kms.katalon.core.logging.XmlKeywordLogger</class>
  <method>endKeyword</method>
  <thread>1</thread>
  <message>End action : waitForElementVisible(findTestObject(\&amp;quot;Web RoomMe.id/RoomMe.id FAQ Page/Text A1\&amp;quot;), 60)</message>
  <nestedLevel>1</nestedLevel>
</record>
<record>
  <date>2020-04-06T12:35:43</date>
  <millis>1586151343442</millis>
  <sequence>140</sequence>
  <level>START</level>
  <class>com.kms.katalon.core.logging.XmlKeywordLogger</class>
  <method>startKeyword</method>
  <thread>1</thread>
  <message>Start action : verifyElementText(findTestObject(\&amp;quot;Web RoomMe.id/RoomMe.id FAQ Page/Text A1\&amp;quot;), \&amp;quot;Yes, you can browse through ourlisting for available rooms.\&amp;quot;)</message>
  <nestedLevel>1</nestedLevel>
  <property name="startLine">44</property>
  <property name="stepIndex">14</property>
</record>
<record>
  <date>2020-04-06T12:35:43</date>
  <millis>1586151343555</millis>
  <sequence>146</sequence>
  <level>PASSED</level>
  <class>com.kms.katalon.core.logging.XmlKeywordLogger</class>
  <method>logMessage</method>
  <thread>1</thread>
  <message>Actual text and expected text of test object &amp;apos;Object Repository/Web RoomMe.id/RoomMe.id FAQ Page/Text A1&amp;apos; are matched.</message>
  <nestedLevel>1</nestedLevel>
</record>
<record>
  <date>2020-04-06T12:35:43</date>
  <millis>1586151343556</millis>
  <sequence>147</sequence>
  <level>END</level>
  <class>com.kms.katalon.core.logging.XmlKeywordLogger</class>
  <method>endKeyword</method>
  <thread>1</thread>
  <message>End action : verifyElementText(findTestObject(\&amp;quot;Web RoomMe.id/RoomMe.id FAQ Page/Text A1\&amp;quot;), \&amp;quot;Yes, you can browse through ourlisting for available rooms.\&amp;quot;)</message>
  <nestedLevel>1</nestedLevel>
</record>
<record>
  <date>2020-04-06T12:35:43</date>
  <millis>1586151343556</millis>
  <sequence>148</sequence>
  <level>START</level>
  <class>com.kms.katalon.core.logging.XmlKeywordLogger</class>
  <method>startKeyword</method>
  <thread>1</thread>
  <message>Start action : waitForElementVisible(findTestObject(\&amp;quot;Web RoomMe.id/RoomMe.id FAQ Page/Button Q2\&amp;quot;), 60)</message>
  <nestedLevel>1</nestedLevel>
  <property name="startLine">46</property>
  <property name="stepIndex">15</property>
</record>
<record>
  <date>2020-04-06T12:35:43</date>
  <millis>1586151343682</millis>
  <sequence>155</sequence>
  <level>PASSED</level>
  <class>com.kms.katalon.core.logging.XmlKeywordLogger</class>
  <method>logMessage</method>
  <thread>1</thread>
  <message>Object &amp;apos;Object Repository/Web RoomMe.id/RoomMe.id FAQ Page/Button Q2&amp;apos; is visible</message>
  <nestedLevel>1</nestedLevel>
</record>
<record>
  <date>2020-04-06T12:35:43</date>
  <millis>1586151343682</millis>
  <sequence>156</sequence>
  <level>END</level>
  <class>com.kms.katalon.core.logging.XmlKeywordLogger</class>
  <method>endKeyword</method>
  <thread>1</thread>
  <message>End action : waitForElementVisible(findTestObject(\&amp;quot;Web RoomMe.id/RoomMe.id FAQ Page/Button Q2\&amp;quot;), 60)</message>
  <nestedLevel>1</nestedLevel>
</record>
<record>
  <date>2020-04-06T12:35:43</date>
  <millis>1586151343683</millis>
  <sequence>157</sequence>
  <level>START</level>
  <class>com.kms.katalon.core.logging.XmlKeywordLogger</class>
  <method>startKeyword</method>
  <thread>1</thread>
  <message>Start action : verifyElementText(findTestObject(\&amp;quot;Web RoomMe.id/RoomMe.id FAQ Page/Button Q2\&amp;quot;), \&amp;quot;Can I survey the place prior to making payments ?\&amp;quot;)</message>
  <nestedLevel>1</nestedLevel>
  <property name="startLine">48</property>
  <property name="stepIndex">16</property>
</record>
<record>
  <date>2020-04-06T12:35:43</date>
  <millis>1586151343794</millis>
  <sequence>163</sequence>
  <level>PASSED</level>
  <class>com.kms.katalon.core.logging.XmlKeywordLogger</class>
  <method>logMessage</method>
  <thread>1</thread>
  <message>Actual text and expected text of test object &amp;apos;Object Repository/Web RoomMe.id/RoomMe.id FAQ Page/Button Q2&amp;apos; are matched.</message>
  <nestedLevel>1</nestedLevel>
</record>
<record>
  <date>2020-04-06T12:35:43</date>
  <millis>1586151343795</millis>
  <sequence>164</sequence>
  <level>END</level>
  <class>com.kms.katalon.core.logging.XmlKeywordLogger</class>
  <method>endKeyword</method>
  <thread>1</thread>
  <message>End action : verifyElementText(findTestObject(\&amp;quot;Web RoomMe.id/RoomMe.id FAQ Page/Button Q2\&amp;quot;), \&amp;quot;Can I survey the place prior to making payments ?\&amp;quot;)</message>
  <nestedLevel>1</nestedLevel>
</record>
<record>
  <date>2020-04-06T12:35:43</date>
  <millis>1586151343796</millis>
  <sequence>165</sequence>
  <level>START</level>
  <class>com.kms.katalon.core.logging.XmlKeywordLogger</class>
  <method>startKeyword</method>
  <thread>1</thread>
  <message>Start action : click(findTestObject(\&amp;quot;Web RoomMe.id/RoomMe.id FAQ Page/Button Q2\&amp;quot;))</message>
  <nestedLevel>1</nestedLevel>
  <property name="startLine">50</property>
  <property name="stepIndex">17</property>
</record>
<record>
  <date>2020-04-06T12:35:44</date>
  <millis>1586151344067</millis>
  <sequence>172</sequence>
  <level>PASSED</level>
  <class>com.kms.katalon.core.logging.XmlKeywordLogger</class>
  <method>logMessage</method>
  <thread>1</thread>
  <message>Object: &amp;apos;Object Repository/Web RoomMe.id/RoomMe.id FAQ Page/Button Q2&amp;apos; is clicked on</message>
  <nestedLevel>1</nestedLevel>
</record>
<record>
  <date>2020-04-06T12:35:44</date>
  <millis>1586151344068</millis>
  <sequence>173</sequence>
  <level>END</level>
  <class>com.kms.katalon.core.logging.XmlKeywordLogger</class>
  <method>endKeyword</method>
  <thread>1</thread>
  <message>End action : click(findTestObject(\&amp;quot;Web RoomMe.id/RoomMe.id FAQ Page/Button Q2\&amp;quot;))</message>
  <nestedLevel>1</nestedLevel>
</record>
<record>
  <date>2020-04-06T12:35:44</date>
  <millis>1586151344068</millis>
  <sequence>174</sequence>
  <level>START</level>
  <class>com.kms.katalon.core.logging.XmlKeywordLogger</class>
  <method>startKeyword</method>
  <thread>1</thread>
  <message>Start action : waitForElementVisible(findTestObject(\&amp;quot;Web RoomMe.id/RoomMe.id FAQ Page/Text A2\&amp;quot;), 60)</message>
  <nestedLevel>1</nestedLevel>
  <property name="startLine">52</property>
  <property name="stepIndex">18</property>
</record>
<record>
  <date>2020-04-06T12:35:44</date>
  <millis>1586151344240</millis>
  <sequence>181</sequence>
  <level>PASSED</level>
  <class>com.kms.katalon.core.logging.XmlKeywordLogger</class>
  <method>logMessage</method>
  <thread>1</thread>
  <message>Object &amp;apos;Object Repository/Web RoomMe.id/RoomMe.id FAQ Page/Text A2&amp;apos; is visible</message>
  <nestedLevel>1</nestedLevel>
</record>
<record>
  <date>2020-04-06T12:35:44</date>
  <millis>1586151344241</millis>
  <sequence>182</sequence>
  <level>END</level>
  <class>com.kms.katalon.core.logging.XmlKeywordLogger</class>
  <method>endKeyword</method>
  <thread>1</thread>
  <message>End action : waitForElementVisible(findTestObject(\&amp;quot;Web RoomMe.id/RoomMe.id FAQ Page/Text A2\&amp;quot;), 60)</message>
  <nestedLevel>1</nestedLevel>
</record>
<record>
  <date>2020-04-06T12:35:44</date>
  <millis>1586151344241</millis>
  <sequence>183</sequence>
  <level>START</level>
  <class>com.kms.katalon.core.logging.XmlKeywordLogger</class>
  <method>startKeyword</method>
  <thread>1</thread>
  <message>Start action : verifyElementText(findTestObject(\&amp;quot;Web RoomMe.id/RoomMe.id FAQ Page/Text A2\&amp;quot;), \&amp;quot;Yes you may and we encourage you to do so! Our survey sessions are held every Monday-Sunday, from 8AM-10PM\&amp;quot;)</message>
  <nestedLevel>1</nestedLevel>
  <property name="startLine">54</property>
  <property name="stepIndex">19</property>
</record>
<record>
  <date>2020-04-06T12:35:44</date>
  <millis>1586151344381</millis>
  <sequence>189</sequence>
  <level>PASSED</level>
  <class>com.kms.katalon.core.logging.XmlKeywordLogger</class>
  <method>logMessage</method>
  <thread>1</thread>
  <message>Actual text and expected text of test object &amp;apos;Object Repository/Web RoomMe.id/RoomMe.id FAQ Page/Text A2&amp;apos; are matched.</message>
  <nestedLevel>1</nestedLevel>
</record>
<record>
  <date>2020-04-06T12:35:44</date>
  <millis>1586151344381</millis>
  <sequence>190</sequence>
  <level>END</level>
  <class>com.kms.katalon.core.logging.XmlKeywordLogger</class>
  <method>endKeyword</method>
  <thread>1</thread>
  <message>End action : verifyElementText(findTestObject(\&amp;quot;Web RoomMe.id/RoomMe.id FAQ Page/Text A2\&amp;quot;), \&amp;quot;Yes you may and we encourage you to do so! Our survey sessions are held every Monday-Sunday, from 8AM-10PM\&amp;quot;)</message>
  <nestedLevel>1</nestedLevel>
</record>
<record>
  <date>2020-04-06T12:35:44</date>
  <millis>1586151344382</millis>
  <sequence>191</sequence>
  <level>START</level>
  <class>com.kms.katalon.core.logging.XmlKeywordLogger</class>
  <method>startKeyword</method>
  <thread>1</thread>
  <message>Start action : waitForElementVisible(findTestObject(\&amp;quot;Web RoomMe.id/RoomMe.id FAQ Page/Button Q3\&amp;quot;), 60)</message>
  <nestedLevel>1</nestedLevel>
  <property name="startLine">56</property>
  <property name="stepIndex">20</property>
</record>
<record>
  <date>2020-04-06T12:35:44</date>
  <millis>1586151344500</millis>
  <sequence>198</sequence>
  <level>PASSED</level>
  <class>com.kms.katalon.core.logging.XmlKeywordLogger</class>
  <method>logMessage</method>
  <thread>1</thread>
  <message>Object &amp;apos;Object Repository/Web RoomMe.id/RoomMe.id FAQ Page/Button Q3&amp;apos; is visible</message>
  <nestedLevel>1</nestedLevel>
</record>
<record>
  <date>2020-04-06T12:35:44</date>
  <millis>1586151344500</millis>
  <sequence>199</sequence>
  <level>END</level>
  <class>com.kms.katalon.core.logging.XmlKeywordLogger</class>
  <method>endKeyword</method>
  <thread>1</thread>
  <message>End action : waitForElementVisible(findTestObject(\&amp;quot;Web RoomMe.id/RoomMe.id FAQ Page/Button Q3\&amp;quot;), 60)</message>
  <nestedLevel>1</nestedLevel>
</record>
<record>
  <date>2020-04-06T12:35:44</date>
  <millis>1586151344500</millis>
  <sequence>200</sequence>
  <level>START</level>
  <class>com.kms.katalon.core.logging.XmlKeywordLogger</class>
  <method>startKeyword</method>
  <thread>1</thread>
  <message>Start action : verifyElementText(findTestObject(\&amp;quot;Web RoomMe.id/RoomMe.id FAQ Page/Button Q3\&amp;quot;), \&amp;quot;What consist of the standard facilities provided by RoomMe ?\&amp;quot;)</message>
  <nestedLevel>1</nestedLevel>
  <property name="startLine">58</property>
  <property name="stepIndex">21</property>
</record>
<record>
  <date>2020-04-06T12:35:44</date>
  <millis>1586151344609</millis>
  <sequence>206</sequence>
  <level>PASSED</level>
  <class>com.kms.katalon.core.logging.XmlKeywordLogger</class>
  <method>logMessage</method>
  <thread>1</thread>
  <message>Actual text and expected text of test object &amp;apos;Object Repository/Web RoomMe.id/RoomMe.id FAQ Page/Button Q3&amp;apos; are matched.</message>
  <nestedLevel>1</nestedLevel>
</record>
<record>
  <date>2020-04-06T12:35:44</date>
  <millis>1586151344610</millis>
  <sequence>207</sequence>
  <level>END</level>
  <class>com.kms.katalon.core.logging.XmlKeywordLogger</class>
  <method>endKeyword</method>
  <thread>1</thread>
  <message>End action : verifyElementText(findTestObject(\&amp;quot;Web RoomMe.id/RoomMe.id FAQ Page/Button Q3\&amp;quot;), \&amp;quot;What consist of the standard facilities provided by RoomMe ?\&amp;quot;)</message>
  <nestedLevel>1</nestedLevel>
</record>
<record>
  <date>2020-04-06T12:35:44</date>
  <millis>1586151344610</millis>
  <sequence>208</sequence>
  <level>START</level>
  <class>com.kms.katalon.core.logging.XmlKeywordLogger</class>
  <method>startKeyword</method>
  <thread>1</thread>
  <message>Start action : click(findTestObject(\&amp;quot;Web RoomMe.id/RoomMe.id FAQ Page/Button Q3\&amp;quot;))</message>
  <nestedLevel>1</nestedLevel>
  <property name="startLine">60</property>
  <property name="stepIndex">22</property>
</record>
<record>
  <date>2020-04-06T12:35:44</date>
  <millis>1586151344826</millis>
  <sequence>215</sequence>
  <level>PASSED</level>
  <class>com.kms.katalon.core.logging.XmlKeywordLogger</class>
  <method>logMessage</method>
  <thread>1</thread>
  <message>Object: &amp;apos;Object Repository/Web RoomMe.id/RoomMe.id FAQ Page/Button Q3&amp;apos; is clicked on</message>
  <nestedLevel>1</nestedLevel>
</record>
<record>
  <date>2020-04-06T12:35:44</date>
  <millis>1586151344827</millis>
  <sequence>216</sequence>
  <level>END</level>
  <class>com.kms.katalon.core.logging.XmlKeywordLogger</class>
  <method>endKeyword</method>
  <thread>1</thread>
  <message>End action : click(findTestObject(\&amp;quot;Web RoomMe.id/RoomMe.id FAQ Page/Button Q3\&amp;quot;))</message>
  <nestedLevel>1</nestedLevel>
</record>
<record>
  <date>2020-04-06T12:35:44</date>
  <millis>1586151344827</millis>
  <sequence>217</sequence>
  <level>START</level>
  <class>com.kms.katalon.core.logging.XmlKeywordLogger</class>
  <method>startKeyword</method>
  <thread>1</thread>
  <message>Start action : waitForElementVisible(findTestObject(\&amp;quot;Web RoomMe.id/RoomMe.id FAQ Page/Text A3\&amp;quot;), 60)</message>
  <nestedLevel>1</nestedLevel>
  <property name="startLine">62</property>
  <property name="stepIndex">23</property>
</record>
<record>
  <date>2020-04-06T12:35:44</date>
  <millis>1586151344988</millis>
  <sequence>224</sequence>
  <level>PASSED</level>
  <class>com.kms.katalon.core.logging.XmlKeywordLogger</class>
  <method>logMessage</method>
  <thread>1</thread>
  <message>Object &amp;apos;Object Repository/Web RoomMe.id/RoomMe.id FAQ Page/Text A3&amp;apos; is visible</message>
  <nestedLevel>1</nestedLevel>
</record>
<record>
  <date>2020-04-06T12:35:44</date>
  <millis>1586151344989</millis>
  <sequence>225</sequence>
  <level>END</level>
  <class>com.kms.katalon.core.logging.XmlKeywordLogger</class>
  <method>endKeyword</method>
  <thread>1</thread>
  <message>End action : waitForElementVisible(findTestObject(\&amp;quot;Web RoomMe.id/RoomMe.id FAQ Page/Text A3\&amp;quot;), 60)</message>
  <nestedLevel>1</nestedLevel>
</record>
<record>
  <date>2020-04-06T12:35:44</date>
  <millis>1586151344989</millis>
  <sequence>226</sequence>
  <level>START</level>
  <class>com.kms.katalon.core.logging.XmlKeywordLogger</class>
  <method>startKeyword</method>
  <thread>1</thread>
  <message>Start action : verifyElementText(findTestObject(\&amp;quot;Web RoomMe.id/RoomMe.id FAQ Page/Text A3\&amp;quot;), id FAQ Text Data\&amp;quot;).getValue(1, 1))</message>
  <nestedLevel>1</nestedLevel>
  <property name="startLine">64</property>
  <property name="stepIndex">24</property>
</record>
<record>
  <date>2020-04-06T12:35:46</date>
  <millis>1586151346100</millis>
  <sequence>236</sequence>
  <level>PASSED</level>
  <class>com.kms.katalon.core.logging.XmlKeywordLogger</class>
  <method>logMessage</method>
  <thread>1</thread>
  <message>Actual text and expected text of test object &amp;apos;Object Repository/Web RoomMe.id/RoomMe.id FAQ Page/Text A3&amp;apos; are matched.</message>
  <nestedLevel>1</nestedLevel>
</record>
<record>
  <date>2020-04-06T12:35:46</date>
  <millis>1586151346100</millis>
  <sequence>237</sequence>
  <level>END</level>
  <class>com.kms.katalon.core.logging.XmlKeywordLogger</class>
  <method>endKeyword</method>
  <thread>1</thread>
  <message>End action : verifyElementText(findTestObject(\&amp;quot;Web RoomMe.id/RoomMe.id FAQ Page/Text A3\&amp;quot;), id FAQ Text Data\&amp;quot;).getValue(1, 1))</message>
  <nestedLevel>1</nestedLevel>
</record>
<record>
  <date>2020-04-06T12:35:46</date>
  <millis>1586151346101</millis>
  <sequence>238</sequence>
  <level>START</level>
  <class>com.kms.katalon.core.logging.XmlKeywordLogger</class>
  <method>startKeyword</method>
  <thread>1</thread>
  <message>Start action : waitForElementVisible(findTestObject(\&amp;quot;Web RoomMe.id/RoomMe.id FAQ Page/Button Q4\&amp;quot;), 60)</message>
  <nestedLevel>1</nestedLevel>
  <property name="startLine">67</property>
  <property name="stepIndex">25</property>
</record>
<record>
  <date>2020-04-06T12:35:46</date>
  <millis>1586151346221</millis>
  <sequence>245</sequence>
  <level>PASSED</level>
  <class>com.kms.katalon.core.logging.XmlKeywordLogger</class>
  <method>logMessage</method>
  <thread>1</thread>
  <message>Object &amp;apos;Object Repository/Web RoomMe.id/RoomMe.id FAQ Page/Button Q4&amp;apos; is visible</message>
  <nestedLevel>1</nestedLevel>
</record>
<record>
  <date>2020-04-06T12:35:46</date>
  <millis>1586151346222</millis>
  <sequence>246</sequence>
  <level>END</level>
  <class>com.kms.katalon.core.logging.XmlKeywordLogger</class>
  <method>endKeyword</method>
  <thread>1</thread>
  <message>End action : waitForElementVisible(findTestObject(\&amp;quot;Web RoomMe.id/RoomMe.id FAQ Page/Button Q4\&amp;quot;), 60)</message>
  <nestedLevel>1</nestedLevel>
</record>
<record>
  <date>2020-04-06T12:35:46</date>
  <millis>1586151346222</millis>
  <sequence>247</sequence>
  <level>START</level>
  <class>com.kms.katalon.core.logging.XmlKeywordLogger</class>
  <method>startKeyword</method>
  <thread>1</thread>
  <message>Start action : verifyElementText(findTestObject(\&amp;quot;Web RoomMe.id/RoomMe.id FAQ Page/Button Q4\&amp;quot;), \&amp;quot;What if I want to move out of my kost before my stay period is over ?\&amp;quot;)</message>
  <nestedLevel>1</nestedLevel>
  <property name="startLine">69</property>
  <property name="stepIndex">26</property>
</record>
<record>
  <date>2020-04-06T12:35:46</date>
  <millis>1586151346323</millis>
  <sequence>253</sequence>
  <level>PASSED</level>
  <class>com.kms.katalon.core.logging.XmlKeywordLogger</class>
  <method>logMessage</method>
  <thread>1</thread>
  <message>Actual text and expected text of test object &amp;apos;Object Repository/Web RoomMe.id/RoomMe.id FAQ Page/Button Q4&amp;apos; are matched.</message>
  <nestedLevel>1</nestedLevel>
</record>
<record>
  <date>2020-04-06T12:35:46</date>
  <millis>1586151346323</millis>
  <sequence>254</sequence>
  <level>END</level>
  <class>com.kms.katalon.core.logging.XmlKeywordLogger</class>
  <method>endKeyword</method>
  <thread>1</thread>
  <message>End action : verifyElementText(findTestObject(\&amp;quot;Web RoomMe.id/RoomMe.id FAQ Page/Button Q4\&amp;quot;), \&amp;quot;What if I want to move out of my kost before my stay period is over ?\&amp;quot;)</message>
  <nestedLevel>1</nestedLevel>
</record>
<record>
  <date>2020-04-06T12:35:46</date>
  <millis>1586151346323</millis>
  <sequence>255</sequence>
  <level>START</level>
  <class>com.kms.katalon.core.logging.XmlKeywordLogger</class>
  <method>startKeyword</method>
  <thread>1</thread>
  <message>Start action : click(findTestObject(\&amp;quot;Web RoomMe.id/RoomMe.id FAQ Page/Button Q4\&amp;quot;))</message>
  <nestedLevel>1</nestedLevel>
  <property name="startLine">71</property>
  <property name="stepIndex">27</property>
</record>
<record>
  <date>2020-04-06T12:35:46</date>
  <millis>1586151346534</millis>
  <sequence>262</sequence>
  <level>PASSED</level>
  <class>com.kms.katalon.core.logging.XmlKeywordLogger</class>
  <method>logMessage</method>
  <thread>1</thread>
  <message>Object: &amp;apos;Object Repository/Web RoomMe.id/RoomMe.id FAQ Page/Button Q4&amp;apos; is clicked on</message>
  <nestedLevel>1</nestedLevel>
</record>
<record>
  <date>2020-04-06T12:35:46</date>
  <millis>1586151346535</millis>
  <sequence>263</sequence>
  <level>END</level>
  <class>com.kms.katalon.core.logging.XmlKeywordLogger</class>
  <method>endKeyword</method>
  <thread>1</thread>
  <message>End action : click(findTestObject(\&amp;quot;Web RoomMe.id/RoomMe.id FAQ Page/Button Q4\&amp;quot;))</message>
  <nestedLevel>1</nestedLevel>
</record>
<record>
  <date>2020-04-06T12:35:46</date>
  <millis>1586151346536</millis>
  <sequence>264</sequence>
  <level>START</level>
  <class>com.kms.katalon.core.logging.XmlKeywordLogger</class>
  <method>startKeyword</method>
  <thread>1</thread>
  <message>Start action : waitForElementVisible(findTestObject(\&amp;quot;Web RoomMe.id/RoomMe.id FAQ Page/Text A4\&amp;quot;), 60)</message>
  <nestedLevel>1</nestedLevel>
  <property name="startLine">73</property>
  <property name="stepIndex">28</property>
</record>
<record>
  <date>2020-04-06T12:35:46</date>
  <millis>1586151346691</millis>
  <sequence>271</sequence>
  <level>PASSED</level>
  <class>com.kms.katalon.core.logging.XmlKeywordLogger</class>
  <method>logMessage</method>
  <thread>1</thread>
  <message>Object &amp;apos;Object Repository/Web RoomMe.id/RoomMe.id FAQ Page/Text A4&amp;apos; is visible</message>
  <nestedLevel>1</nestedLevel>
</record>
<record>
  <date>2020-04-06T12:35:46</date>
  <millis>1586151346692</millis>
  <sequence>272</sequence>
  <level>END</level>
  <class>com.kms.katalon.core.logging.XmlKeywordLogger</class>
  <method>endKeyword</method>
  <thread>1</thread>
  <message>End action : waitForElementVisible(findTestObject(\&amp;quot;Web RoomMe.id/RoomMe.id FAQ Page/Text A4\&amp;quot;), 60)</message>
  <nestedLevel>1</nestedLevel>
</record>
<record>
  <date>2020-04-06T12:35:46</date>
  <millis>1586151346692</millis>
  <sequence>273</sequence>
  <level>START</level>
  <class>com.kms.katalon.core.logging.XmlKeywordLogger</class>
  <method>startKeyword</method>
  <thread>1</thread>
  <message>Start action : verifyElementText(findTestObject(\&amp;quot;Web RoomMe.id/RoomMe.id FAQ Page/Text A4\&amp;quot;), \&amp;quot;We have a \u201CNo Cancellation Policy\u201D where customers cannot cancel bookings that they have made.\&amp;quot;)</message>
  <nestedLevel>1</nestedLevel>
  <property name="startLine">75</property>
  <property name="stepIndex">29</property>
</record>
<record>
  <date>2020-04-06T12:35:46</date>
  <millis>1586151346832</millis>
  <sequence>279</sequence>
  <level>PASSED</level>
  <class>com.kms.katalon.core.logging.XmlKeywordLogger</class>
  <method>logMessage</method>
  <thread>1</thread>
  <message>Actual text and expected text of test object &amp;apos;Object Repository/Web RoomMe.id/RoomMe.id FAQ Page/Text A4&amp;apos; are matched.</message>
  <nestedLevel>1</nestedLevel>
</record>
<record>
  <date>2020-04-06T12:35:46</date>
  <millis>1586151346833</millis>
  <sequence>280</sequence>
  <level>END</level>
  <class>com.kms.katalon.core.logging.XmlKeywordLogger</class>
  <method>endKeyword</method>
  <thread>1</thread>
  <message>End action : verifyElementText(findTestObject(\&amp;quot;Web RoomMe.id/RoomMe.id FAQ Page/Text A4\&amp;quot;), \&amp;quot;We have a \u201CNo Cancellation Policy\u201D where customers cannot cancel bookings that they have made.\&amp;quot;)</message>
  <nestedLevel>1</nestedLevel>
</record>
<record>
  <date>2020-04-06T12:35:46</date>
  <millis>1586151346834</millis>
  <sequence>281</sequence>
  <level>START</level>
  <class>com.kms.katalon.core.logging.XmlKeywordLogger</class>
  <method>startKeyword</method>
  <thread>1</thread>
  <message>Start action : waitForElementVisible(findTestObject(\&amp;quot;Web RoomMe.id/RoomMe.id FAQ Page/Button Q5\&amp;quot;), 60)</message>
  <nestedLevel>1</nestedLevel>
  <property name="startLine">77</property>
  <property name="stepIndex">30</property>
</record>
<record>
  <date>2020-04-06T12:35:46</date>
  <millis>1586151346943</millis>
  <sequence>288</sequence>
  <level>PASSED</level>
  <class>com.kms.katalon.core.logging.XmlKeywordLogger</class>
  <method>logMessage</method>
  <thread>1</thread>
  <message>Object &amp;apos;Object Repository/Web RoomMe.id/RoomMe.id FAQ Page/Button Q5&amp;apos; is visible</message>
  <nestedLevel>1</nestedLevel>
</record>
<record>
  <date>2020-04-06T12:35:46</date>
  <millis>1586151346944</millis>
  <sequence>289</sequence>
  <level>END</level>
  <class>com.kms.katalon.core.logging.XmlKeywordLogger</class>
  <method>endKeyword</method>
  <thread>1</thread>
  <message>End action : waitForElementVisible(findTestObject(\&amp;quot;Web RoomMe.id/RoomMe.id FAQ Page/Button Q5\&amp;quot;), 60)</message>
  <nestedLevel>1</nestedLevel>
</record>
<record>
  <date>2020-04-06T12:35:46</date>
  <millis>1586151346944</millis>
  <sequence>290</sequence>
  <level>START</level>
  <class>com.kms.katalon.core.logging.XmlKeywordLogger</class>
  <method>startKeyword</method>
  <thread>1</thread>
  <message>Start action : verifyElementText(findTestObject(\&amp;quot;Web RoomMe.id/RoomMe.id FAQ Page/Button Q5\&amp;quot;), \&amp;quot;Can I invite relative/friends to occasionally stay at the kost ?\&amp;quot;)</message>
  <nestedLevel>1</nestedLevel>
  <property name="startLine">79</property>
  <property name="stepIndex">31</property>
</record>
<record>
  <date>2020-04-06T12:35:47</date>
  <millis>1586151347042</millis>
  <sequence>296</sequence>
  <level>PASSED</level>
  <class>com.kms.katalon.core.logging.XmlKeywordLogger</class>
  <method>logMessage</method>
  <thread>1</thread>
  <message>Actual text and expected text of test object &amp;apos;Object Repository/Web RoomMe.id/RoomMe.id FAQ Page/Button Q5&amp;apos; are matched.</message>
  <nestedLevel>1</nestedLevel>
</record>
<record>
  <date>2020-04-06T12:35:47</date>
  <millis>1586151347043</millis>
  <sequence>297</sequence>
  <level>END</level>
  <class>com.kms.katalon.core.logging.XmlKeywordLogger</class>
  <method>endKeyword</method>
  <thread>1</thread>
  <message>End action : verifyElementText(findTestObject(\&amp;quot;Web RoomMe.id/RoomMe.id FAQ Page/Button Q5\&amp;quot;), \&amp;quot;Can I invite relative/friends to occasionally stay at the kost ?\&amp;quot;)</message>
  <nestedLevel>1</nestedLevel>
</record>
<record>
  <date>2020-04-06T12:35:47</date>
  <millis>1586151347043</millis>
  <sequence>298</sequence>
  <level>START</level>
  <class>com.kms.katalon.core.logging.XmlKeywordLogger</class>
  <method>startKeyword</method>
  <thread>1</thread>
  <message>Start action : click(findTestObject(\&amp;quot;Web RoomMe.id/RoomMe.id FAQ Page/Button Q5\&amp;quot;))</message>
  <nestedLevel>1</nestedLevel>
  <property name="startLine">81</property>
  <property name="stepIndex">32</property>
</record>
<record>
  <date>2020-04-06T12:35:47</date>
  <millis>1586151347235</millis>
  <sequence>305</sequence>
  <level>PASSED</level>
  <class>com.kms.katalon.core.logging.XmlKeywordLogger</class>
  <method>logMessage</method>
  <thread>1</thread>
  <message>Object: &amp;apos;Object Repository/Web RoomMe.id/RoomMe.id FAQ Page/Button Q5&amp;apos; is clicked on</message>
  <nestedLevel>1</nestedLevel>
</record>
<record>
  <date>2020-04-06T12:35:47</date>
  <millis>1586151347236</millis>
  <sequence>306</sequence>
  <level>END</level>
  <class>com.kms.katalon.core.logging.XmlKeywordLogger</class>
  <method>endKeyword</method>
  <thread>1</thread>
  <message>End action : click(findTestObject(\&amp;quot;Web RoomMe.id/RoomMe.id FAQ Page/Button Q5\&amp;quot;))</message>
  <nestedLevel>1</nestedLevel>
</record>
<record>
  <date>2020-04-06T12:35:47</date>
  <millis>1586151347236</millis>
  <sequence>307</sequence>
  <level>START</level>
  <class>com.kms.katalon.core.logging.XmlKeywordLogger</class>
  <method>startKeyword</method>
  <thread>1</thread>
  <message>Start action : waitForElementVisible(findTestObject(\&amp;quot;Web RoomMe.id/RoomMe.id FAQ Page/Text A5\&amp;quot;), 60)</message>
  <nestedLevel>1</nestedLevel>
  <property name="startLine">83</property>
  <property name="stepIndex">33</property>
</record>
<record>
  <date>2020-04-06T12:35:47</date>
  <millis>1586151347368</millis>
  <sequence>314</sequence>
  <level>PASSED</level>
  <class>com.kms.katalon.core.logging.XmlKeywordLogger</class>
  <method>logMessage</method>
  <thread>1</thread>
  <message>Object &amp;apos;Object Repository/Web RoomMe.id/RoomMe.id FAQ Page/Text A5&amp;apos; is visible</message>
  <nestedLevel>1</nestedLevel>
</record>
<record>
  <date>2020-04-06T12:35:47</date>
  <millis>1586151347368</millis>
  <sequence>315</sequence>
  <level>END</level>
  <class>com.kms.katalon.core.logging.XmlKeywordLogger</class>
  <method>endKeyword</method>
  <thread>1</thread>
  <message>End action : waitForElementVisible(findTestObject(\&amp;quot;Web RoomMe.id/RoomMe.id FAQ Page/Text A5\&amp;quot;), 60)</message>
  <nestedLevel>1</nestedLevel>
</record>
<record>
  <date>2020-04-06T12:35:47</date>
  <millis>1586151347368</millis>
  <sequence>316</sequence>
  <level>START</level>
  <class>com.kms.katalon.core.logging.XmlKeywordLogger</class>
  <method>startKeyword</method>
  <thread>1</thread>
  <message>Start action : verifyElementText(findTestObject(\&amp;quot;Web RoomMe.id/RoomMe.id FAQ Page/Text A5\&amp;quot;), \&amp;quot;Our kost facilities are intended only forregistered and registered tenants. If the tenant wishes to host guests, then a rate of Rp. 250,000 per person per night is required. There is a maximum of 2 people perroom, and if the guest(s) stays for more than 1 day, he/she must provide government-approved identification (PERSONAL IDENTIFICATION CARD [KTP] / DRIVER\u2019S LICENSE [SIM] / PASSPORT).\&amp;quot;)</message>
  <nestedLevel>1</nestedLevel>
  <property name="startLine">85</property>
  <property name="stepIndex">34</property>
</record>
<record>
  <date>2020-04-06T12:35:47</date>
  <millis>1586151347491</millis>
  <sequence>322</sequence>
  <level>PASSED</level>
  <class>com.kms.katalon.core.logging.XmlKeywordLogger</class>
  <method>logMessage</method>
  <thread>1</thread>
  <message>Actual text and expected text of test object &amp;apos;Object Repository/Web RoomMe.id/RoomMe.id FAQ Page/Text A5&amp;apos; are matched.</message>
  <nestedLevel>1</nestedLevel>
</record>
<record>
  <date>2020-04-06T12:35:47</date>
  <millis>1586151347492</millis>
  <sequence>323</sequence>
  <level>END</level>
  <class>com.kms.katalon.core.logging.XmlKeywordLogger</class>
  <method>endKeyword</method>
  <thread>1</thread>
  <message>End action : verifyElementText(findTestObject(\&amp;quot;Web RoomMe.id/RoomMe.id FAQ Page/Text A5\&amp;quot;), \&amp;quot;Our kost facilities are intended only forregistered and registered tenants. If the tenant wishes to host guests, then a rate of Rp. 250,000 per person per night is required. There is a maximum of 2 people perroom, and if the guest(s) stays for more than 1 day, he/she must provide government-approved identification (PERSONAL IDENTIFICATION CARD [KTP] / DRIVER\u2019S LICENSE [SIM] / PASSPORT).\&amp;quot;)</message>
  <nestedLevel>1</nestedLevel>
</record>
<record>
  <date>2020-04-06T12:35:47</date>
  <millis>1586151347492</millis>
  <sequence>324</sequence>
  <level>START</level>
  <class>com.kms.katalon.core.logging.XmlKeywordLogger</class>
  <method>startKeyword</method>
  <thread>1</thread>
  <message>Start action : waitForElementVisible(findTestObject(\&amp;quot;Web RoomMe.id/RoomMe.id FAQ Page/Button Q6\&amp;quot;), 60)</message>
  <nestedLevel>1</nestedLevel>
  <property name="startLine">87</property>
  <property name="stepIndex">35</property>
</record>
<record>
  <date>2020-04-06T12:35:47</date>
  <millis>1586151347610</millis>
  <sequence>331</sequence>
  <level>PASSED</level>
  <class>com.kms.katalon.core.logging.XmlKeywordLogger</class>
  <method>logMessage</method>
  <thread>1</thread>
  <message>Object &amp;apos;Object Repository/Web RoomMe.id/RoomMe.id FAQ Page/Button Q6&amp;apos; is visible</message>
  <nestedLevel>1</nestedLevel>
</record>
<record>
  <date>2020-04-06T12:35:47</date>
  <millis>1586151347611</millis>
  <sequence>332</sequence>
  <level>END</level>
  <class>com.kms.katalon.core.logging.XmlKeywordLogger</class>
  <method>endKeyword</method>
  <thread>1</thread>
  <message>End action : waitForElementVisible(findTestObject(\&amp;quot;Web RoomMe.id/RoomMe.id FAQ Page/Button Q6\&amp;quot;), 60)</message>
  <nestedLevel>1</nestedLevel>
</record>
<record>
  <date>2020-04-06T12:35:47</date>
  <millis>1586151347611</millis>
  <sequence>333</sequence>
  <level>START</level>
  <class>com.kms.katalon.core.logging.XmlKeywordLogger</class>
  <method>startKeyword</method>
  <thread>1</thread>
  <message>Start action : verifyElementText(findTestObject(\&amp;quot;Web RoomMe.id/RoomMe.id FAQ Page/Button Q6\&amp;quot;), \&amp;quot;To whom and where do I report to if there is damage in my room ?\&amp;quot;)</message>
  <nestedLevel>1</nestedLevel>
  <property name="startLine">89</property>
  <property name="stepIndex">36</property>
</record>
<record>
  <date>2020-04-06T12:35:47</date>
  <millis>1586151347708</millis>
  <sequence>339</sequence>
  <level>PASSED</level>
  <class>com.kms.katalon.core.logging.XmlKeywordLogger</class>
  <method>logMessage</method>
  <thread>1</thread>
  <message>Actual text and expected text of test object &amp;apos;Object Repository/Web RoomMe.id/RoomMe.id FAQ Page/Button Q6&amp;apos; are matched.</message>
  <nestedLevel>1</nestedLevel>
</record>
<record>
  <date>2020-04-06T12:35:47</date>
  <millis>1586151347708</millis>
  <sequence>340</sequence>
  <level>END</level>
  <class>com.kms.katalon.core.logging.XmlKeywordLogger</class>
  <method>endKeyword</method>
  <thread>1</thread>
  <message>End action : verifyElementText(findTestObject(\&amp;quot;Web RoomMe.id/RoomMe.id FAQ Page/Button Q6\&amp;quot;), \&amp;quot;To whom and where do I report to if there is damage in my room ?\&amp;quot;)</message>
  <nestedLevel>1</nestedLevel>
</record>
<record>
  <date>2020-04-06T12:35:47</date>
  <millis>1586151347709</millis>
  <sequence>341</sequence>
  <level>START</level>
  <class>com.kms.katalon.core.logging.XmlKeywordLogger</class>
  <method>startKeyword</method>
  <thread>1</thread>
  <message>Start action : click(findTestObject(\&amp;quot;Web RoomMe.id/RoomMe.id FAQ Page/Button Q6\&amp;quot;))</message>
  <nestedLevel>1</nestedLevel>
  <property name="startLine">91</property>
  <property name="stepIndex">37</property>
</record>
<record>
  <date>2020-04-06T12:35:47</date>
  <millis>1586151347897</millis>
  <sequence>348</sequence>
  <level>PASSED</level>
  <class>com.kms.katalon.core.logging.XmlKeywordLogger</class>
  <method>logMessage</method>
  <thread>1</thread>
  <message>Object: &amp;apos;Object Repository/Web RoomMe.id/RoomMe.id FAQ Page/Button Q6&amp;apos; is clicked on</message>
  <nestedLevel>1</nestedLevel>
</record>
<record>
  <date>2020-04-06T12:35:47</date>
  <millis>1586151347898</millis>
  <sequence>349</sequence>
  <level>END</level>
  <class>com.kms.katalon.core.logging.XmlKeywordLogger</class>
  <method>endKeyword</method>
  <thread>1</thread>
  <message>End action : click(findTestObject(\&amp;quot;Web RoomMe.id/RoomMe.id FAQ Page/Button Q6\&amp;quot;))</message>
  <nestedLevel>1</nestedLevel>
</record>
<record>
  <date>2020-04-06T12:35:47</date>
  <millis>1586151347898</millis>
  <sequence>350</sequence>
  <level>START</level>
  <class>com.kms.katalon.core.logging.XmlKeywordLogger</class>
  <method>startKeyword</method>
  <thread>1</thread>
  <message>Start action : waitForElementVisible(findTestObject(\&amp;quot;Web RoomMe.id/RoomMe.id FAQ Page/Text A6\&amp;quot;), 60)</message>
  <nestedLevel>1</nestedLevel>
  <property name="startLine">93</property>
  <property name="stepIndex">38</property>
</record>
<record>
  <date>2020-04-06T12:35:48</date>
  <millis>1586151348040</millis>
  <sequence>357</sequence>
  <level>PASSED</level>
  <class>com.kms.katalon.core.logging.XmlKeywordLogger</class>
  <method>logMessage</method>
  <thread>1</thread>
  <message>Object &amp;apos;Object Repository/Web RoomMe.id/RoomMe.id FAQ Page/Text A6&amp;apos; is visible</message>
  <nestedLevel>1</nestedLevel>
</record>
<record>
  <date>2020-04-06T12:35:48</date>
  <millis>1586151348041</millis>
  <sequence>358</sequence>
  <level>END</level>
  <class>com.kms.katalon.core.logging.XmlKeywordLogger</class>
  <method>endKeyword</method>
  <thread>1</thread>
  <message>End action : waitForElementVisible(findTestObject(\&amp;quot;Web RoomMe.id/RoomMe.id FAQ Page/Text A6\&amp;quot;), 60)</message>
  <nestedLevel>1</nestedLevel>
</record>
<record>
  <date>2020-04-06T12:35:48</date>
  <millis>1586151348041</millis>
  <sequence>359</sequence>
  <level>START</level>
  <class>com.kms.katalon.core.logging.XmlKeywordLogger</class>
  <method>startKeyword</method>
  <thread>1</thread>
  <message>Start action : verifyElementText(findTestObject(\&amp;quot;Web RoomMe.id/RoomMe.id FAQ Page/Text A6\&amp;quot;), \&amp;quot;For reports, please call or WhatsApp our customer service at 0821-7666-6300\&amp;quot;)</message>
  <nestedLevel>1</nestedLevel>
  <property name="startLine">95</property>
  <property name="stepIndex">39</property>
</record>
<record>
  <date>2020-04-06T12:35:48</date>
  <millis>1586151348172</millis>
  <sequence>365</sequence>
  <level>PASSED</level>
  <class>com.kms.katalon.core.logging.XmlKeywordLogger</class>
  <method>logMessage</method>
  <thread>1</thread>
  <message>Actual text and expected text of test object &amp;apos;Object Repository/Web RoomMe.id/RoomMe.id FAQ Page/Text A6&amp;apos; are matched.</message>
  <nestedLevel>1</nestedLevel>
</record>
<record>
  <date>2020-04-06T12:35:48</date>
  <millis>1586151348173</millis>
  <sequence>366</sequence>
  <level>END</level>
  <class>com.kms.katalon.core.logging.XmlKeywordLogger</class>
  <method>endKeyword</method>
  <thread>1</thread>
  <message>End action : verifyElementText(findTestObject(\&amp;quot;Web RoomMe.id/RoomMe.id FAQ Page/Text A6\&amp;quot;), \&amp;quot;For reports, please call or WhatsApp our customer service at 0821-7666-6300\&amp;quot;)</message>
  <nestedLevel>1</nestedLevel>
</record>
<record>
  <date>2020-04-06T12:35:48</date>
  <millis>1586151348173</millis>
  <sequence>367</sequence>
  <level>START</level>
  <class>com.kms.katalon.core.logging.XmlKeywordLogger</class>
  <method>startKeyword</method>
  <thread>1</thread>
  <message>Start action : callTestCase(findTestCase(\&amp;quot;Web RoomMe.id/1. Homepage/7. Verify Footer RoomMe.id\&amp;quot;), [:], STOP_ON_FAILURE)</message>
  <nestedLevel>1</nestedLevel>
  <property name="startLine">97</property>
  <property name="stepIndex">40</property>
</record>
<record>
  <date>2020-04-06T12:35:48</date>
  <millis>1586151348174</millis>
  <sequence>368</sequence>
  <level>NOT_RUN</level>
  <class>com.kms.katalon.core.logging.XmlKeywordLogger</class>
  <method>logMessage</method>
  <thread>1</thread>
  <message>NOT_RUN: callTestCase(findTestCase(\&amp;quot;Web RoomMe.id/1. Homepage/7. Verify Footer RoomMe.id\&amp;quot;), [:], STOP_ON_FAILURE)</message>
  <nestedLevel>1</nestedLevel>
</record>
<record>
  <date>2020-04-06T12:35:48</date>
  <millis>1586151348174</millis>
  <sequence>369</sequence>
  <level>END</level>
  <class>com.kms.katalon.core.logging.XmlKeywordLogger</class>
  <method>endKeyword</method>
  <thread>1</thread>
  <message>End action : callTestCase(findTestCase(\&amp;quot;Web RoomMe.id/1. Homepage/7. Verify Footer RoomMe.id\&amp;quot;), [:], STOP_ON_FAILURE)</message>
  <nestedLevel>1</nestedLevel>
</record>
<record>
  <date>2020-04-06T12:35:48</date>
  <millis>1586151348174</millis>
  <sequence>370</sequence>
  <level>PASSED</level>
  <class>com.kms.katalon.core.logging.XmlKeywordLogger</class>
  <method>logMessage</method>
  <thread>1</thread>
  <message>Test Cases/Web RoomMe.id/4. Our Terms/Customer Access FAQ (Booking) Page</message>
  <nestedLevel>1</nestedLevel>
</record>
<record>
  <date>2020-04-06T12:35:48</date>
  <millis>1586151348175</millis>
  <sequence>371</sequence>
  <level>END</level>
  <class>com.kms.katalon.core.logging.XmlKeywordLogger</class>
  <method>endTest</method>
  <thread>1</thread>
  <message>End Test Case : Test Cases/Web RoomMe.id/4. Our Terms/Customer Access FAQ (Booking) Page</message>
  <nestedLevel>0</nestedLevel>
</record>
<record>
  <date>2020-04-06T12:35:48</date>
  <millis>1586151348880</millis>
  <sequence>372</sequence>
  <level>END</level>
  <class>com.kms.katalon.core.logging.XmlKeywordLogger</class>
  <method>endSuite</method>
  <thread>1</thread>
  <message>End Test Suite : Test Suites/Web RoomMe.id/Customer Access Our Terms Page</message>
  <nestedLevel>0</nestedLevel>
</record>
</log>
