<?xml version="1.0" encoding="UTF-8" standalone="no"?>
<!DOCTYPE log SYSTEM "logger.dtd">
<log>
<record>
  <date>2020-04-08T23:41:50</date>
  <millis>1586364110301</millis>
  <sequence>0</sequence>
  <level>START</level>
  <class>com.kms.katalon.core.logging.XmlKeywordLogger</class>
  <method>startSuite</method>
  <thread>1</thread>
  <message>Start Test Suite : Test Suites/Web RoomMe.id/Customer Access Community Page</message>
  <nestedLevel>0</nestedLevel>
  <property name="name">Customer Access Community Page</property>
  <property name="description"></property>
  <property name="id">Test Suites/Web RoomMe.id/Customer Access Community Page</property>
</record>
<record>
  <date>2020-04-08T23:41:50</date>
  <millis>1586364110333</millis>
  <sequence>1</sequence>
  <level>RUN_DATA</level>
  <class>com.kms.katalon.core.logging.XmlKeywordLogger</class>
  <method>logMessage</method>
  <thread>1</thread>
  <message>hostName = LENNONOVO$ - LENNONOVO</message>
  <nestedLevel>0</nestedLevel>
  <property name="hostName">LENNONOVO$ - LENNONOVO</property>
</record>
<record>
  <date>2020-04-08T23:41:50</date>
  <millis>1586364110334</millis>
  <sequence>2</sequence>
  <level>RUN_DATA</level>
  <class>com.kms.katalon.core.logging.XmlKeywordLogger</class>
  <method>logMessage</method>
  <thread>1</thread>
  <message>os = Windows 10 64bit</message>
  <nestedLevel>0</nestedLevel>
  <property name="os">Windows 10 64bit</property>
</record>
<record>
  <date>2020-04-08T23:41:50</date>
  <millis>1586364110336</millis>
  <sequence>3</sequence>
  <level>RUN_DATA</level>
  <class>com.kms.katalon.core.logging.XmlKeywordLogger</class>
  <method>logMessage</method>
  <thread>1</thread>
  <message>hostAddress = 192.168.1.15</message>
  <nestedLevel>0</nestedLevel>
  <property name="hostAddress">192.168.1.15</property>
</record>
<record>
  <date>2020-04-08T23:41:50</date>
  <millis>1586364110337</millis>
  <sequence>4</sequence>
  <level>RUN_DATA</level>
  <class>com.kms.katalon.core.logging.XmlKeywordLogger</class>
  <method>logMessage</method>
  <thread>1</thread>
  <message>katalonVersion = 6.3.3.11</message>
  <nestedLevel>0</nestedLevel>
  <property name="katalonVersion">6.3.3.11</property>
</record>
<record>
  <date>2020-04-08T23:41:50</date>
  <millis>1586364110867</millis>
  <sequence>5</sequence>
  <level>START</level>
  <class>com.kms.katalon.core.logging.XmlKeywordLogger</class>
  <method>startTest</method>
  <thread>1</thread>
  <message>Start Test Case : Test Cases/Web RoomMe.id/6. Community/1. Customer Access Community Page From Header</message>
  <nestedLevel>1</nestedLevel>
  <property name="name">Test Cases/Web RoomMe.id/6. Community/1. Customer Access Community Page From Header</property>
  <property name="description">Customer access community page from homepage by click Communiy button</property>
  <property name="id">Test Cases/Web RoomMe.id/6. Community/1. Customer Access Community Page From Header</property>
  <property name="source">C:\\Users\\Faldi\\Katalon Studio\\katalonroomme-master\\Test Cases\\Web RoomMe.id\\6. Community\\1. Customer Access Community Page From Header.tc</property>
  <property name="tag">community</property>
  <property name="isOptional">false</property>
</record>
<record>
  <date>2020-04-08T23:41:51</date>
  <millis>1586364111690</millis>
  <sequence>7</sequence>
  <level>START</level>
  <class>com.kms.katalon.core.logging.XmlKeywordLogger</class>
  <method>startKeyword</method>
  <thread>1</thread>
  <message>Start action : callTestCase(findTestCase(\&amp;quot;Web RoomMe.id/1. Homepage/1. Customer Access RoomMe Page\&amp;quot;), [:], STOP_ON_FAILURE)</message>
  <nestedLevel>1</nestedLevel>
  <property name="startLine">18</property>
  <property name="stepIndex">1</property>
</record>
<record>
  <date>2020-04-08T23:41:52</date>
  <millis>1586364112011</millis>
  <sequence>10</sequence>
  <level>START</level>
  <class>com.kms.katalon.core.logging.XmlKeywordLogger</class>
  <method>startTest</method>
  <thread>1</thread>
  <message>Start Test Case : Test Cases/Web RoomMe.id/1. Homepage/1. Customer Access RoomMe Page</message>
  <nestedLevel>2</nestedLevel>
  <property name="name">Test Cases/Web RoomMe.id/1. Homepage/1. Customer Access RoomMe Page</property>
  <property name="description"></property>
  <property name="id">Test Cases/Web RoomMe.id/1. Homepage/1. Customer Access RoomMe Page</property>
  <property name="source">C:\\Users\\Faldi\\Katalon Studio\\katalonroomme-master\\Test Cases\\Web RoomMe.id\\1. Homepage\\1. Customer Access RoomMe Page.tc</property>
  <property name="tag">base</property>
  <property name="isOptional">false</property>
</record>
<record>
  <date>2020-04-08T23:41:52</date>
  <millis>1586364112576</millis>
  <sequence>12</sequence>
  <level>START</level>
  <class>com.kms.katalon.core.logging.XmlKeywordLogger</class>
  <method>startKeyword</method>
  <thread>1</thread>
  <message>Start action : openBrowser(\&amp;quot;https://web.roomme.id/\&amp;quot;)</message>
  <nestedLevel>1</nestedLevel>
  <property name="startLine">18</property>
  <property name="stepIndex">1</property>
</record>
<record>
  <date>2020-04-08T23:41:52</date>
  <millis>1586364112998</millis>
  <sequence>14</sequence>
  <level>INFO</level>
  <class>com.kms.katalon.core.logging.XmlKeywordLogger</class>
  <method>logMessage</method>
  <thread>1</thread>
  <message>Starting &amp;apos;Chrome&amp;apos; driver</message>
  <nestedLevel>2</nestedLevel>
</record>
<record>
  <date>2020-04-08T23:41:53</date>
  <millis>1586364113098</millis>
  <sequence>16</sequence>
  <level>INFO</level>
  <class>com.kms.katalon.core.logging.XmlKeywordLogger</class>
  <method>logMessage</method>
  <thread>1</thread>
  <message>Action delay is set to 0 seconds</message>
  <nestedLevel>2</nestedLevel>
</record>
<record>
  <date>2020-04-08T23:42:00</date>
  <millis>1586364120727</millis>
  <sequence>18</sequence>
  <level>RUN_DATA</level>
  <class>com.kms.katalon.core.logging.XmlKeywordLogger</class>
  <method>logMessage</method>
  <thread>1</thread>
  <message>sessionId = dc08fcc720ef02f4fd2196620fdc55e2</message>
  <nestedLevel>2</nestedLevel>
  <property name="sessionId">dc08fcc720ef02f4fd2196620fdc55e2</property>
</record>
<record>
  <date>2020-04-08T23:42:00</date>
  <millis>1586364120765</millis>
  <sequence>19</sequence>
  <level>RUN_DATA</level>
  <class>com.kms.katalon.core.logging.XmlKeywordLogger</class>
  <method>logMessage</method>
  <thread>1</thread>
  <message>browser = Chrome 80.0.3987.149</message>
  <nestedLevel>2</nestedLevel>
  <property name="browser">Chrome 80.0.3987.149</property>
</record>
<record>
  <date>2020-04-08T23:42:00</date>
  <millis>1586364120766</millis>
  <sequence>20</sequence>
  <level>RUN_DATA</level>
  <class>com.kms.katalon.core.logging.XmlKeywordLogger</class>
  <method>logMessage</method>
  <thread>1</thread>
  <message>platform = Windows 10</message>
  <nestedLevel>2</nestedLevel>
  <property name="platform">Windows 10</property>
</record>
<record>
  <date>2020-04-08T23:42:00</date>
  <millis>1586364120767</millis>
  <sequence>21</sequence>
  <level>RUN_DATA</level>
  <class>com.kms.katalon.core.logging.XmlKeywordLogger</class>
  <method>logMessage</method>
  <thread>1</thread>
  <message>seleniumVersion = 3.141.59</message>
  <nestedLevel>2</nestedLevel>
  <property name="seleniumVersion">3.141.59</property>
</record>
<record>
  <date>2020-04-08T23:42:00</date>
  <millis>1586364120769</millis>
  <sequence>22</sequence>
  <level>RUN_DATA</level>
  <class>com.kms.katalon.core.logging.XmlKeywordLogger</class>
  <method>logMessage</method>
  <thread>1</thread>
  <message>proxyInformation = ProxyInformation{proxyOption=NO_PROXY, proxyServerType=HTTP, password=, proxyServerAddress=, proxyServerPort=0}</message>
  <nestedLevel>2</nestedLevel>
  <property name="proxyInformation">ProxyInformation{proxyOption=NO_PROXY, proxyServerType=HTTP, password=, proxyServerAddress=, proxyServerPort=0}</property>
</record>
<record>
  <date>2020-04-08T23:42:28</date>
  <millis>1586364148433</millis>
  <sequence>24</sequence>
  <level>PASSED</level>
  <class>com.kms.katalon.core.logging.XmlKeywordLogger</class>
  <method>logMessage</method>
  <thread>1</thread>
  <message>Browser is opened with url: &amp;apos;https://web.roomme.id/&amp;apos;</message>
  <nestedLevel>2</nestedLevel>
</record>
<record>
  <date>2020-04-08T23:42:28</date>
  <millis>1586364148434</millis>
  <sequence>25</sequence>
  <level>END</level>
  <class>com.kms.katalon.core.logging.XmlKeywordLogger</class>
  <method>endKeyword</method>
  <thread>1</thread>
  <message>End action : openBrowser(\&amp;quot;https://web.roomme.id/\&amp;quot;)</message>
  <nestedLevel>1</nestedLevel>
</record>
<record>
  <date>2020-04-08T23:42:28</date>
  <millis>1586364148435</millis>
  <sequence>26</sequence>
  <level>START</level>
  <class>com.kms.katalon.core.logging.XmlKeywordLogger</class>
  <method>startKeyword</method>
  <thread>1</thread>
  <message>Start action : maximizeWindow()</message>
  <nestedLevel>1</nestedLevel>
  <property name="startLine">21</property>
  <property name="stepIndex">2</property>
</record>
<record>
  <date>2020-04-08T23:42:32</date>
  <millis>1586364152778</millis>
  <sequence>28</sequence>
  <level>PASSED</level>
  <class>com.kms.katalon.core.logging.XmlKeywordLogger</class>
  <method>logMessage</method>
  <thread>1</thread>
  <message>Current window maximized</message>
  <nestedLevel>2</nestedLevel>
</record>
<record>
  <date>2020-04-08T23:42:32</date>
  <millis>1586364152779</millis>
  <sequence>29</sequence>
  <level>END</level>
  <class>com.kms.katalon.core.logging.XmlKeywordLogger</class>
  <method>endKeyword</method>
  <thread>1</thread>
  <message>End action : maximizeWindow()</message>
  <nestedLevel>1</nestedLevel>
</record>
<record>
  <date>2020-04-08T23:42:32</date>
  <millis>1586364152779</millis>
  <sequence>30</sequence>
  <level>START</level>
  <class>com.kms.katalon.core.logging.XmlKeywordLogger</class>
  <method>startKeyword</method>
  <thread>1</thread>
  <message>Start action : waitForPageLoad(0)</message>
  <nestedLevel>1</nestedLevel>
  <property name="startLine">23</property>
  <property name="stepIndex">3</property>
</record>
<record>
  <date>2020-04-08T23:42:32</date>
  <millis>1586364152912</millis>
  <sequence>32</sequence>
  <level>WARNING</level>
  <class>com.kms.katalon.core.logging.XmlKeywordLogger</class>
  <method>logMessage</method>
  <thread>1</thread>
  <message>Timeout &amp;apos;0&amp;apos; is invalid. Using default page load timeout: &amp;apos;30&amp;apos;</message>
  <nestedLevel>2</nestedLevel>
</record>
<record>
  <date>2020-04-08T23:42:33</date>
  <millis>1586364153125</millis>
  <sequence>33</sequence>
  <level>PASSED</level>
  <class>com.kms.katalon.core.logging.XmlKeywordLogger</class>
  <method>logMessage</method>
  <thread>1</thread>
  <message>Wait for page load successfully</message>
  <nestedLevel>2</nestedLevel>
</record>
<record>
  <date>2020-04-08T23:42:33</date>
  <millis>1586364153126</millis>
  <sequence>34</sequence>
  <level>END</level>
  <class>com.kms.katalon.core.logging.XmlKeywordLogger</class>
  <method>endKeyword</method>
  <thread>1</thread>
  <message>End action : waitForPageLoad(0)</message>
  <nestedLevel>1</nestedLevel>
</record>
<record>
  <date>2020-04-08T23:42:33</date>
  <millis>1586364153126</millis>
  <sequence>35</sequence>
  <level>PASSED</level>
  <class>com.kms.katalon.core.logging.XmlKeywordLogger</class>
  <method>logMessage</method>
  <thread>1</thread>
  <message>Test Cases/Web RoomMe.id/1. Homepage/1. Customer Access RoomMe Page</message>
  <nestedLevel>2</nestedLevel>
</record>
<record>
  <date>2020-04-08T23:42:33</date>
  <millis>1586364153127</millis>
  <sequence>36</sequence>
  <level>END</level>
  <class>com.kms.katalon.core.logging.XmlKeywordLogger</class>
  <method>endTest</method>
  <thread>1</thread>
  <message>End Test Case : Test Cases/Web RoomMe.id/1. Homepage/1. Customer Access RoomMe Page</message>
  <nestedLevel>1</nestedLevel>
</record>
<record>
  <date>2020-04-08T23:42:33</date>
  <millis>1586364153139</millis>
  <sequence>37</sequence>
  <level>PASSED</level>
  <class>com.kms.katalon.core.logging.XmlKeywordLogger</class>
  <method>logMessage</method>
  <thread>1</thread>
  <message>Call Test Case &amp;apos;Test Cases/Web RoomMe.id/1. Homepage/1. Customer Access RoomMe Page&amp;apos; successfully</message>
  <nestedLevel>1</nestedLevel>
</record>
<record>
  <date>2020-04-08T23:42:33</date>
  <millis>1586364153140</millis>
  <sequence>38</sequence>
  <level>END</level>
  <class>com.kms.katalon.core.logging.XmlKeywordLogger</class>
  <method>endKeyword</method>
  <thread>1</thread>
  <message>End action : callTestCase(findTestCase(\&amp;quot;Web RoomMe.id/1. Homepage/1. Customer Access RoomMe Page\&amp;quot;), [:], STOP_ON_FAILURE)</message>
  <nestedLevel>1</nestedLevel>
</record>
<record>
  <date>2020-04-08T23:42:33</date>
  <millis>1586364153141</millis>
  <sequence>39</sequence>
  <level>START</level>
  <class>com.kms.katalon.core.logging.XmlKeywordLogger</class>
  <method>startKeyword</method>
  <thread>1</thread>
  <message>Start action : waitForElementVisible(findTestObject(\&amp;quot;Web RoomMe.id/RoomMe.id Header/Button Community\&amp;quot;), 30)</message>
  <nestedLevel>1</nestedLevel>
  <property name="startLine">20</property>
  <property name="stepIndex">2</property>
</record>
<record>
  <date>2020-04-08T23:42:33</date>
  <millis>1586364153811</millis>
  <sequence>46</sequence>
  <level>PASSED</level>
  <class>com.kms.katalon.core.logging.XmlKeywordLogger</class>
  <method>logMessage</method>
  <thread>1</thread>
  <message>Object &amp;apos;Object Repository/Web RoomMe.id/RoomMe.id Header/Button Community&amp;apos; is visible</message>
  <nestedLevel>1</nestedLevel>
</record>
<record>
  <date>2020-04-08T23:42:33</date>
  <millis>1586364153812</millis>
  <sequence>47</sequence>
  <level>END</level>
  <class>com.kms.katalon.core.logging.XmlKeywordLogger</class>
  <method>endKeyword</method>
  <thread>1</thread>
  <message>End action : waitForElementVisible(findTestObject(\&amp;quot;Web RoomMe.id/RoomMe.id Header/Button Community\&amp;quot;), 30)</message>
  <nestedLevel>1</nestedLevel>
</record>
<record>
  <date>2020-04-08T23:42:33</date>
  <millis>1586364153812</millis>
  <sequence>48</sequence>
  <level>START</level>
  <class>com.kms.katalon.core.logging.XmlKeywordLogger</class>
  <method>startKeyword</method>
  <thread>1</thread>
  <message>Start action : click(findTestObject(\&amp;quot;Web RoomMe.id/RoomMe.id Header/Button Community\&amp;quot;))</message>
  <nestedLevel>1</nestedLevel>
  <property name="startLine">22</property>
  <property name="stepIndex">3</property>
</record>
<record>
  <date>2020-04-08T23:42:37</date>
  <millis>1586364157092</millis>
  <sequence>55</sequence>
  <level>PASSED</level>
  <class>com.kms.katalon.core.logging.XmlKeywordLogger</class>
  <method>logMessage</method>
  <thread>1</thread>
  <message>Object: &amp;apos;Object Repository/Web RoomMe.id/RoomMe.id Header/Button Community&amp;apos; is clicked on</message>
  <nestedLevel>1</nestedLevel>
</record>
<record>
  <date>2020-04-08T23:42:37</date>
  <millis>1586364157093</millis>
  <sequence>56</sequence>
  <level>END</level>
  <class>com.kms.katalon.core.logging.XmlKeywordLogger</class>
  <method>endKeyword</method>
  <thread>1</thread>
  <message>End action : click(findTestObject(\&amp;quot;Web RoomMe.id/RoomMe.id Header/Button Community\&amp;quot;))</message>
  <nestedLevel>1</nestedLevel>
</record>
<record>
  <date>2020-04-08T23:42:37</date>
  <millis>1586364157094</millis>
  <sequence>57</sequence>
  <level>START</level>
  <class>com.kms.katalon.core.logging.XmlKeywordLogger</class>
  <method>startKeyword</method>
  <thread>1</thread>
  <message>Start action : waitForPageLoad(0)</message>
  <nestedLevel>1</nestedLevel>
  <property name="startLine">24</property>
  <property name="stepIndex">4</property>
</record>
<record>
  <date>2020-04-08T23:42:37</date>
  <millis>1586364157103</millis>
  <sequence>59</sequence>
  <level>WARNING</level>
  <class>com.kms.katalon.core.logging.XmlKeywordLogger</class>
  <method>logMessage</method>
  <thread>1</thread>
  <message>Timeout &amp;apos;0&amp;apos; is invalid. Using default page load timeout: &amp;apos;30&amp;apos;</message>
  <nestedLevel>1</nestedLevel>
</record>
<record>
  <date>2020-04-08T23:42:37</date>
  <millis>1586364157144</millis>
  <sequence>60</sequence>
  <level>PASSED</level>
  <class>com.kms.katalon.core.logging.XmlKeywordLogger</class>
  <method>logMessage</method>
  <thread>1</thread>
  <message>Wait for page load successfully</message>
  <nestedLevel>1</nestedLevel>
</record>
<record>
  <date>2020-04-08T23:42:37</date>
  <millis>1586364157146</millis>
  <sequence>61</sequence>
  <level>END</level>
  <class>com.kms.katalon.core.logging.XmlKeywordLogger</class>
  <method>endKeyword</method>
  <thread>1</thread>
  <message>End action : waitForPageLoad(0)</message>
  <nestedLevel>1</nestedLevel>
</record>
<record>
  <date>2020-04-08T23:42:37</date>
  <millis>1586364157146</millis>
  <sequence>62</sequence>
  <level>START</level>
  <class>com.kms.katalon.core.logging.XmlKeywordLogger</class>
  <method>startKeyword</method>
  <thread>1</thread>
  <message>Start action : waitForElementVisible(findTestObject(\&amp;quot;Web RoomMe.id/Community Page/Text Community Registration\&amp;quot;), 30)</message>
  <nestedLevel>1</nestedLevel>
  <property name="startLine">26</property>
  <property name="stepIndex">5</property>
</record>
<record>
  <date>2020-04-08T23:42:37</date>
  <millis>1586364157463</millis>
  <sequence>69</sequence>
  <level>PASSED</level>
  <class>com.kms.katalon.core.logging.XmlKeywordLogger</class>
  <method>logMessage</method>
  <thread>1</thread>
  <message>Object &amp;apos;Object Repository/Web RoomMe.id/Community Page/Text Community Registration&amp;apos; is visible</message>
  <nestedLevel>1</nestedLevel>
</record>
<record>
  <date>2020-04-08T23:42:37</date>
  <millis>1586364157464</millis>
  <sequence>70</sequence>
  <level>END</level>
  <class>com.kms.katalon.core.logging.XmlKeywordLogger</class>
  <method>endKeyword</method>
  <thread>1</thread>
  <message>End action : waitForElementVisible(findTestObject(\&amp;quot;Web RoomMe.id/Community Page/Text Community Registration\&amp;quot;), 30)</message>
  <nestedLevel>1</nestedLevel>
</record>
<record>
  <date>2020-04-08T23:42:37</date>
  <millis>1586364157464</millis>
  <sequence>71</sequence>
  <level>PASSED</level>
  <class>com.kms.katalon.core.logging.XmlKeywordLogger</class>
  <method>logMessage</method>
  <thread>1</thread>
  <message>Test Cases/Web RoomMe.id/6. Community/1. Customer Access Community Page From Header</message>
  <nestedLevel>1</nestedLevel>
</record>
<record>
  <date>2020-04-08T23:42:37</date>
  <millis>1586364157465</millis>
  <sequence>72</sequence>
  <level>END</level>
  <class>com.kms.katalon.core.logging.XmlKeywordLogger</class>
  <method>endTest</method>
  <thread>1</thread>
  <message>End Test Case : Test Cases/Web RoomMe.id/6. Community/1. Customer Access Community Page From Header</message>
  <nestedLevel>0</nestedLevel>
</record>
<record>
  <date>2020-04-08T23:42:37</date>
  <millis>1586364157475</millis>
  <sequence>73</sequence>
  <level>START</level>
  <class>com.kms.katalon.core.logging.XmlKeywordLogger</class>
  <method>startTest</method>
  <thread>1</thread>
  <message>Start Test Case : Test Cases/Web RoomMe.id/6. Community/2. Customer Access Community Page From Homepage Section</message>
  <nestedLevel>1</nestedLevel>
  <property name="name">Test Cases/Web RoomMe.id/6. Community/2. Customer Access Community Page From Homepage Section</property>
  <property name="description"></property>
  <property name="id">Test Cases/Web RoomMe.id/6. Community/2. Customer Access Community Page From Homepage Section</property>
  <property name="source">C:\\Users\\Faldi\\Katalon Studio\\katalonroomme-master\\Test Cases\\Web RoomMe.id\\6. Community\\2. Customer Access Community Page From Homepage Section.tc</property>
  <property name="tag"></property>
  <property name="isOptional">false</property>
</record>
<record>
  <date>2020-04-08T23:42:37</date>
  <millis>1586364157907</millis>
  <sequence>75</sequence>
  <level>START</level>
  <class>com.kms.katalon.core.logging.XmlKeywordLogger</class>
  <method>startKeyword</method>
  <thread>1</thread>
  <message>Start action : callTestCase(findTestCase(\&amp;quot;Web RoomMe.id/1. Homepage/1. Customer Access RoomMe Page\&amp;quot;), [:], STOP_ON_FAILURE)</message>
  <nestedLevel>1</nestedLevel>
  <property name="startLine">18</property>
  <property name="stepIndex">1</property>
</record>
<record>
  <date>2020-04-08T23:42:37</date>
  <millis>1586364157972</millis>
  <sequence>78</sequence>
  <level>START</level>
  <class>com.kms.katalon.core.logging.XmlKeywordLogger</class>
  <method>startTest</method>
  <thread>1</thread>
  <message>Start Test Case : Test Cases/Web RoomMe.id/1. Homepage/1. Customer Access RoomMe Page</message>
  <nestedLevel>2</nestedLevel>
  <property name="name">Test Cases/Web RoomMe.id/1. Homepage/1. Customer Access RoomMe Page</property>
  <property name="description"></property>
  <property name="id">Test Cases/Web RoomMe.id/1. Homepage/1. Customer Access RoomMe Page</property>
  <property name="source">C:\\Users\\Faldi\\Katalon Studio\\katalonroomme-master\\Test Cases\\Web RoomMe.id\\1. Homepage\\1. Customer Access RoomMe Page.tc</property>
  <property name="tag">base</property>
  <property name="isOptional">false</property>
</record>
<record>
  <date>2020-04-08T23:42:37</date>
  <millis>1586364157990</millis>
  <sequence>80</sequence>
  <level>START</level>
  <class>com.kms.katalon.core.logging.XmlKeywordLogger</class>
  <method>startKeyword</method>
  <thread>1</thread>
  <message>Start action : openBrowser(\&amp;quot;https://web.roomme.id/\&amp;quot;)</message>
  <nestedLevel>1</nestedLevel>
  <property name="startLine">18</property>
  <property name="stepIndex">1</property>
</record>
<record>
  <date>2020-04-08T23:42:38</date>
  <millis>1586364158001</millis>
  <sequence>82</sequence>
  <level>WARNING</level>
  <class>com.kms.katalon.core.logging.XmlKeywordLogger</class>
  <method>logMessage</method>
  <thread>1</thread>
  <message>A browser is already opened. Closing browser and opening a new one</message>
  <nestedLevel>2</nestedLevel>
</record>
<record>
  <date>2020-04-08T23:42:38</date>
  <millis>1586364158738</millis>
  <sequence>83</sequence>
  <level>INFO</level>
  <class>com.kms.katalon.core.logging.XmlKeywordLogger</class>
  <method>logMessage</method>
  <thread>1</thread>
  <message>Starting &amp;apos;Chrome&amp;apos; driver</message>
  <nestedLevel>2</nestedLevel>
</record>
<record>
  <date>2020-04-08T23:42:44</date>
  <millis>1586364164066</millis>
  <sequence>86</sequence>
  <level>RUN_DATA</level>
  <class>com.kms.katalon.core.logging.XmlKeywordLogger</class>
  <method>logMessage</method>
  <thread>1</thread>
  <message>sessionId = 45ee8a58db9f939b46f75e3f3b396e17</message>
  <nestedLevel>2</nestedLevel>
  <property name="sessionId">45ee8a58db9f939b46f75e3f3b396e17</property>
</record>
<record>
  <date>2020-04-08T23:42:44</date>
  <millis>1586364164086</millis>
  <sequence>87</sequence>
  <level>RUN_DATA</level>
  <class>com.kms.katalon.core.logging.XmlKeywordLogger</class>
  <method>logMessage</method>
  <thread>1</thread>
  <message>browser = Chrome 80.0.3987.149</message>
  <nestedLevel>2</nestedLevel>
  <property name="browser">Chrome 80.0.3987.149</property>
</record>
<record>
  <date>2020-04-08T23:42:44</date>
  <millis>1586364164087</millis>
  <sequence>88</sequence>
  <level>RUN_DATA</level>
  <class>com.kms.katalon.core.logging.XmlKeywordLogger</class>
  <method>logMessage</method>
  <thread>1</thread>
  <message>platform = Windows 10</message>
  <nestedLevel>2</nestedLevel>
  <property name="platform">Windows 10</property>
</record>
<record>
  <date>2020-04-08T23:42:44</date>
  <millis>1586364164087</millis>
  <sequence>89</sequence>
  <level>RUN_DATA</level>
  <class>com.kms.katalon.core.logging.XmlKeywordLogger</class>
  <method>logMessage</method>
  <thread>1</thread>
  <message>seleniumVersion = 3.141.59</message>
  <nestedLevel>2</nestedLevel>
  <property name="seleniumVersion">3.141.59</property>
</record>
<record>
  <date>2020-04-08T23:42:44</date>
  <millis>1586364164088</millis>
  <sequence>90</sequence>
  <level>RUN_DATA</level>
  <class>com.kms.katalon.core.logging.XmlKeywordLogger</class>
  <method>logMessage</method>
  <thread>1</thread>
  <message>proxyInformation = ProxyInformation{proxyOption=NO_PROXY, proxyServerType=HTTP, password=, proxyServerAddress=, proxyServerPort=0}</message>
  <nestedLevel>2</nestedLevel>
  <property name="proxyInformation">ProxyInformation{proxyOption=NO_PROXY, proxyServerType=HTTP, password=, proxyServerAddress=, proxyServerPort=0}</property>
</record>
<record>
  <date>2020-04-08T23:42:49</date>
  <millis>1586364169774</millis>
  <sequence>92</sequence>
  <level>PASSED</level>
  <class>com.kms.katalon.core.logging.XmlKeywordLogger</class>
  <method>logMessage</method>
  <thread>1</thread>
  <message>Browser is opened with url: &amp;apos;https://web.roomme.id/&amp;apos;</message>
  <nestedLevel>2</nestedLevel>
</record>
<record>
  <date>2020-04-08T23:42:49</date>
  <millis>1586364169775</millis>
  <sequence>93</sequence>
  <level>END</level>
  <class>com.kms.katalon.core.logging.XmlKeywordLogger</class>
  <method>endKeyword</method>
  <thread>1</thread>
  <message>End action : openBrowser(\&amp;quot;https://web.roomme.id/\&amp;quot;)</message>
  <nestedLevel>1</nestedLevel>
</record>
<record>
  <date>2020-04-08T23:42:49</date>
  <millis>1586364169775</millis>
  <sequence>94</sequence>
  <level>START</level>
  <class>com.kms.katalon.core.logging.XmlKeywordLogger</class>
  <method>startKeyword</method>
  <thread>1</thread>
  <message>Start action : maximizeWindow()</message>
  <nestedLevel>1</nestedLevel>
  <property name="startLine">21</property>
  <property name="stepIndex">2</property>
</record>
<record>
  <date>2020-04-08T23:42:54</date>
  <millis>1586364174085</millis>
  <sequence>96</sequence>
  <level>PASSED</level>
  <class>com.kms.katalon.core.logging.XmlKeywordLogger</class>
  <method>logMessage</method>
  <thread>1</thread>
  <message>Current window maximized</message>
  <nestedLevel>2</nestedLevel>
</record>
<record>
  <date>2020-04-08T23:42:54</date>
  <millis>1586364174086</millis>
  <sequence>97</sequence>
  <level>END</level>
  <class>com.kms.katalon.core.logging.XmlKeywordLogger</class>
  <method>endKeyword</method>
  <thread>1</thread>
  <message>End action : maximizeWindow()</message>
  <nestedLevel>1</nestedLevel>
</record>
<record>
  <date>2020-04-08T23:42:54</date>
  <millis>1586364174086</millis>
  <sequence>98</sequence>
  <level>START</level>
  <class>com.kms.katalon.core.logging.XmlKeywordLogger</class>
  <method>startKeyword</method>
  <thread>1</thread>
  <message>Start action : waitForPageLoad(0)</message>
  <nestedLevel>1</nestedLevel>
  <property name="startLine">23</property>
  <property name="stepIndex">3</property>
</record>
<record>
  <date>2020-04-08T23:42:54</date>
  <millis>1586364174094</millis>
  <sequence>100</sequence>
  <level>WARNING</level>
  <class>com.kms.katalon.core.logging.XmlKeywordLogger</class>
  <method>logMessage</method>
  <thread>1</thread>
  <message>Timeout &amp;apos;0&amp;apos; is invalid. Using default page load timeout: &amp;apos;30&amp;apos;</message>
  <nestedLevel>2</nestedLevel>
</record>
<record>
  <date>2020-04-08T23:42:54</date>
  <millis>1586364174185</millis>
  <sequence>101</sequence>
  <level>PASSED</level>
  <class>com.kms.katalon.core.logging.XmlKeywordLogger</class>
  <method>logMessage</method>
  <thread>1</thread>
  <message>Wait for page load successfully</message>
  <nestedLevel>2</nestedLevel>
</record>
<record>
  <date>2020-04-08T23:42:54</date>
  <millis>1586364174185</millis>
  <sequence>102</sequence>
  <level>END</level>
  <class>com.kms.katalon.core.logging.XmlKeywordLogger</class>
  <method>endKeyword</method>
  <thread>1</thread>
  <message>End action : waitForPageLoad(0)</message>
  <nestedLevel>1</nestedLevel>
</record>
<record>
  <date>2020-04-08T23:42:54</date>
  <millis>1586364174186</millis>
  <sequence>103</sequence>
  <level>PASSED</level>
  <class>com.kms.katalon.core.logging.XmlKeywordLogger</class>
  <method>logMessage</method>
  <thread>1</thread>
  <message>Test Cases/Web RoomMe.id/1. Homepage/1. Customer Access RoomMe Page</message>
  <nestedLevel>2</nestedLevel>
</record>
<record>
  <date>2020-04-08T23:42:54</date>
  <millis>1586364174186</millis>
  <sequence>104</sequence>
  <level>END</level>
  <class>com.kms.katalon.core.logging.XmlKeywordLogger</class>
  <method>endTest</method>
  <thread>1</thread>
  <message>End Test Case : Test Cases/Web RoomMe.id/1. Homepage/1. Customer Access RoomMe Page</message>
  <nestedLevel>1</nestedLevel>
</record>
<record>
  <date>2020-04-08T23:42:54</date>
  <millis>1586364174187</millis>
  <sequence>105</sequence>
  <level>PASSED</level>
  <class>com.kms.katalon.core.logging.XmlKeywordLogger</class>
  <method>logMessage</method>
  <thread>1</thread>
  <message>Call Test Case &amp;apos;Test Cases/Web RoomMe.id/1. Homepage/1. Customer Access RoomMe Page&amp;apos; successfully</message>
  <nestedLevel>1</nestedLevel>
</record>
<record>
  <date>2020-04-08T23:42:54</date>
  <millis>1586364174188</millis>
  <sequence>106</sequence>
  <level>END</level>
  <class>com.kms.katalon.core.logging.XmlKeywordLogger</class>
  <method>endKeyword</method>
  <thread>1</thread>
  <message>End action : callTestCase(findTestCase(\&amp;quot;Web RoomMe.id/1. Homepage/1. Customer Access RoomMe Page\&amp;quot;), [:], STOP_ON_FAILURE)</message>
  <nestedLevel>1</nestedLevel>
</record>
<record>
  <date>2020-04-08T23:42:54</date>
  <millis>1586364174189</millis>
  <sequence>107</sequence>
  <level>START</level>
  <class>com.kms.katalon.core.logging.XmlKeywordLogger</class>
  <method>startKeyword</method>
  <thread>1</thread>
  <message>Start action : waitForElementVisible(findTestObject(\&amp;quot;Web RoomMe.id/RoomMe.id Homepage/Button Explore Community\&amp;quot;), 30)</message>
  <nestedLevel>1</nestedLevel>
  <property name="startLine">20</property>
  <property name="stepIndex">2</property>
</record>
<record>
  <date>2020-04-08T23:42:54</date>
  <millis>1586364174617</millis>
  <sequence>114</sequence>
  <level>PASSED</level>
  <class>com.kms.katalon.core.logging.XmlKeywordLogger</class>
  <method>logMessage</method>
  <thread>1</thread>
  <message>Object &amp;apos;Object Repository/Web RoomMe.id/RoomMe.id Homepage/Button Explore Community&amp;apos; is visible</message>
  <nestedLevel>1</nestedLevel>
</record>
<record>
  <date>2020-04-08T23:42:54</date>
  <millis>1586364174617</millis>
  <sequence>115</sequence>
  <level>END</level>
  <class>com.kms.katalon.core.logging.XmlKeywordLogger</class>
  <method>endKeyword</method>
  <thread>1</thread>
  <message>End action : waitForElementVisible(findTestObject(\&amp;quot;Web RoomMe.id/RoomMe.id Homepage/Button Explore Community\&amp;quot;), 30)</message>
  <nestedLevel>1</nestedLevel>
</record>
<record>
  <date>2020-04-08T23:42:54</date>
  <millis>1586364174618</millis>
  <sequence>116</sequence>
  <level>START</level>
  <class>com.kms.katalon.core.logging.XmlKeywordLogger</class>
  <method>startKeyword</method>
  <thread>1</thread>
  <message>Start action : click(findTestObject(\&amp;quot;Web RoomMe.id/RoomMe.id Homepage/Button Explore Community\&amp;quot;))</message>
  <nestedLevel>1</nestedLevel>
  <property name="startLine">22</property>
  <property name="stepIndex">3</property>
</record>
<record>
  <date>2020-04-08T23:42:57</date>
  <millis>1586364177002</millis>
  <sequence>123</sequence>
  <level>PASSED</level>
  <class>com.kms.katalon.core.logging.XmlKeywordLogger</class>
  <method>logMessage</method>
  <thread>1</thread>
  <message>Object: &amp;apos;Object Repository/Web RoomMe.id/RoomMe.id Homepage/Button Explore Community&amp;apos; is clicked on</message>
  <nestedLevel>1</nestedLevel>
</record>
<record>
  <date>2020-04-08T23:42:57</date>
  <millis>1586364177003</millis>
  <sequence>124</sequence>
  <level>END</level>
  <class>com.kms.katalon.core.logging.XmlKeywordLogger</class>
  <method>endKeyword</method>
  <thread>1</thread>
  <message>End action : click(findTestObject(\&amp;quot;Web RoomMe.id/RoomMe.id Homepage/Button Explore Community\&amp;quot;))</message>
  <nestedLevel>1</nestedLevel>
</record>
<record>
  <date>2020-04-08T23:42:57</date>
  <millis>1586364177004</millis>
  <sequence>125</sequence>
  <level>START</level>
  <class>com.kms.katalon.core.logging.XmlKeywordLogger</class>
  <method>startKeyword</method>
  <thread>1</thread>
  <message>Start action : waitForPageLoad(0)</message>
  <nestedLevel>1</nestedLevel>
  <property name="startLine">24</property>
  <property name="stepIndex">4</property>
</record>
<record>
  <date>2020-04-08T23:42:57</date>
  <millis>1586364177012</millis>
  <sequence>127</sequence>
  <level>WARNING</level>
  <class>com.kms.katalon.core.logging.XmlKeywordLogger</class>
  <method>logMessage</method>
  <thread>1</thread>
  <message>Timeout &amp;apos;0&amp;apos; is invalid. Using default page load timeout: &amp;apos;30&amp;apos;</message>
  <nestedLevel>1</nestedLevel>
</record>
<record>
  <date>2020-04-08T23:42:57</date>
  <millis>1586364177035</millis>
  <sequence>128</sequence>
  <level>PASSED</level>
  <class>com.kms.katalon.core.logging.XmlKeywordLogger</class>
  <method>logMessage</method>
  <thread>1</thread>
  <message>Wait for page load successfully</message>
  <nestedLevel>1</nestedLevel>
</record>
<record>
  <date>2020-04-08T23:42:57</date>
  <millis>1586364177037</millis>
  <sequence>129</sequence>
  <level>END</level>
  <class>com.kms.katalon.core.logging.XmlKeywordLogger</class>
  <method>endKeyword</method>
  <thread>1</thread>
  <message>End action : waitForPageLoad(0)</message>
  <nestedLevel>1</nestedLevel>
</record>
<record>
  <date>2020-04-08T23:42:57</date>
  <millis>1586364177038</millis>
  <sequence>130</sequence>
  <level>START</level>
  <class>com.kms.katalon.core.logging.XmlKeywordLogger</class>
  <method>startKeyword</method>
  <thread>1</thread>
  <message>Start action : waitForElementVisible(findTestObject(\&amp;quot;Web RoomMe.id/Community Page/Text Community Registration\&amp;quot;), 30)</message>
  <nestedLevel>1</nestedLevel>
  <property name="startLine">26</property>
  <property name="stepIndex">5</property>
</record>
<record>
  <date>2020-04-08T23:42:57</date>
  <millis>1586364177287</millis>
  <sequence>137</sequence>
  <level>PASSED</level>
  <class>com.kms.katalon.core.logging.XmlKeywordLogger</class>
  <method>logMessage</method>
  <thread>1</thread>
  <message>Object &amp;apos;Object Repository/Web RoomMe.id/Community Page/Text Community Registration&amp;apos; is visible</message>
  <nestedLevel>1</nestedLevel>
</record>
<record>
  <date>2020-04-08T23:42:57</date>
  <millis>1586364177287</millis>
  <sequence>138</sequence>
  <level>END</level>
  <class>com.kms.katalon.core.logging.XmlKeywordLogger</class>
  <method>endKeyword</method>
  <thread>1</thread>
  <message>End action : waitForElementVisible(findTestObject(\&amp;quot;Web RoomMe.id/Community Page/Text Community Registration\&amp;quot;), 30)</message>
  <nestedLevel>1</nestedLevel>
</record>
<record>
  <date>2020-04-08T23:42:57</date>
  <millis>1586364177288</millis>
  <sequence>139</sequence>
  <level>PASSED</level>
  <class>com.kms.katalon.core.logging.XmlKeywordLogger</class>
  <method>logMessage</method>
  <thread>1</thread>
  <message>Test Cases/Web RoomMe.id/6. Community/2. Customer Access Community Page From Homepage Section</message>
  <nestedLevel>1</nestedLevel>
</record>
<record>
  <date>2020-04-08T23:42:57</date>
  <millis>1586364177289</millis>
  <sequence>140</sequence>
  <level>END</level>
  <class>com.kms.katalon.core.logging.XmlKeywordLogger</class>
  <method>endTest</method>
  <thread>1</thread>
  <message>End Test Case : Test Cases/Web RoomMe.id/6. Community/2. Customer Access Community Page From Homepage Section</message>
  <nestedLevel>0</nestedLevel>
</record>
<record>
  <date>2020-04-08T23:42:58</date>
  <millis>1586364178096</millis>
  <sequence>141</sequence>
  <level>END</level>
  <class>com.kms.katalon.core.logging.XmlKeywordLogger</class>
  <method>endSuite</method>
  <thread>1</thread>
  <message>End Test Suite : Test Suites/Web RoomMe.id/Customer Access Community Page</message>
  <nestedLevel>0</nestedLevel>
</record>
</log>
