<?xml version="1.0" encoding="UTF-8" standalone="no"?>
<!DOCTYPE log SYSTEM "logger.dtd">
<log>
<record>
  <date>2020-02-27T15:41:28</date>
  <millis>1582792888155</millis>
  <sequence>0</sequence>
  <level>START</level>
  <class>com.kms.katalon.core.logging.XmlKeywordLogger</class>
  <method>startSuite</method>
  <thread>1</thread>
  <message>Start Test Suite : Test Suites/Web RoomMe.id/Customer Login</message>
  <nestedLevel>0</nestedLevel>
  <property name="name">Customer Login</property>
  <property name="description"></property>
  <property name="id">Test Suites/Web RoomMe.id/Customer Login</property>
</record>
<record>
  <date>2020-02-27T15:41:28</date>
  <millis>1582792888168</millis>
  <sequence>1</sequence>
  <level>RUN_DATA</level>
  <class>com.kms.katalon.core.logging.XmlKeywordLogger</class>
  <method>logMessage</method>
  <thread>1</thread>
  <message>hostName = Win 10 - LENNONOVO</message>
  <nestedLevel>0</nestedLevel>
  <property name="hostName">Win 10 - LENNONOVO</property>
</record>
<record>
  <date>2020-02-27T15:41:28</date>
  <millis>1582792888168</millis>
  <sequence>2</sequence>
  <level>RUN_DATA</level>
  <class>com.kms.katalon.core.logging.XmlKeywordLogger</class>
  <method>logMessage</method>
  <thread>1</thread>
  <message>os = Windows 10 64bit</message>
  <nestedLevel>0</nestedLevel>
  <property name="os">Windows 10 64bit</property>
</record>
<record>
  <date>2020-02-27T15:41:28</date>
  <millis>1582792888169</millis>
  <sequence>3</sequence>
  <level>RUN_DATA</level>
  <class>com.kms.katalon.core.logging.XmlKeywordLogger</class>
  <method>logMessage</method>
  <thread>1</thread>
  <message>hostAddress = 10.241.84.162</message>
  <nestedLevel>0</nestedLevel>
  <property name="hostAddress">10.241.84.162</property>
</record>
<record>
  <date>2020-02-27T15:41:28</date>
  <millis>1582792888170</millis>
  <sequence>4</sequence>
  <level>RUN_DATA</level>
  <class>com.kms.katalon.core.logging.XmlKeywordLogger</class>
  <method>logMessage</method>
  <thread>1</thread>
  <message>katalonVersion = 7.2.1.1</message>
  <nestedLevel>0</nestedLevel>
  <property name="katalonVersion">7.2.1.1</property>
</record>
<record>
  <date>2020-02-27T15:41:28</date>
  <millis>1582792888348</millis>
  <sequence>5</sequence>
  <level>START</level>
  <class>com.kms.katalon.core.logging.XmlKeywordLogger</class>
  <method>startTest</method>
  <thread>1</thread>
  <message>Start Test Case : Test Cases/Web RoomMe.id/Verify Homepage</message>
  <nestedLevel>1</nestedLevel>
  <property name="name">Test Cases/Web RoomMe.id/Verify Homepage</property>
  <property name="description">Verify all element on RoomMe.id Homepage</property>
  <property name="id">Test Cases/Web RoomMe.id/Verify Homepage</property>
  <property name="source">C:\\Users\\Faldi\\Katalon Studio\\RoomMe\\Test Cases\\Web RoomMe.id\\Verify Homepage.tc</property>
  <property name="tag">homepage</property>
  <property name="isOptional">false</property>
</record>
<record>
  <date>2020-02-27T15:41:28</date>
  <millis>1582792888604</millis>
  <sequence>7</sequence>
  <level>START</level>
  <class>com.kms.katalon.core.logging.XmlKeywordLogger</class>
  <method>startKeyword</method>
  <thread>1</thread>
  <message>Start action : openBrowser(\&amp;quot;\&amp;quot;)</message>
  <nestedLevel>1</nestedLevel>
  <property name="startLine">19</property>
  <property name="stepIndex">1</property>
</record>
<record>
  <date>2020-02-27T15:41:28</date>
  <millis>1582792888828</millis>
  <sequence>9</sequence>
  <level>INFO</level>
  <class>com.kms.katalon.core.logging.XmlKeywordLogger</class>
  <method>logMessage</method>
  <thread>1</thread>
  <message>Starting &amp;apos;Chrome&amp;apos; driver</message>
  <nestedLevel>1</nestedLevel>
</record>
<record>
  <date>2020-02-27T15:41:28</date>
  <millis>1582792888862</millis>
  <sequence>11</sequence>
  <level>INFO</level>
  <class>com.kms.katalon.core.logging.XmlKeywordLogger</class>
  <method>logMessage</method>
  <thread>1</thread>
  <message>Action delay is set to 0 seconds</message>
  <nestedLevel>1</nestedLevel>
</record>
<record>
  <date>2020-02-27T15:41:34</date>
  <millis>1582792894824</millis>
  <sequence>13</sequence>
  <level>RUN_DATA</level>
  <class>com.kms.katalon.core.logging.XmlKeywordLogger</class>
  <method>logMessage</method>
  <thread>1</thread>
  <message>sessionId = d2f076b30dc8cd0a665f54d97496d480</message>
  <nestedLevel>1</nestedLevel>
  <property name="sessionId">d2f076b30dc8cd0a665f54d97496d480</property>
</record>
<record>
  <date>2020-02-27T15:41:34</date>
  <millis>1582792894840</millis>
  <sequence>14</sequence>
  <level>RUN_DATA</level>
  <class>com.kms.katalon.core.logging.XmlKeywordLogger</class>
  <method>logMessage</method>
  <thread>1</thread>
  <message>browser = Chrome 80.0.3987.100</message>
  <nestedLevel>1</nestedLevel>
  <property name="browser">Chrome 80.0.3987.100</property>
</record>
<record>
  <date>2020-02-27T15:41:34</date>
  <millis>1582792894840</millis>
  <sequence>15</sequence>
  <level>RUN_DATA</level>
  <class>com.kms.katalon.core.logging.XmlKeywordLogger</class>
  <method>logMessage</method>
  <thread>1</thread>
  <message>platform = Windows 10</message>
  <nestedLevel>1</nestedLevel>
  <property name="platform">Windows 10</property>
</record>
<record>
  <date>2020-02-27T15:41:34</date>
  <millis>1582792894841</millis>
  <sequence>16</sequence>
  <level>RUN_DATA</level>
  <class>com.kms.katalon.core.logging.XmlKeywordLogger</class>
  <method>logMessage</method>
  <thread>1</thread>
  <message>seleniumVersion = 3.141.59</message>
  <nestedLevel>1</nestedLevel>
  <property name="seleniumVersion">3.141.59</property>
</record>
<record>
  <date>2020-02-27T15:41:34</date>
  <millis>1582792894841</millis>
  <sequence>17</sequence>
  <level>RUN_DATA</level>
  <class>com.kms.katalon.core.logging.XmlKeywordLogger</class>
  <method>logMessage</method>
  <thread>1</thread>
  <message>proxyInformation = ProxyInformation{proxyOption=NO_PROXY, proxyServerType=HTTP, password=, proxyServerAddress=, proxyServerPort=0, executionList=}</message>
  <nestedLevel>1</nestedLevel>
  <property name="proxyInformation">ProxyInformation{proxyOption=NO_PROXY, proxyServerType=HTTP, password=, proxyServerAddress=, proxyServerPort=0, executionList=}</property>
</record>
<record>
  <date>2020-02-27T15:41:34</date>
  <millis>1582792894849</millis>
  <sequence>18</sequence>
  <level>PASSED</level>
  <class>com.kms.katalon.core.logging.XmlKeywordLogger</class>
  <method>logMessage</method>
  <thread>1</thread>
  <message>Browser is opened with url: &amp;apos;&amp;apos;</message>
  <nestedLevel>1</nestedLevel>
</record>
<record>
  <date>2020-02-27T15:41:34</date>
  <millis>1582792894849</millis>
  <sequence>19</sequence>
  <level>END</level>
  <class>com.kms.katalon.core.logging.XmlKeywordLogger</class>
  <method>endKeyword</method>
  <thread>1</thread>
  <message>End action : openBrowser(\&amp;quot;\&amp;quot;)</message>
  <nestedLevel>1</nestedLevel>
</record>
<record>
  <date>2020-02-27T15:41:34</date>
  <millis>1582792894849</millis>
  <sequence>20</sequence>
  <level>START</level>
  <class>com.kms.katalon.core.logging.XmlKeywordLogger</class>
  <method>startKeyword</method>
  <thread>1</thread>
  <message>Start action : navigateToUrl(\&amp;quot;https://web.roomme.id/\&amp;quot;)</message>
  <nestedLevel>1</nestedLevel>
  <property name="startLine">21</property>
  <property name="stepIndex">2</property>
</record>
<record>
  <date>2020-02-27T15:41:37</date>
  <millis>1582792897416</millis>
  <sequence>23</sequence>
  <level>PASSED</level>
  <class>com.kms.katalon.core.logging.XmlKeywordLogger</class>
  <method>logMessage</method>
  <thread>1</thread>
  <message>Navigate to &amp;apos;https://web.roomme.id/&amp;apos; successfully</message>
  <nestedLevel>1</nestedLevel>
</record>
<record>
  <date>2020-02-27T15:41:37</date>
  <millis>1582792897417</millis>
  <sequence>24</sequence>
  <level>END</level>
  <class>com.kms.katalon.core.logging.XmlKeywordLogger</class>
  <method>endKeyword</method>
  <thread>1</thread>
  <message>End action : navigateToUrl(\&amp;quot;https://web.roomme.id/\&amp;quot;)</message>
  <nestedLevel>1</nestedLevel>
</record>
<record>
  <date>2020-02-27T15:41:37</date>
  <millis>1582792897417</millis>
  <sequence>25</sequence>
  <level>START</level>
  <class>com.kms.katalon.core.logging.XmlKeywordLogger</class>
  <method>startKeyword</method>
  <thread>1</thread>
  <message>Start action : maximizeWindow()</message>
  <nestedLevel>1</nestedLevel>
  <property name="startLine">23</property>
  <property name="stepIndex">3</property>
</record>
<record>
  <date>2020-02-27T15:41:41</date>
  <millis>1582792901797</millis>
  <sequence>27</sequence>
  <level>PASSED</level>
  <class>com.kms.katalon.core.logging.XmlKeywordLogger</class>
  <method>logMessage</method>
  <thread>1</thread>
  <message>Current window maximized</message>
  <nestedLevel>1</nestedLevel>
</record>
<record>
  <date>2020-02-27T15:41:41</date>
  <millis>1582792901797</millis>
  <sequence>28</sequence>
  <level>END</level>
  <class>com.kms.katalon.core.logging.XmlKeywordLogger</class>
  <method>endKeyword</method>
  <thread>1</thread>
  <message>End action : maximizeWindow()</message>
  <nestedLevel>1</nestedLevel>
</record>
<record>
  <date>2020-02-27T15:41:41</date>
  <millis>1582792901798</millis>
  <sequence>29</sequence>
  <level>START</level>
  <class>com.kms.katalon.core.logging.XmlKeywordLogger</class>
  <method>startKeyword</method>
  <thread>1</thread>
  <message>Start action : verifyElementVisible(findTestObject(\&amp;quot;Web RoomMe.id/RoomMe.id Homepage/Image Logo Header\&amp;quot;))</message>
  <nestedLevel>1</nestedLevel>
  <property name="startLine">25</property>
  <property name="stepIndex">4</property>
</record>
<record>
  <date>2020-02-27T15:41:42</date>
  <millis>1582792902949</millis>
  <sequence>37</sequence>
  <level>PASSED</level>
  <class>com.kms.katalon.core.logging.XmlKeywordLogger</class>
  <method>logMessage</method>
  <thread>1</thread>
  <message>Object &amp;apos;Object Repository/Web RoomMe.id/RoomMe.id Homepage/Image Logo Header&amp;apos; is visible</message>
  <nestedLevel>1</nestedLevel>
</record>
<record>
  <date>2020-02-27T15:41:42</date>
  <millis>1582792902950</millis>
  <sequence>38</sequence>
  <level>END</level>
  <class>com.kms.katalon.core.logging.XmlKeywordLogger</class>
  <method>endKeyword</method>
  <thread>1</thread>
  <message>End action : verifyElementVisible(findTestObject(\&amp;quot;Web RoomMe.id/RoomMe.id Homepage/Image Logo Header\&amp;quot;))</message>
  <nestedLevel>1</nestedLevel>
</record>
<record>
  <date>2020-02-27T15:41:42</date>
  <millis>1582792902950</millis>
  <sequence>39</sequence>
  <level>START</level>
  <class>com.kms.katalon.core.logging.XmlKeywordLogger</class>
  <method>startKeyword</method>
  <thread>1</thread>
  <message>Start action : verifyElementVisible(findTestObject(\&amp;quot;Web RoomMe.id/RoomMe.id Homepage/Button  Community\&amp;quot;))</message>
  <nestedLevel>1</nestedLevel>
  <property name="startLine">27</property>
  <property name="stepIndex">5</property>
</record>
<record>
  <date>2020-02-27T15:41:43</date>
  <millis>1582792903278</millis>
  <sequence>47</sequence>
  <level>PASSED</level>
  <class>com.kms.katalon.core.logging.XmlKeywordLogger</class>
  <method>logMessage</method>
  <thread>1</thread>
  <message>Object &amp;apos;Object Repository/Web RoomMe.id/RoomMe.id Homepage/Button  Community&amp;apos; is visible</message>
  <nestedLevel>1</nestedLevel>
</record>
<record>
  <date>2020-02-27T15:41:43</date>
  <millis>1582792903279</millis>
  <sequence>48</sequence>
  <level>END</level>
  <class>com.kms.katalon.core.logging.XmlKeywordLogger</class>
  <method>endKeyword</method>
  <thread>1</thread>
  <message>End action : verifyElementVisible(findTestObject(\&amp;quot;Web RoomMe.id/RoomMe.id Homepage/Button  Community\&amp;quot;))</message>
  <nestedLevel>1</nestedLevel>
</record>
<record>
  <date>2020-02-27T15:41:43</date>
  <millis>1582792903279</millis>
  <sequence>49</sequence>
  <level>START</level>
  <class>com.kms.katalon.core.logging.XmlKeywordLogger</class>
  <method>startKeyword</method>
  <thread>1</thread>
  <message>Start action : verifyElementVisible(findTestObject(\&amp;quot;Web RoomMe.id/RoomMe.id Homepage/Button Promo\&amp;quot;))</message>
  <nestedLevel>1</nestedLevel>
  <property name="startLine">29</property>
  <property name="stepIndex">6</property>
</record>
<record>
  <date>2020-02-27T15:41:43</date>
  <millis>1582792903594</millis>
  <sequence>57</sequence>
  <level>PASSED</level>
  <class>com.kms.katalon.core.logging.XmlKeywordLogger</class>
  <method>logMessage</method>
  <thread>1</thread>
  <message>Object &amp;apos;Object Repository/Web RoomMe.id/RoomMe.id Homepage/Button Promo&amp;apos; is visible</message>
  <nestedLevel>1</nestedLevel>
</record>
<record>
  <date>2020-02-27T15:41:43</date>
  <millis>1582792903594</millis>
  <sequence>58</sequence>
  <level>END</level>
  <class>com.kms.katalon.core.logging.XmlKeywordLogger</class>
  <method>endKeyword</method>
  <thread>1</thread>
  <message>End action : verifyElementVisible(findTestObject(\&amp;quot;Web RoomMe.id/RoomMe.id Homepage/Button Promo\&amp;quot;))</message>
  <nestedLevel>1</nestedLevel>
</record>
<record>
  <date>2020-02-27T15:41:43</date>
  <millis>1582792903595</millis>
  <sequence>59</sequence>
  <level>START</level>
  <class>com.kms.katalon.core.logging.XmlKeywordLogger</class>
  <method>startKeyword</method>
  <thread>1</thread>
  <message>Start action : verifyElementVisible(findTestObject(\&amp;quot;Web RoomMe.id/RoomMe.id Homepage/Button List Your Unit Here\&amp;quot;))</message>
  <nestedLevel>1</nestedLevel>
  <property name="startLine">31</property>
  <property name="stepIndex">7</property>
</record>
<record>
  <date>2020-02-27T15:41:43</date>
  <millis>1582792903910</millis>
  <sequence>67</sequence>
  <level>PASSED</level>
  <class>com.kms.katalon.core.logging.XmlKeywordLogger</class>
  <method>logMessage</method>
  <thread>1</thread>
  <message>Object &amp;apos;Object Repository/Web RoomMe.id/RoomMe.id Homepage/Button List Your Unit Here&amp;apos; is visible</message>
  <nestedLevel>1</nestedLevel>
</record>
<record>
  <date>2020-02-27T15:41:43</date>
  <millis>1582792903911</millis>
  <sequence>68</sequence>
  <level>END</level>
  <class>com.kms.katalon.core.logging.XmlKeywordLogger</class>
  <method>endKeyword</method>
  <thread>1</thread>
  <message>End action : verifyElementVisible(findTestObject(\&amp;quot;Web RoomMe.id/RoomMe.id Homepage/Button List Your Unit Here\&amp;quot;))</message>
  <nestedLevel>1</nestedLevel>
</record>
<record>
  <date>2020-02-27T15:41:43</date>
  <millis>1582792903911</millis>
  <sequence>69</sequence>
  <level>START</level>
  <class>com.kms.katalon.core.logging.XmlKeywordLogger</class>
  <method>startKeyword</method>
  <thread>1</thread>
  <message>Start action : verifyElementVisible(findTestObject(\&amp;quot;Web RoomMe.id/RoomMe.id Homepage/Button Sign In\&amp;quot;))</message>
  <nestedLevel>1</nestedLevel>
  <property name="startLine">33</property>
  <property name="stepIndex">8</property>
</record>
<record>
  <date>2020-02-27T15:41:44</date>
  <millis>1582792904204</millis>
  <sequence>77</sequence>
  <level>PASSED</level>
  <class>com.kms.katalon.core.logging.XmlKeywordLogger</class>
  <method>logMessage</method>
  <thread>1</thread>
  <message>Object &amp;apos;Object Repository/Web RoomMe.id/RoomMe.id Homepage/Button Sign In&amp;apos; is visible</message>
  <nestedLevel>1</nestedLevel>
</record>
<record>
  <date>2020-02-27T15:41:44</date>
  <millis>1582792904205</millis>
  <sequence>78</sequence>
  <level>END</level>
  <class>com.kms.katalon.core.logging.XmlKeywordLogger</class>
  <method>endKeyword</method>
  <thread>1</thread>
  <message>End action : verifyElementVisible(findTestObject(\&amp;quot;Web RoomMe.id/RoomMe.id Homepage/Button Sign In\&amp;quot;))</message>
  <nestedLevel>1</nestedLevel>
</record>
<record>
  <date>2020-02-27T15:41:44</date>
  <millis>1582792904205</millis>
  <sequence>79</sequence>
  <level>START</level>
  <class>com.kms.katalon.core.logging.XmlKeywordLogger</class>
  <method>startKeyword</method>
  <thread>1</thread>
  <message>Start action : verifyElementVisible(findTestObject(\&amp;quot;Web RoomMe.id/RoomMe.id Homepage/Button Sign Up\&amp;quot;))</message>
  <nestedLevel>1</nestedLevel>
  <property name="startLine">35</property>
  <property name="stepIndex">9</property>
</record>
<record>
  <date>2020-02-27T15:41:44</date>
  <millis>1582792904498</millis>
  <sequence>87</sequence>
  <level>PASSED</level>
  <class>com.kms.katalon.core.logging.XmlKeywordLogger</class>
  <method>logMessage</method>
  <thread>1</thread>
  <message>Object &amp;apos;Object Repository/Web RoomMe.id/RoomMe.id Homepage/Button Sign Up&amp;apos; is visible</message>
  <nestedLevel>1</nestedLevel>
</record>
<record>
  <date>2020-02-27T15:41:44</date>
  <millis>1582792904499</millis>
  <sequence>88</sequence>
  <level>END</level>
  <class>com.kms.katalon.core.logging.XmlKeywordLogger</class>
  <method>endKeyword</method>
  <thread>1</thread>
  <message>End action : verifyElementVisible(findTestObject(\&amp;quot;Web RoomMe.id/RoomMe.id Homepage/Button Sign Up\&amp;quot;))</message>
  <nestedLevel>1</nestedLevel>
</record>
<record>
  <date>2020-02-27T15:41:44</date>
  <millis>1582792904499</millis>
  <sequence>89</sequence>
  <level>START</level>
  <class>com.kms.katalon.core.logging.XmlKeywordLogger</class>
  <method>startKeyword</method>
  <thread>1</thread>
  <message>Start action : verifyElementVisible(findTestObject(\&amp;quot;Web RoomMe.id/RoomMe.id Homepage/Image Thumbnail Promo\&amp;quot;))</message>
  <nestedLevel>1</nestedLevel>
  <property name="startLine">37</property>
  <property name="stepIndex">10</property>
</record>
<record>
  <date>2020-02-27T15:41:44</date>
  <millis>1582792904806</millis>
  <sequence>97</sequence>
  <level>PASSED</level>
  <class>com.kms.katalon.core.logging.XmlKeywordLogger</class>
  <method>logMessage</method>
  <thread>1</thread>
  <message>Object &amp;apos;Object Repository/Web RoomMe.id/RoomMe.id Homepage/Image Thumbnail Promo&amp;apos; is visible</message>
  <nestedLevel>1</nestedLevel>
</record>
<record>
  <date>2020-02-27T15:41:44</date>
  <millis>1582792904806</millis>
  <sequence>98</sequence>
  <level>END</level>
  <class>com.kms.katalon.core.logging.XmlKeywordLogger</class>
  <method>endKeyword</method>
  <thread>1</thread>
  <message>End action : verifyElementVisible(findTestObject(\&amp;quot;Web RoomMe.id/RoomMe.id Homepage/Image Thumbnail Promo\&amp;quot;))</message>
  <nestedLevel>1</nestedLevel>
</record>
<record>
  <date>2020-02-27T15:41:44</date>
  <millis>1582792904806</millis>
  <sequence>99</sequence>
  <level>START</level>
  <class>com.kms.katalon.core.logging.XmlKeywordLogger</class>
  <method>startKeyword</method>
  <thread>1</thread>
  <message>Start action : verifyElementVisible(findTestObject(\&amp;quot;Web RoomMe.id/RoomMe.id Homepage/Field Search Box\&amp;quot;))</message>
  <nestedLevel>1</nestedLevel>
  <property name="startLine">39</property>
  <property name="stepIndex">11</property>
</record>
<record>
  <date>2020-02-27T15:41:45</date>
  <millis>1582792905111</millis>
  <sequence>107</sequence>
  <level>PASSED</level>
  <class>com.kms.katalon.core.logging.XmlKeywordLogger</class>
  <method>logMessage</method>
  <thread>1</thread>
  <message>Object &amp;apos;Object Repository/Web RoomMe.id/RoomMe.id Homepage/Field Search Box&amp;apos; is visible</message>
  <nestedLevel>1</nestedLevel>
</record>
<record>
  <date>2020-02-27T15:41:45</date>
  <millis>1582792905111</millis>
  <sequence>108</sequence>
  <level>END</level>
  <class>com.kms.katalon.core.logging.XmlKeywordLogger</class>
  <method>endKeyword</method>
  <thread>1</thread>
  <message>End action : verifyElementVisible(findTestObject(\&amp;quot;Web RoomMe.id/RoomMe.id Homepage/Field Search Box\&amp;quot;))</message>
  <nestedLevel>1</nestedLevel>
</record>
<record>
  <date>2020-02-27T15:41:45</date>
  <millis>1582792905111</millis>
  <sequence>109</sequence>
  <level>START</level>
  <class>com.kms.katalon.core.logging.XmlKeywordLogger</class>
  <method>startKeyword</method>
  <thread>1</thread>
  <message>Start action : verifyElementVisible(findTestObject(\&amp;quot;Web RoomMe.id/RoomMe.id Homepage/Field Amenities\&amp;quot;))</message>
  <nestedLevel>1</nestedLevel>
  <property name="startLine">41</property>
  <property name="stepIndex">12</property>
</record>
<record>
  <date>2020-02-27T15:41:45</date>
  <millis>1582792905411</millis>
  <sequence>117</sequence>
  <level>PASSED</level>
  <class>com.kms.katalon.core.logging.XmlKeywordLogger</class>
  <method>logMessage</method>
  <thread>1</thread>
  <message>Object &amp;apos;Object Repository/Web RoomMe.id/RoomMe.id Homepage/Field Amenities&amp;apos; is visible</message>
  <nestedLevel>1</nestedLevel>
</record>
<record>
  <date>2020-02-27T15:41:45</date>
  <millis>1582792905411</millis>
  <sequence>118</sequence>
  <level>END</level>
  <class>com.kms.katalon.core.logging.XmlKeywordLogger</class>
  <method>endKeyword</method>
  <thread>1</thread>
  <message>End action : verifyElementVisible(findTestObject(\&amp;quot;Web RoomMe.id/RoomMe.id Homepage/Field Amenities\&amp;quot;))</message>
  <nestedLevel>1</nestedLevel>
</record>
<record>
  <date>2020-02-27T15:41:45</date>
  <millis>1582792905412</millis>
  <sequence>119</sequence>
  <level>START</level>
  <class>com.kms.katalon.core.logging.XmlKeywordLogger</class>
  <method>startKeyword</method>
  <thread>1</thread>
  <message>Start action : verifyElementVisible(findTestObject(\&amp;quot;Web RoomMe.id/RoomMe.id Homepage/Field Connect to Instagram\&amp;quot;))</message>
  <nestedLevel>1</nestedLevel>
  <property name="startLine">43</property>
  <property name="stepIndex">13</property>
</record>
<record>
  <date>2020-02-27T15:41:45</date>
  <millis>1582792905719</millis>
  <sequence>127</sequence>
  <level>PASSED</level>
  <class>com.kms.katalon.core.logging.XmlKeywordLogger</class>
  <method>logMessage</method>
  <thread>1</thread>
  <message>Object &amp;apos;Object Repository/Web RoomMe.id/RoomMe.id Homepage/Field Connect to Instagram&amp;apos; is visible</message>
  <nestedLevel>1</nestedLevel>
</record>
<record>
  <date>2020-02-27T15:41:45</date>
  <millis>1582792905719</millis>
  <sequence>128</sequence>
  <level>END</level>
  <class>com.kms.katalon.core.logging.XmlKeywordLogger</class>
  <method>endKeyword</method>
  <thread>1</thread>
  <message>End action : verifyElementVisible(findTestObject(\&amp;quot;Web RoomMe.id/RoomMe.id Homepage/Field Connect to Instagram\&amp;quot;))</message>
  <nestedLevel>1</nestedLevel>
</record>
<record>
  <date>2020-02-27T15:41:45</date>
  <millis>1582792905719</millis>
  <sequence>129</sequence>
  <level>START</level>
  <class>com.kms.katalon.core.logging.XmlKeywordLogger</class>
  <method>startKeyword</method>
  <thread>1</thread>
  <message>Start action : verifyElementVisible(findTestObject(\&amp;quot;Web RoomMe.id/RoomMe.id Homepage/Field Reccomended Kost\&amp;quot;))</message>
  <nestedLevel>1</nestedLevel>
  <property name="startLine">45</property>
  <property name="stepIndex">14</property>
</record>
<record>
  <date>2020-02-27T15:41:46</date>
  <millis>1582792906017</millis>
  <sequence>137</sequence>
  <level>PASSED</level>
  <class>com.kms.katalon.core.logging.XmlKeywordLogger</class>
  <method>logMessage</method>
  <thread>1</thread>
  <message>Object &amp;apos;Object Repository/Web RoomMe.id/RoomMe.id Homepage/Field Reccomended Kost&amp;apos; is visible</message>
  <nestedLevel>1</nestedLevel>
</record>
<record>
  <date>2020-02-27T15:41:46</date>
  <millis>1582792906017</millis>
  <sequence>138</sequence>
  <level>END</level>
  <class>com.kms.katalon.core.logging.XmlKeywordLogger</class>
  <method>endKeyword</method>
  <thread>1</thread>
  <message>End action : verifyElementVisible(findTestObject(\&amp;quot;Web RoomMe.id/RoomMe.id Homepage/Field Reccomended Kost\&amp;quot;))</message>
  <nestedLevel>1</nestedLevel>
</record>
<record>
  <date>2020-02-27T15:41:46</date>
  <millis>1582792906017</millis>
  <sequence>139</sequence>
  <level>START</level>
  <class>com.kms.katalon.core.logging.XmlKeywordLogger</class>
  <method>startKeyword</method>
  <thread>1</thread>
  <message>Start action : verifyElementVisible(findTestObject(\&amp;quot;Web RoomMe.id/RoomMe.id Homepage/Field Footer\&amp;quot;))</message>
  <nestedLevel>1</nestedLevel>
  <property name="startLine">47</property>
  <property name="stepIndex">15</property>
</record>
<record>
  <date>2020-02-27T15:41:46</date>
  <millis>1582792906304</millis>
  <sequence>147</sequence>
  <level>PASSED</level>
  <class>com.kms.katalon.core.logging.XmlKeywordLogger</class>
  <method>logMessage</method>
  <thread>1</thread>
  <message>Object &amp;apos;Object Repository/Web RoomMe.id/RoomMe.id Homepage/Field Footer&amp;apos; is visible</message>
  <nestedLevel>1</nestedLevel>
</record>
<record>
  <date>2020-02-27T15:41:46</date>
  <millis>1582792906305</millis>
  <sequence>148</sequence>
  <level>END</level>
  <class>com.kms.katalon.core.logging.XmlKeywordLogger</class>
  <method>endKeyword</method>
  <thread>1</thread>
  <message>End action : verifyElementVisible(findTestObject(\&amp;quot;Web RoomMe.id/RoomMe.id Homepage/Field Footer\&amp;quot;))</message>
  <nestedLevel>1</nestedLevel>
</record>
<record>
  <date>2020-02-27T15:41:46</date>
  <millis>1582792906305</millis>
  <sequence>149</sequence>
  <level>START</level>
  <class>com.kms.katalon.core.logging.XmlKeywordLogger</class>
  <method>startKeyword</method>
  <thread>1</thread>
  <message>Start action : verifyElementVisible(findTestObject(\&amp;quot;Web RoomMe.id/RoomMe.id Homepage/Image Logo Footer\&amp;quot;))</message>
  <nestedLevel>1</nestedLevel>
  <property name="startLine">49</property>
  <property name="stepIndex">16</property>
</record>
<record>
  <date>2020-02-27T15:41:46</date>
  <millis>1582792906599</millis>
  <sequence>157</sequence>
  <level>PASSED</level>
  <class>com.kms.katalon.core.logging.XmlKeywordLogger</class>
  <method>logMessage</method>
  <thread>1</thread>
  <message>Object &amp;apos;Object Repository/Web RoomMe.id/RoomMe.id Homepage/Image Logo Footer&amp;apos; is visible</message>
  <nestedLevel>1</nestedLevel>
</record>
<record>
  <date>2020-02-27T15:41:46</date>
  <millis>1582792906599</millis>
  <sequence>158</sequence>
  <level>END</level>
  <class>com.kms.katalon.core.logging.XmlKeywordLogger</class>
  <method>endKeyword</method>
  <thread>1</thread>
  <message>End action : verifyElementVisible(findTestObject(\&amp;quot;Web RoomMe.id/RoomMe.id Homepage/Image Logo Footer\&amp;quot;))</message>
  <nestedLevel>1</nestedLevel>
</record>
<record>
  <date>2020-02-27T15:41:46</date>
  <millis>1582792906599</millis>
  <sequence>159</sequence>
  <level>START</level>
  <class>com.kms.katalon.core.logging.XmlKeywordLogger</class>
  <method>startKeyword</method>
  <thread>1</thread>
  <message>Start action : closeBrowser()</message>
  <nestedLevel>1</nestedLevel>
  <property name="startLine">51</property>
  <property name="stepIndex">17</property>
</record>
<record>
  <date>2020-02-27T15:41:47</date>
  <millis>1582792907800</millis>
  <sequence>161</sequence>
  <level>PASSED</level>
  <class>com.kms.katalon.core.logging.XmlKeywordLogger</class>
  <method>logMessage</method>
  <thread>1</thread>
  <message>Browser is closed</message>
  <nestedLevel>1</nestedLevel>
</record>
<record>
  <date>2020-02-27T15:41:47</date>
  <millis>1582792907801</millis>
  <sequence>162</sequence>
  <level>END</level>
  <class>com.kms.katalon.core.logging.XmlKeywordLogger</class>
  <method>endKeyword</method>
  <thread>1</thread>
  <message>End action : closeBrowser()</message>
  <nestedLevel>1</nestedLevel>
</record>
<record>
  <date>2020-02-27T15:41:47</date>
  <millis>1582792907801</millis>
  <sequence>163</sequence>
  <level>PASSED</level>
  <class>com.kms.katalon.core.logging.XmlKeywordLogger</class>
  <method>logMessage</method>
  <thread>1</thread>
  <message>Test Cases/Web RoomMe.id/Verify Homepage</message>
  <nestedLevel>1</nestedLevel>
</record>
<record>
  <date>2020-02-27T15:41:47</date>
  <millis>1582792907802</millis>
  <sequence>164</sequence>
  <level>END</level>
  <class>com.kms.katalon.core.logging.XmlKeywordLogger</class>
  <method>endTest</method>
  <thread>1</thread>
  <message>End Test Case : Test Cases/Web RoomMe.id/Verify Homepage</message>
  <nestedLevel>0</nestedLevel>
</record>
<record>
  <date>2020-02-27T15:41:47</date>
  <millis>1582792907803</millis>
  <sequence>165</sequence>
  <level>INFO</level>
  <class>com.kms.katalon.core.logging.XmlKeywordLogger</class>
  <method>logMessage</method>
  <thread>1</thread>
  <message>=================== Smart XPath Report =======================</message>
  <nestedLevel>0</nestedLevel>
</record>
<record>
  <date>2020-02-27T15:41:47</date>
  <millis>1582792907803</millis>
  <sequence>166</sequence>
  <level>INFO</level>
  <class>com.kms.katalon.core.logging.XmlKeywordLogger</class>
  <method>logMessage</method>
  <thread>1</thread>
  <message>Refer to the link below to preview and approve auto healing on broken test objects.</message>
  <nestedLevel>0</nestedLevel>
</record>
<record>
  <date>2020-02-27T15:41:47</date>
  <millis>1582792907803</millis>
  <sequence>167</sequence>
  <level>INFO</level>
  <class>com.kms.katalon.core.logging.XmlKeywordLogger</class>
  <method>logMessage</method>
  <thread>1</thread>
  <message>https://docs.katalon.com/katalon-studio/docs/auto-healing-smart-xpath.html</message>
  <nestedLevel>0</nestedLevel>
</record>
<record>
  <date>2020-02-27T15:41:47</date>
  <millis>1582792907804</millis>
  <sequence>168</sequence>
  <level>INFO</level>
  <class>com.kms.katalon.core.logging.XmlKeywordLogger</class>
  <method>logMessage</method>
  <thread>1</thread>
  <message>===============================================================</message>
  <nestedLevel>0</nestedLevel>
</record>
<record>
  <date>2020-02-27T15:41:47</date>
  <millis>1582792907814</millis>
  <sequence>169</sequence>
  <level>START</level>
  <class>com.kms.katalon.core.logging.XmlKeywordLogger</class>
  <method>startTest</method>
  <thread>1</thread>
  <message>Start Test Case : Test Cases/Web RoomMe.id/Customer Login</message>
  <nestedLevel>1</nestedLevel>
  <property name="name">Test Cases/Web RoomMe.id/Customer Login</property>
  <property name="description">Customer login to RoomMe.id</property>
  <property name="id">Test Cases/Web RoomMe.id/Customer Login</property>
  <property name="source">C:\\Users\\Faldi\\Katalon Studio\\RoomMe\\Test Cases\\Web RoomMe.id\\Customer Login.tc</property>
  <property name="tag">login</property>
  <property name="isOptional">false</property>
</record>
<record>
  <date>2020-02-27T15:41:47</date>
  <millis>1582792907986</millis>
  <sequence>171</sequence>
  <level>START</level>
  <class>com.kms.katalon.core.logging.XmlKeywordLogger</class>
  <method>startKeyword</method>
  <thread>1</thread>
  <message>Start action : openBrowser(\&amp;quot;\&amp;quot;)</message>
  <nestedLevel>1</nestedLevel>
  <property name="startLine">19</property>
  <property name="stepIndex">1</property>
</record>
<record>
  <date>2020-02-27T15:41:47</date>
  <millis>1582792907992</millis>
  <sequence>173</sequence>
  <level>INFO</level>
  <class>com.kms.katalon.core.logging.XmlKeywordLogger</class>
  <method>logMessage</method>
  <thread>1</thread>
  <message>Starting &amp;apos;Chrome&amp;apos; driver</message>
  <nestedLevel>1</nestedLevel>
</record>
<record>
  <date>2020-02-27T15:41:53</date>
  <millis>1582792913952</millis>
  <sequence>176</sequence>
  <level>RUN_DATA</level>
  <class>com.kms.katalon.core.logging.XmlKeywordLogger</class>
  <method>logMessage</method>
  <thread>1</thread>
  <message>sessionId = 14093d57c1956f6a01b450d0a8d59b7d</message>
  <nestedLevel>1</nestedLevel>
  <property name="sessionId">14093d57c1956f6a01b450d0a8d59b7d</property>
</record>
<record>
  <date>2020-02-27T15:41:53</date>
  <millis>1582792913962</millis>
  <sequence>177</sequence>
  <level>RUN_DATA</level>
  <class>com.kms.katalon.core.logging.XmlKeywordLogger</class>
  <method>logMessage</method>
  <thread>1</thread>
  <message>browser = Chrome 80.0.3987.100</message>
  <nestedLevel>1</nestedLevel>
  <property name="browser">Chrome 80.0.3987.100</property>
</record>
<record>
  <date>2020-02-27T15:41:53</date>
  <millis>1582792913962</millis>
  <sequence>178</sequence>
  <level>RUN_DATA</level>
  <class>com.kms.katalon.core.logging.XmlKeywordLogger</class>
  <method>logMessage</method>
  <thread>1</thread>
  <message>platform = Windows 10</message>
  <nestedLevel>1</nestedLevel>
  <property name="platform">Windows 10</property>
</record>
<record>
  <date>2020-02-27T15:41:53</date>
  <millis>1582792913963</millis>
  <sequence>179</sequence>
  <level>RUN_DATA</level>
  <class>com.kms.katalon.core.logging.XmlKeywordLogger</class>
  <method>logMessage</method>
  <thread>1</thread>
  <message>seleniumVersion = 3.141.59</message>
  <nestedLevel>1</nestedLevel>
  <property name="seleniumVersion">3.141.59</property>
</record>
<record>
  <date>2020-02-27T15:41:53</date>
  <millis>1582792913963</millis>
  <sequence>180</sequence>
  <level>RUN_DATA</level>
  <class>com.kms.katalon.core.logging.XmlKeywordLogger</class>
  <method>logMessage</method>
  <thread>1</thread>
  <message>proxyInformation = ProxyInformation{proxyOption=NO_PROXY, proxyServerType=HTTP, password=, proxyServerAddress=, proxyServerPort=0, executionList=}</message>
  <nestedLevel>1</nestedLevel>
  <property name="proxyInformation">ProxyInformation{proxyOption=NO_PROXY, proxyServerType=HTTP, password=, proxyServerAddress=, proxyServerPort=0, executionList=}</property>
</record>
<record>
  <date>2020-02-27T15:41:53</date>
  <millis>1582792913967</millis>
  <sequence>181</sequence>
  <level>PASSED</level>
  <class>com.kms.katalon.core.logging.XmlKeywordLogger</class>
  <method>logMessage</method>
  <thread>1</thread>
  <message>Browser is opened with url: &amp;apos;&amp;apos;</message>
  <nestedLevel>1</nestedLevel>
</record>
<record>
  <date>2020-02-27T15:41:53</date>
  <millis>1582792913968</millis>
  <sequence>182</sequence>
  <level>END</level>
  <class>com.kms.katalon.core.logging.XmlKeywordLogger</class>
  <method>endKeyword</method>
  <thread>1</thread>
  <message>End action : openBrowser(\&amp;quot;\&amp;quot;)</message>
  <nestedLevel>1</nestedLevel>
</record>
<record>
  <date>2020-02-27T15:41:53</date>
  <millis>1582792913968</millis>
  <sequence>183</sequence>
  <level>START</level>
  <class>com.kms.katalon.core.logging.XmlKeywordLogger</class>
  <method>startKeyword</method>
  <thread>1</thread>
  <message>Start action : navigateToUrl(\&amp;quot;https://web.roomme.id/\&amp;quot;)</message>
  <nestedLevel>1</nestedLevel>
  <property name="startLine">21</property>
  <property name="stepIndex">2</property>
</record>
<record>
  <date>2020-02-27T15:42:00</date>
  <millis>1582792920450</millis>
  <sequence>186</sequence>
  <level>PASSED</level>
  <class>com.kms.katalon.core.logging.XmlKeywordLogger</class>
  <method>logMessage</method>
  <thread>1</thread>
  <message>Navigate to &amp;apos;https://web.roomme.id/&amp;apos; successfully</message>
  <nestedLevel>1</nestedLevel>
</record>
<record>
  <date>2020-02-27T15:42:00</date>
  <millis>1582792920452</millis>
  <sequence>187</sequence>
  <level>END</level>
  <class>com.kms.katalon.core.logging.XmlKeywordLogger</class>
  <method>endKeyword</method>
  <thread>1</thread>
  <message>End action : navigateToUrl(\&amp;quot;https://web.roomme.id/\&amp;quot;)</message>
  <nestedLevel>1</nestedLevel>
</record>
<record>
  <date>2020-02-27T15:42:00</date>
  <millis>1582792920452</millis>
  <sequence>188</sequence>
  <level>START</level>
  <class>com.kms.katalon.core.logging.XmlKeywordLogger</class>
  <method>startKeyword</method>
  <thread>1</thread>
  <message>Start action : maximizeWindow()</message>
  <nestedLevel>1</nestedLevel>
  <property name="startLine">23</property>
  <property name="stepIndex">3</property>
</record>
<record>
  <date>2020-02-27T15:42:04</date>
  <millis>1582792924583</millis>
  <sequence>190</sequence>
  <level>PASSED</level>
  <class>com.kms.katalon.core.logging.XmlKeywordLogger</class>
  <method>logMessage</method>
  <thread>1</thread>
  <message>Current window maximized</message>
  <nestedLevel>1</nestedLevel>
</record>
<record>
  <date>2020-02-27T15:42:04</date>
  <millis>1582792924584</millis>
  <sequence>191</sequence>
  <level>END</level>
  <class>com.kms.katalon.core.logging.XmlKeywordLogger</class>
  <method>endKeyword</method>
  <thread>1</thread>
  <message>End action : maximizeWindow()</message>
  <nestedLevel>1</nestedLevel>
</record>
<record>
  <date>2020-02-27T15:42:04</date>
  <millis>1582792924584</millis>
  <sequence>192</sequence>
  <level>START</level>
  <class>com.kms.katalon.core.logging.XmlKeywordLogger</class>
  <method>startKeyword</method>
  <thread>1</thread>
  <message>Start action : click(findTestObject(\&amp;quot;Web RoomMe.id/Sign In Menu/Button Sign In (Homepage)\&amp;quot;))</message>
  <nestedLevel>1</nestedLevel>
  <property name="startLine">25</property>
  <property name="stepIndex">4</property>
</record>
<record>
  <date>2020-02-27T15:42:04</date>
  <millis>1582792924956</millis>
  <sequence>203</sequence>
  <level>PASSED</level>
  <class>com.kms.katalon.core.logging.XmlKeywordLogger</class>
  <method>logMessage</method>
  <thread>1</thread>
  <message>Object: &amp;apos;Object Repository/Web RoomMe.id/Sign In Menu/Button Sign In (Homepage)&amp;apos; is clicked on</message>
  <nestedLevel>1</nestedLevel>
</record>
<record>
  <date>2020-02-27T15:42:04</date>
  <millis>1582792924956</millis>
  <sequence>204</sequence>
  <level>END</level>
  <class>com.kms.katalon.core.logging.XmlKeywordLogger</class>
  <method>endKeyword</method>
  <thread>1</thread>
  <message>End action : click(findTestObject(\&amp;quot;Web RoomMe.id/Sign In Menu/Button Sign In (Homepage)\&amp;quot;))</message>
  <nestedLevel>1</nestedLevel>
</record>
<record>
  <date>2020-02-27T15:42:04</date>
  <millis>1582792924956</millis>
  <sequence>205</sequence>
  <level>START</level>
  <class>com.kms.katalon.core.logging.XmlKeywordLogger</class>
  <method>startKeyword</method>
  <thread>1</thread>
  <message>Start action : verifyElementVisible(findTestObject(\&amp;quot;Web RoomMe.id/Sign In Menu/Textfield Email\&amp;quot;))</message>
  <nestedLevel>1</nestedLevel>
  <property name="startLine">27</property>
  <property name="stepIndex">5</property>
</record>
<record>
  <date>2020-02-27T15:42:05</date>
  <millis>1582792925561</millis>
  <sequence>213</sequence>
  <level>PASSED</level>
  <class>com.kms.katalon.core.logging.XmlKeywordLogger</class>
  <method>logMessage</method>
  <thread>1</thread>
  <message>Object &amp;apos;Object Repository/Web RoomMe.id/Sign In Menu/Textfield Email&amp;apos; is visible</message>
  <nestedLevel>1</nestedLevel>
</record>
<record>
  <date>2020-02-27T15:42:05</date>
  <millis>1582792925561</millis>
  <sequence>214</sequence>
  <level>END</level>
  <class>com.kms.katalon.core.logging.XmlKeywordLogger</class>
  <method>endKeyword</method>
  <thread>1</thread>
  <message>End action : verifyElementVisible(findTestObject(\&amp;quot;Web RoomMe.id/Sign In Menu/Textfield Email\&amp;quot;))</message>
  <nestedLevel>1</nestedLevel>
</record>
<record>
  <date>2020-02-27T15:42:05</date>
  <millis>1582792925561</millis>
  <sequence>215</sequence>
  <level>START</level>
  <class>com.kms.katalon.core.logging.XmlKeywordLogger</class>
  <method>startKeyword</method>
  <thread>1</thread>
  <message>Start action : verifyElementVisible(findTestObject(\&amp;quot;Web RoomMe.id/Sign In Menu/Textfield Password\&amp;quot;))</message>
  <nestedLevel>1</nestedLevel>
  <property name="startLine">29</property>
  <property name="stepIndex">6</property>
</record>
<record>
  <date>2020-02-27T15:42:05</date>
  <millis>1582792925853</millis>
  <sequence>223</sequence>
  <level>PASSED</level>
  <class>com.kms.katalon.core.logging.XmlKeywordLogger</class>
  <method>logMessage</method>
  <thread>1</thread>
  <message>Object &amp;apos;Object Repository/Web RoomMe.id/Sign In Menu/Textfield Password&amp;apos; is visible</message>
  <nestedLevel>1</nestedLevel>
</record>
<record>
  <date>2020-02-27T15:42:05</date>
  <millis>1582792925854</millis>
  <sequence>224</sequence>
  <level>END</level>
  <class>com.kms.katalon.core.logging.XmlKeywordLogger</class>
  <method>endKeyword</method>
  <thread>1</thread>
  <message>End action : verifyElementVisible(findTestObject(\&amp;quot;Web RoomMe.id/Sign In Menu/Textfield Password\&amp;quot;))</message>
  <nestedLevel>1</nestedLevel>
</record>
<record>
  <date>2020-02-27T15:42:05</date>
  <millis>1582792925854</millis>
  <sequence>225</sequence>
  <level>START</level>
  <class>com.kms.katalon.core.logging.XmlKeywordLogger</class>
  <method>startKeyword</method>
  <thread>1</thread>
  <message>Start action : verifyElementVisible(findTestObject(\&amp;quot;Web RoomMe.id/Sign In Menu/Button Sign In\&amp;quot;))</message>
  <nestedLevel>1</nestedLevel>
  <property name="startLine">31</property>
  <property name="stepIndex">7</property>
</record>
<record>
  <date>2020-02-27T15:42:06</date>
  <millis>1582792926157</millis>
  <sequence>233</sequence>
  <level>PASSED</level>
  <class>com.kms.katalon.core.logging.XmlKeywordLogger</class>
  <method>logMessage</method>
  <thread>1</thread>
  <message>Object &amp;apos;Object Repository/Web RoomMe.id/Sign In Menu/Button Sign In&amp;apos; is visible</message>
  <nestedLevel>1</nestedLevel>
</record>
<record>
  <date>2020-02-27T15:42:06</date>
  <millis>1582792926157</millis>
  <sequence>234</sequence>
  <level>END</level>
  <class>com.kms.katalon.core.logging.XmlKeywordLogger</class>
  <method>endKeyword</method>
  <thread>1</thread>
  <message>End action : verifyElementVisible(findTestObject(\&amp;quot;Web RoomMe.id/Sign In Menu/Button Sign In\&amp;quot;))</message>
  <nestedLevel>1</nestedLevel>
</record>
<record>
  <date>2020-02-27T15:42:06</date>
  <millis>1582792926157</millis>
  <sequence>235</sequence>
  <level>START</level>
  <class>com.kms.katalon.core.logging.XmlKeywordLogger</class>
  <method>startKeyword</method>
  <thread>1</thread>
  <message>Start action : verifyElementVisible(findTestObject(\&amp;quot;Web RoomMe.id/Sign In Menu/Button Forgot Password\&amp;quot;))</message>
  <nestedLevel>1</nestedLevel>
  <property name="startLine">33</property>
  <property name="stepIndex">8</property>
</record>
<record>
  <date>2020-02-27T15:42:06</date>
  <millis>1582792926462</millis>
  <sequence>243</sequence>
  <level>PASSED</level>
  <class>com.kms.katalon.core.logging.XmlKeywordLogger</class>
  <method>logMessage</method>
  <thread>1</thread>
  <message>Object &amp;apos;Object Repository/Web RoomMe.id/Sign In Menu/Button Forgot Password&amp;apos; is visible</message>
  <nestedLevel>1</nestedLevel>
</record>
<record>
  <date>2020-02-27T15:42:06</date>
  <millis>1582792926463</millis>
  <sequence>244</sequence>
  <level>END</level>
  <class>com.kms.katalon.core.logging.XmlKeywordLogger</class>
  <method>endKeyword</method>
  <thread>1</thread>
  <message>End action : verifyElementVisible(findTestObject(\&amp;quot;Web RoomMe.id/Sign In Menu/Button Forgot Password\&amp;quot;))</message>
  <nestedLevel>1</nestedLevel>
</record>
<record>
  <date>2020-02-27T15:42:06</date>
  <millis>1582792926463</millis>
  <sequence>245</sequence>
  <level>START</level>
  <class>com.kms.katalon.core.logging.XmlKeywordLogger</class>
  <method>startKeyword</method>
  <thread>1</thread>
  <message>Start action : setText(findTestObject(\&amp;quot;Web RoomMe.id/Sign In Menu/Textfield Email\&amp;quot;), \&amp;quot;hurujy@getnada.com\&amp;quot;)</message>
  <nestedLevel>1</nestedLevel>
  <property name="startLine">35</property>
  <property name="stepIndex">9</property>
</record>
<record>
  <date>2020-02-27T15:42:07</date>
  <millis>1582792927069</millis>
  <sequence>256</sequence>
  <level>PASSED</level>
  <class>com.kms.katalon.core.logging.XmlKeywordLogger</class>
  <method>logMessage</method>
  <thread>1</thread>
  <message>Text &amp;apos;hurujy@getnada.com&amp;apos; is set on object &amp;apos;Object Repository/Web RoomMe.id/Sign In Menu/Textfield Email&amp;apos;</message>
  <nestedLevel>1</nestedLevel>
</record>
<record>
  <date>2020-02-27T15:42:07</date>
  <millis>1582792927070</millis>
  <sequence>257</sequence>
  <level>END</level>
  <class>com.kms.katalon.core.logging.XmlKeywordLogger</class>
  <method>endKeyword</method>
  <thread>1</thread>
  <message>End action : setText(findTestObject(\&amp;quot;Web RoomMe.id/Sign In Menu/Textfield Email\&amp;quot;), \&amp;quot;hurujy@getnada.com\&amp;quot;)</message>
  <nestedLevel>1</nestedLevel>
</record>
<record>
  <date>2020-02-27T15:42:07</date>
  <millis>1582792927070</millis>
  <sequence>258</sequence>
  <level>START</level>
  <class>com.kms.katalon.core.logging.XmlKeywordLogger</class>
  <method>startKeyword</method>
  <thread>1</thread>
  <message>Start action : setEncryptedText(findTestObject(\&amp;quot;Web RoomMe.id/Sign In Menu/Textfield Password\&amp;quot;), \&amp;quot;aeHFOx8jV/A=\&amp;quot;)</message>
  <nestedLevel>1</nestedLevel>
  <property name="startLine">37</property>
  <property name="stepIndex">10</property>
</record>
<record>
  <date>2020-02-27T15:42:07</date>
  <millis>1582792927628</millis>
  <sequence>269</sequence>
  <level>PASSED</level>
  <class>com.kms.katalon.core.logging.XmlKeywordLogger</class>
  <method>logMessage</method>
  <thread>1</thread>
  <message>Text ****** has been set on object &amp;apos;Object Repository/Web RoomMe.id/Sign In Menu/Textfield Password&amp;apos;</message>
  <nestedLevel>1</nestedLevel>
</record>
<record>
  <date>2020-02-27T15:42:07</date>
  <millis>1582792927628</millis>
  <sequence>270</sequence>
  <level>END</level>
  <class>com.kms.katalon.core.logging.XmlKeywordLogger</class>
  <method>endKeyword</method>
  <thread>1</thread>
  <message>End action : setEncryptedText(findTestObject(\&amp;quot;Web RoomMe.id/Sign In Menu/Textfield Password\&amp;quot;), \&amp;quot;aeHFOx8jV/A=\&amp;quot;)</message>
  <nestedLevel>1</nestedLevel>
</record>
<record>
  <date>2020-02-27T15:42:07</date>
  <millis>1582792927628</millis>
  <sequence>271</sequence>
  <level>START</level>
  <class>com.kms.katalon.core.logging.XmlKeywordLogger</class>
  <method>startKeyword</method>
  <thread>1</thread>
  <message>Start action : click(findTestObject(\&amp;quot;Web RoomMe.id/Sign In Menu/Button Sign In\&amp;quot;))</message>
  <nestedLevel>1</nestedLevel>
  <property name="startLine">39</property>
  <property name="stepIndex">11</property>
</record>
<record>
  <date>2020-02-27T15:42:08</date>
  <millis>1582792928152</millis>
  <sequence>282</sequence>
  <level>PASSED</level>
  <class>com.kms.katalon.core.logging.XmlKeywordLogger</class>
  <method>logMessage</method>
  <thread>1</thread>
  <message>Object: &amp;apos;Object Repository/Web RoomMe.id/Sign In Menu/Button Sign In&amp;apos; is clicked on</message>
  <nestedLevel>1</nestedLevel>
</record>
<record>
  <date>2020-02-27T15:42:08</date>
  <millis>1582792928153</millis>
  <sequence>283</sequence>
  <level>END</level>
  <class>com.kms.katalon.core.logging.XmlKeywordLogger</class>
  <method>endKeyword</method>
  <thread>1</thread>
  <message>End action : click(findTestObject(\&amp;quot;Web RoomMe.id/Sign In Menu/Button Sign In\&amp;quot;))</message>
  <nestedLevel>1</nestedLevel>
</record>
<record>
  <date>2020-02-27T15:42:08</date>
  <millis>1582792928153</millis>
  <sequence>284</sequence>
  <level>START</level>
  <class>com.kms.katalon.core.logging.XmlKeywordLogger</class>
  <method>startKeyword</method>
  <thread>1</thread>
  <message>Start action : verifyElementVisible(findTestObject(\&amp;quot;Web RoomMe.id/Sign In Menu/Pop Up You have successfully signed in\&amp;quot;))</message>
  <nestedLevel>1</nestedLevel>
  <property name="startLine">41</property>
  <property name="stepIndex">12</property>
</record>
<record>
  <date>2020-02-27T15:42:08</date>
  <millis>1582792928756</millis>
  <sequence>292</sequence>
  <level>PASSED</level>
  <class>com.kms.katalon.core.logging.XmlKeywordLogger</class>
  <method>logMessage</method>
  <thread>1</thread>
  <message>Object &amp;apos;Object Repository/Web RoomMe.id/Sign In Menu/Pop Up You have successfully signed in&amp;apos; is visible</message>
  <nestedLevel>1</nestedLevel>
</record>
<record>
  <date>2020-02-27T15:42:08</date>
  <millis>1582792928756</millis>
  <sequence>293</sequence>
  <level>END</level>
  <class>com.kms.katalon.core.logging.XmlKeywordLogger</class>
  <method>endKeyword</method>
  <thread>1</thread>
  <message>End action : verifyElementVisible(findTestObject(\&amp;quot;Web RoomMe.id/Sign In Menu/Pop Up You have successfully signed in\&amp;quot;))</message>
  <nestedLevel>1</nestedLevel>
</record>
<record>
  <date>2020-02-27T15:42:08</date>
  <millis>1582792928757</millis>
  <sequence>294</sequence>
  <level>START</level>
  <class>com.kms.katalon.core.logging.XmlKeywordLogger</class>
  <method>startKeyword</method>
  <thread>1</thread>
  <message>Start action : verifyElementVisible(findTestObject(\&amp;quot;Web RoomMe.id/Sign In Menu/Button User Menu\&amp;quot;))</message>
  <nestedLevel>1</nestedLevel>
  <property name="startLine">43</property>
  <property name="stepIndex">13</property>
</record>
<record>
  <date>2020-02-27T15:42:09</date>
  <millis>1582792929055</millis>
  <sequence>302</sequence>
  <level>PASSED</level>
  <class>com.kms.katalon.core.logging.XmlKeywordLogger</class>
  <method>logMessage</method>
  <thread>1</thread>
  <message>Object &amp;apos;Object Repository/Web RoomMe.id/Sign In Menu/Button User Menu&amp;apos; is visible</message>
  <nestedLevel>1</nestedLevel>
</record>
<record>
  <date>2020-02-27T15:42:09</date>
  <millis>1582792929055</millis>
  <sequence>303</sequence>
  <level>END</level>
  <class>com.kms.katalon.core.logging.XmlKeywordLogger</class>
  <method>endKeyword</method>
  <thread>1</thread>
  <message>End action : verifyElementVisible(findTestObject(\&amp;quot;Web RoomMe.id/Sign In Menu/Button User Menu\&amp;quot;))</message>
  <nestedLevel>1</nestedLevel>
</record>
<record>
  <date>2020-02-27T15:42:09</date>
  <millis>1582792929055</millis>
  <sequence>304</sequence>
  <level>START</level>
  <class>com.kms.katalon.core.logging.XmlKeywordLogger</class>
  <method>startKeyword</method>
  <thread>1</thread>
  <message>Start action : closeBrowser()</message>
  <nestedLevel>1</nestedLevel>
  <property name="startLine">45</property>
  <property name="stepIndex">14</property>
</record>
<record>
  <date>2020-02-27T15:42:09</date>
  <millis>1582792929735</millis>
  <sequence>306</sequence>
  <level>PASSED</level>
  <class>com.kms.katalon.core.logging.XmlKeywordLogger</class>
  <method>logMessage</method>
  <thread>1</thread>
  <message>Browser is closed</message>
  <nestedLevel>1</nestedLevel>
</record>
<record>
  <date>2020-02-27T15:42:09</date>
  <millis>1582792929735</millis>
  <sequence>307</sequence>
  <level>END</level>
  <class>com.kms.katalon.core.logging.XmlKeywordLogger</class>
  <method>endKeyword</method>
  <thread>1</thread>
  <message>End action : closeBrowser()</message>
  <nestedLevel>1</nestedLevel>
</record>
<record>
  <date>2020-02-27T15:42:09</date>
  <millis>1582792929735</millis>
  <sequence>308</sequence>
  <level>PASSED</level>
  <class>com.kms.katalon.core.logging.XmlKeywordLogger</class>
  <method>logMessage</method>
  <thread>1</thread>
  <message>Test Cases/Web RoomMe.id/Customer Login</message>
  <nestedLevel>1</nestedLevel>
</record>
<record>
  <date>2020-02-27T15:42:09</date>
  <millis>1582792929736</millis>
  <sequence>309</sequence>
  <level>END</level>
  <class>com.kms.katalon.core.logging.XmlKeywordLogger</class>
  <method>endTest</method>
  <thread>1</thread>
  <message>End Test Case : Test Cases/Web RoomMe.id/Customer Login</message>
  <nestedLevel>0</nestedLevel>
</record>
<record>
  <date>2020-02-27T15:42:09</date>
  <millis>1582792929736</millis>
  <sequence>310</sequence>
  <level>INFO</level>
  <class>com.kms.katalon.core.logging.XmlKeywordLogger</class>
  <method>logMessage</method>
  <thread>1</thread>
  <message>=================== Smart XPath Report =======================</message>
  <nestedLevel>0</nestedLevel>
</record>
<record>
  <date>2020-02-27T15:42:09</date>
  <millis>1582792929737</millis>
  <sequence>311</sequence>
  <level>INFO</level>
  <class>com.kms.katalon.core.logging.XmlKeywordLogger</class>
  <method>logMessage</method>
  <thread>1</thread>
  <message>Refer to the link below to preview and approve auto healing on broken test objects.</message>
  <nestedLevel>0</nestedLevel>
</record>
<record>
  <date>2020-02-27T15:42:09</date>
  <millis>1582792929737</millis>
  <sequence>312</sequence>
  <level>INFO</level>
  <class>com.kms.katalon.core.logging.XmlKeywordLogger</class>
  <method>logMessage</method>
  <thread>1</thread>
  <message>https://docs.katalon.com/katalon-studio/docs/auto-healing-smart-xpath.html</message>
  <nestedLevel>0</nestedLevel>
</record>
<record>
  <date>2020-02-27T15:42:09</date>
  <millis>1582792929737</millis>
  <sequence>313</sequence>
  <level>INFO</level>
  <class>com.kms.katalon.core.logging.XmlKeywordLogger</class>
  <method>logMessage</method>
  <thread>1</thread>
  <message>===============================================================</message>
  <nestedLevel>0</nestedLevel>
</record>
<record>
  <date>2020-02-27T15:42:09</date>
  <millis>1582792929737</millis>
  <sequence>314</sequence>
  <level>START</level>
  <class>com.kms.katalon.core.logging.XmlKeywordLogger</class>
  <method>startKeyword</method>
  <thread>1</thread>
  <message>Start listener action : exportKatalonReports</message>
  <nestedLevel>0</nestedLevel>
</record>
<record>
  <date>2020-02-27T15:42:09</date>
  <millis>1582792929915</millis>
  <sequence>568</sequence>
  <level>INFO</level>
  <class>com.kms.katalon.core.logging.XmlKeywordLogger</class>
  <method>logMessage</method>
  <thread>1</thread>
  <message>Start generating HTML report folder at: C:\\Users\\Faldi\\Katalon Studio\\RoomMe\\Reports\\20200227_154126\\Web RoomMe.id\\Customer Login\\20200227_154126...</message>
  <nestedLevel>0</nestedLevel>
</record>
<record>
  <date>2020-02-27T15:42:10</date>
  <millis>1582792930333</millis>
  <sequence>569</sequence>
  <level>INFO</level>
  <class>com.kms.katalon.core.logging.XmlKeywordLogger</class>
  <method>logMessage</method>
  <thread>1</thread>
  <message>HTML report generated</message>
  <nestedLevel>0</nestedLevel>
</record>
<record>
  <date>2020-02-27T15:42:10</date>
  <millis>1582792930333</millis>
  <sequence>570</sequence>
  <level>INFO</level>
  <class>com.kms.katalon.core.logging.XmlKeywordLogger</class>
  <method>logMessage</method>
  <thread>1</thread>
  <message>Start generating CSV report folder at: C:\\Users\\Faldi\\Katalon Studio\\RoomMe\\Reports\\20200227_154126\\Web RoomMe.id\\Customer Login\\20200227_154126...</message>
  <nestedLevel>0</nestedLevel>
</record>
<record>
  <date>2020-02-27T15:42:10</date>
  <millis>1582792930354</millis>
  <sequence>571</sequence>
  <level>INFO</level>
  <class>com.kms.katalon.core.logging.XmlKeywordLogger</class>
  <method>logMessage</method>
  <thread>1</thread>
  <message>CSV report generated</message>
  <nestedLevel>0</nestedLevel>
</record>
<record>
  <date>2020-02-27T15:42:10</date>
  <millis>1582792930354</millis>
  <sequence>573</sequence>
  <level>END</level>
  <class>com.kms.katalon.core.logging.XmlKeywordLogger</class>
  <method>endKeyword</method>
  <thread>1</thread>
  <message>End listener action : exportKatalonReports</message>
  <nestedLevel>0</nestedLevel>
</record>
<record>
  <date>2020-02-27T15:42:10</date>
  <millis>1582792930383</millis>
  <sequence>574</sequence>
  <level>END</level>
  <class>com.kms.katalon.core.logging.XmlKeywordLogger</class>
  <method>endSuite</method>
  <thread>1</thread>
  <message>End Test Suite : Test Suites/Web RoomMe.id/Customer Login</message>
  <nestedLevel>0</nestedLevel>
</record>
</log>