[35m[Appium][39m Welcome to Appium v1.18.2
[35m[Appium][39m Non-default server args:
[35m[Appium][39m   port: 55095
[35m[Appium][39m   loglevel: info
[35m[Appium][39m   tmpDir: C:\Users\Faldi\AppData\Local\Temp\\Katalon\Appium\Temp1607592431771
[35m[Appium][39m   chromedriverPort: 55096
[35m[Appium][39m Deprecated server args:
[35m[Appium][39m   [31m--chromedriver-port[39m => --default-capabilities '{"chromedriverPort":55096}'
[35m[Appium][39m Default capabilities, which will be added to each request unless overridden by desired capabilities:
[35m[Appium][39m   chromedriverPort: 55096
[35m[Appium][39m Appium REST http interface listener started on 0.0.0.0:55095
[35m[HTTP][39m [37m-->[39m [37mGET[39m [37m/wd/hub/status[39m
[35m[HTTP][39m [90m{}[39m
[35m[HTTP][39m [37m<-- GET /wd/hub/status [39m[32m200[39m [90m6 ms - 68[39m
[35m[HTTP][39m [90m[39m
[35m[HTTP][39m [37m-->[39m [37mPOST[39m [37m/wd/hub/session[39m
[35m[HTTP][39m [90m{"desiredCapabilities":{"app":"C:\\Users\\Faldi\\Desktop\\scrcpy\\roomme.apk","noReset":true,"deviceName":"Xiaomi Redmi 7 (Android 9)","fullReset":false,"platform":"ANDROID","newCommandTimeout":1800,"platformVersion":"9","automationName":"uiautomator2","autoGrantPermissions":true,"platformName":"Android","udid":"237e12f","systemPort":55094},"capabilities":{"firstMatch":[{"appium:app":"C:\\Users\\Faldi\\Desktop\\scrcpy\\roomme.apk","appium:autoGrantPermissions":true,"appium:automationName":"uiautomator2","appium:deviceName":"Xiaomi Redmi 7 (Android 9)","appium:fullReset":false,"appium:newCommandTimeout":1800,"appium:noReset":true,"platform":"ANDROID","platformName":"android","appium:platformVersion":"9","appium:systemPort":55094,"appium:udid":"237e12f"}]}}[39m
[35m[BaseDriver][39m The following capabilities are not standard capabilities and should have an extension prefix:
[35m[BaseDriver][39m   platform
[35m[BaseDriver][39m   chromedriverPort
[35m[Appium][39m Appium v1.18.2 creating new AndroidUiautomator2Driver (v1.56.1) session
[35m[BaseDriver][39m The following capabilities were provided, but are not recognized by Appium:
[35m[BaseDriver][39m   platform
[35m[BaseDriver][39m Session created with session id: 01ee6d13-c7a7-4c14-9c55-15c81fc14619
[35m[BaseDriver][39m Using local app 'C:\Users\Faldi\Desktop\scrcpy\roomme.apk'
[35m[ADB][39m Found 1 'build-tools' folders under 'C:\Users\Faldi\.katalon\tools\android_sdk' (newest first):
[35m[ADB][39m     C:/Users/Faldi/.katalon/tools/android_sdk/build-tools/29.0.3
[35m[ADB][39m Using 'adb.exe' from 'C:\Users\Faldi\.katalon\tools\android_sdk\platform-tools\adb.exe'
[35m[AndroidDriver][39m Retrieving device list
[35m[AndroidDriver][39m Using device: 237e12f
[35m[ADB][39m Using 'adb.exe' from 'C:\Users\Faldi\.katalon\tools\android_sdk\platform-tools\adb.exe'
[35m[ADB][39m Getting device platform version
[35m[UiAutomator2][39m Relaxing hidden api policy
[35m[ADB][39m Package name: 'com.roomme.tenant.dev'
[35m[ADB][39m Main activity name: 'com.roomme.tenant.modules.splash.SplashScreen'
[35m[ADB][39m Using 'apksigner.jar' from 'C:\Users\Faldi\.katalon\tools\android_sdk\build-tools\29.0.3\lib\apksigner.jar'
[35m[UiAutomator2][39m Server packages are not going to be (re)installed
[35m[UiAutomator2][39m Starting UIAutomator2 server 4.12.2
[35m[UiAutomator2][39m Using UIAutomator2 server from 'C:\Users\Faldi\AppData\Roaming\npm\node_modules\appium\node_modules\appium-uiautomator2-server\apks\appium-uiautomator2-server-v4.12.2.apk' and test from 'C:\Users\Faldi\AppData\Roaming\npm\node_modules\appium\node_modules\appium-uiautomator2-server\apks\appium-uiautomator2-server-debug-androidTest.apk'
[35m[UiAutomator2][39m Waiting up to 30000ms for UiAutomator2 to be online...
[35m[WD Proxy][39m socket hang up
[35m[WD Proxy][39m socket hang up
[35m[WD Proxy][39m Determined the downstream protocol as 'W3C'
[35m[AndroidDriver][39m Screen already unlocked, doing nothing
[35m[UiAutomator2][39m Starting 'com.roomme.tenant.dev/com.roomme.tenant.modules.splash.SplashScreen and waiting for 'com.roomme.tenant.dev/com.roomme.tenant.modules.splash.SplashScreen'
[35m[Appium][39m New AndroidUiautomator2Driver session created successfully, session 01ee6d13-c7a7-4c14-9c55-15c81fc14619 added to master session list
[35m[HTTP][39m [37m<-- POST /wd/hub/session [39m[32m200[39m [90m10198 ms - 1218[39m
[35m[HTTP][39m [90m[39m
[35m[HTTP][39m [37m-->[39m [37mGET[39m [37m/wd/hub/session/01ee6d13-c7a7-4c14-9c55-15c81fc14619[39m
[35m[HTTP][39m [90m{}[39m
[35m[HTTP][39m [37m<-- GET /wd/hub/session/01ee6d13-c7a7-4c14-9c55-15c81fc14619 [39m[32m200[39m [90m20 ms - 1172[39m
[35m[HTTP][39m [90m[39m
[35m[HTTP][39m [37m-->[39m [37mGET[39m [37m/wd/hub/session/01ee6d13-c7a7-4c14-9c55-15c81fc14619[39m
[35m[HTTP][39m [90m{}[39m
[35m[HTTP][39m [37m<-- GET /wd/hub/session/01ee6d13-c7a7-4c14-9c55-15c81fc14619 [39m[32m200[39m [90m17 ms - 1172[39m
[35m[HTTP][39m [90m[39m
[35m[HTTP][39m [37m-->[39m [37mGET[39m [37m/wd/hub/status[39m
[35m[HTTP][39m [90m{}[39m
[35m[HTTP][39m [37m<-- GET /wd/hub/status [39m[32m200[39m [90m1 ms - 68[39m
[35m[HTTP][39m [90m[39m
[35m[HTTP][39m [37m-->[39m [37mPOST[39m [37m/wd/hub/session/01ee6d13-c7a7-4c14-9c55-15c81fc14619/timeouts[39m
[35m[HTTP][39m [90m{"implicit":10000}[39m
[35m[HTTP][39m [37m<-- POST /wd/hub/session/01ee6d13-c7a7-4c14-9c55-15c81fc14619/timeouts [39m[32m200[39m [90m6 ms - 14[39m
[35m[HTTP][39m [90m[39m
[35m[HTTP][39m [37m-->[39m [37mPOST[39m [37m/wd/hub/session/01ee6d13-c7a7-4c14-9c55-15c81fc14619/timeouts[39m
[35m[HTTP][39m [90m{"implicit":50}[39m
[35m[HTTP][39m [37m<-- POST /wd/hub/session/01ee6d13-c7a7-4c14-9c55-15c81fc14619/timeouts [39m[32m200[39m [90m3 ms - 14[39m
[35m[HTTP][39m [90m[39m
[35m[HTTP][39m [37m-->[39m [37mGET[39m [37m/wd/hub/session/01ee6d13-c7a7-4c14-9c55-15c81fc14619/window/rect[39m
[35m[HTTP][39m [90m{}[39m
[35m[HTTP][39m [37m<-- GET /wd/hub/session/01ee6d13-c7a7-4c14-9c55-15c81fc14619/window/rect [39m[32m200[39m [90m34 ms - 49[39m
[35m[HTTP][39m [90m[39m
[35m[HTTP][39m [37m-->[39m [37mPOST[39m [37m/wd/hub/session/01ee6d13-c7a7-4c14-9c55-15c81fc14619/elements[39m
[35m[HTTP][39m [90m{"using":"xpath","value":"//hierarchy/android.widget.FrameLayout[1]/android.widget.LinearLayout[1]/android.widget.FrameLayout[1]/android.widget.LinearLayout[1]/android.widget.FrameLayout[1]/android.view.ViewGroup[1]/android.widget.FrameLayout[1]/android.view.ViewGroup[1]/android.widget.FrameLayout[5]/android.widget.ImageView[1]"}[39m
[35m[HTTP][39m [37m<-- POST /wd/hub/session/01ee6d13-c7a7-4c14-9c55-15c81fc14619/elements [39m[32m200[39m [90m309 ms - 12[39m
[35m[HTTP][39m [90m[39m
[35m[HTTP][39m [37m-->[39m [37mPOST[39m [37m/wd/hub/session/01ee6d13-c7a7-4c14-9c55-15c81fc14619/elements[39m
[35m[HTTP][39m [90m{"using":"xpath","value":"//hierarchy/android.widget.FrameLayout[1]/android.widget.LinearLayout[1]/android.widget.FrameLayout[1]/android.widget.LinearLayout[1]/android.widget.FrameLayout[1]/android.view.ViewGroup[1]/android.widget.FrameLayout[1]/android.view.ViewGroup[1]/android.widget.FrameLayout[5]/android.widget.ImageView[1]"}[39m
[35m[HTTP][39m [37m<-- POST /wd/hub/session/01ee6d13-c7a7-4c14-9c55-15c81fc14619/elements [39m[32m200[39m [90m72 ms - 12[39m
[35m[HTTP][39m [90m[39m
[35m[HTTP][39m [37m-->[39m [37mPOST[39m [37m/wd/hub/session/01ee6d13-c7a7-4c14-9c55-15c81fc14619/elements[39m
[35m[HTTP][39m [90m{"using":"xpath","value":"//hierarchy/android.widget.FrameLayout[1]/android.widget.LinearLayout[1]/android.widget.FrameLayout[1]/android.widget.LinearLayout[1]/android.widget.FrameLayout[1]/android.view.ViewGroup[1]/android.widget.FrameLayout[1]/android.view.ViewGroup[1]/android.widget.FrameLayout[5]/android.widget.ImageView[1]"}[39m
[35m[HTTP][39m [37m<-- POST /wd/hub/session/01ee6d13-c7a7-4c14-9c55-15c81fc14619/elements [39m[32m200[39m [90m75 ms - 12[39m
[35m[HTTP][39m [90m[39m
[35m[HTTP][39m [37m-->[39m [37mPOST[39m [37m/wd/hub/session/01ee6d13-c7a7-4c14-9c55-15c81fc14619/elements[39m
[35m[HTTP][39m [90m{"using":"xpath","value":"//hierarchy/android.widget.FrameLayout[1]/android.widget.LinearLayout[1]/android.widget.FrameLayout[1]/android.widget.LinearLayout[1]/android.widget.FrameLayout[1]/android.view.ViewGroup[1]/android.widget.FrameLayout[1]/android.view.ViewGroup[1]/android.widget.FrameLayout[5]/android.widget.ImageView[1]"}[39m
[35m[HTTP][39m [37m<-- POST /wd/hub/session/01ee6d13-c7a7-4c14-9c55-15c81fc14619/elements [39m[32m200[39m [90m77 ms - 12[39m
[35m[HTTP][39m [90m[39m
[35m[HTTP][39m [37m-->[39m [37mPOST[39m [37m/wd/hub/session/01ee6d13-c7a7-4c14-9c55-15c81fc14619/elements[39m
[35m[HTTP][39m [90m{"using":"xpath","value":"//hierarchy/android.widget.FrameLayout[1]/android.widget.LinearLayout[1]/android.widget.FrameLayout[1]/android.widget.LinearLayout[1]/android.widget.FrameLayout[1]/android.view.ViewGroup[1]/android.widget.FrameLayout[1]/android.view.ViewGroup[1]/android.widget.FrameLayout[5]/android.widget.ImageView[1]"}[39m
[35m[HTTP][39m [37m<-- POST /wd/hub/session/01ee6d13-c7a7-4c14-9c55-15c81fc14619/elements [39m[32m200[39m [90m81 ms - 12[39m
[35m[HTTP][39m [90m[39m
[35m[HTTP][39m [37m-->[39m [37mPOST[39m [37m/wd/hub/session/01ee6d13-c7a7-4c14-9c55-15c81fc14619/elements[39m
[35m[HTTP][39m [90m{"using":"xpath","value":"//hierarchy/android.widget.FrameLayout[1]/android.widget.LinearLayout[1]/android.widget.FrameLayout[1]/android.widget.LinearLayout[1]/android.widget.FrameLayout[1]/android.view.ViewGroup[1]/android.widget.FrameLayout[1]/android.view.ViewGroup[1]/android.widget.FrameLayout[5]/android.widget.ImageView[1]"}[39m
[35m[HTTP][39m [37m<-- POST /wd/hub/session/01ee6d13-c7a7-4c14-9c55-15c81fc14619/elements [39m[32m200[39m [90m78 ms - 12[39m
[35m[HTTP][39m [90m[39m
[35m[HTTP][39m [37m-->[39m [37mPOST[39m [37m/wd/hub/session/01ee6d13-c7a7-4c14-9c55-15c81fc14619/elements[39m
[35m[HTTP][39m [90m{"using":"xpath","value":"//hierarchy/android.widget.FrameLayout[1]/android.widget.LinearLayout[1]/android.widget.FrameLayout[1]/android.widget.LinearLayout[1]/android.widget.FrameLayout[1]/android.view.ViewGroup[1]/android.widget.FrameLayout[1]/android.view.ViewGroup[1]/android.widget.FrameLayout[5]/android.widget.ImageView[1]"}[39m
[35m[HTTP][39m [37m<-- POST /wd/hub/session/01ee6d13-c7a7-4c14-9c55-15c81fc14619/elements [39m[32m200[39m [90m73 ms - 12[39m
[35m[HTTP][39m [90m[39m
[35m[HTTP][39m [37m-->[39m [37mPOST[39m [37m/wd/hub/session/01ee6d13-c7a7-4c14-9c55-15c81fc14619/elements[39m
[35m[HTTP][39m [90m{"using":"xpath","value":"//hierarchy/android.widget.FrameLayout[1]/android.widget.LinearLayout[1]/android.widget.FrameLayout[1]/android.widget.LinearLayout[1]/android.widget.FrameLayout[1]/android.view.ViewGroup[1]/android.widget.FrameLayout[1]/android.view.ViewGroup[1]/android.widget.FrameLayout[5]/android.widget.ImageView[1]"}[39m
[35m[HTTP][39m [37m<-- POST /wd/hub/session/01ee6d13-c7a7-4c14-9c55-15c81fc14619/elements [39m[32m200[39m [90m70 ms - 12[39m
[35m[HTTP][39m [90m[39m
[35m[HTTP][39m [37m-->[39m [37mPOST[39m [37m/wd/hub/session/01ee6d13-c7a7-4c14-9c55-15c81fc14619/elements[39m
[35m[HTTP][39m [90m{"using":"xpath","value":"//hierarchy/android.widget.FrameLayout[1]/android.widget.LinearLayout[1]/android.widget.FrameLayout[1]/android.widget.LinearLayout[1]/android.widget.FrameLayout[1]/android.view.ViewGroup[1]/android.widget.FrameLayout[1]/android.view.ViewGroup[1]/android.widget.FrameLayout[5]/android.widget.ImageView[1]"}[39m
[35m[HTTP][39m [37m<-- POST /wd/hub/session/01ee6d13-c7a7-4c14-9c55-15c81fc14619/elements [39m[32m200[39m [90m72 ms - 12[39m
[35m[HTTP][39m [90m[39m
[35m[HTTP][39m [37m-->[39m [37mPOST[39m [37m/wd/hub/session/01ee6d13-c7a7-4c14-9c55-15c81fc14619/elements[39m
[35m[HTTP][39m [90m{"using":"xpath","value":"//hierarchy/android.widget.FrameLayout[1]/android.widget.LinearLayout[1]/android.widget.FrameLayout[1]/android.widget.LinearLayout[1]/android.widget.FrameLayout[1]/android.view.ViewGroup[1]/android.widget.FrameLayout[1]/android.view.ViewGroup[1]/android.widget.FrameLayout[5]/android.widget.ImageView[1]"}[39m
[35m[HTTP][39m [37m<-- POST /wd/hub/session/01ee6d13-c7a7-4c14-9c55-15c81fc14619/elements [39m[32m200[39m [90m72 ms - 12[39m
[35m[HTTP][39m [90m[39m
[35m[HTTP][39m [37m-->[39m [37mPOST[39m [37m/wd/hub/session/01ee6d13-c7a7-4c14-9c55-15c81fc14619/elements[39m
[35m[HTTP][39m [90m{"using":"xpath","value":"//hierarchy/android.widget.FrameLayout[1]/android.widget.LinearLayout[1]/android.widget.FrameLayout[1]/android.widget.LinearLayout[1]/android.widget.FrameLayout[1]/android.view.ViewGroup[1]/android.widget.FrameLayout[1]/android.view.ViewGroup[1]/android.widget.FrameLayout[5]/android.widget.ImageView[1]"}[39m
[35m[HTTP][39m [37m<-- POST /wd/hub/session/01ee6d13-c7a7-4c14-9c55-15c81fc14619/elements [39m[32m200[39m [90m65 ms - 12[39m
[35m[HTTP][39m [90m[39m
[35m[HTTP][39m [37m-->[39m [37mPOST[39m [37m/wd/hub/session/01ee6d13-c7a7-4c14-9c55-15c81fc14619/elements[39m
[35m[HTTP][39m [90m{"using":"xpath","value":"//hierarchy/android.widget.FrameLayout[1]/android.widget.LinearLayout[1]/android.widget.FrameLayout[1]/android.widget.LinearLayout[1]/android.widget.FrameLayout[1]/android.view.ViewGroup[1]/android.widget.FrameLayout[1]/android.view.ViewGroup[1]/android.widget.FrameLayout[5]/android.widget.ImageView[1]"}[39m
[35m[HTTP][39m [37m<-- POST /wd/hub/session/01ee6d13-c7a7-4c14-9c55-15c81fc14619/elements [39m[32m200[39m [90m63 ms - 12[39m
[35m[HTTP][39m [90m[39m
[35m[HTTP][39m [37m-->[39m [37mPOST[39m [37m/wd/hub/session/01ee6d13-c7a7-4c14-9c55-15c81fc14619/elements[39m
[35m[HTTP][39m [90m{"using":"xpath","value":"//hierarchy/android.widget.FrameLayout[1]/android.widget.LinearLayout[1]/android.widget.FrameLayout[1]/android.widget.LinearLayout[1]/android.widget.FrameLayout[1]/android.view.ViewGroup[1]/android.widget.FrameLayout[1]/android.view.ViewGroup[1]/android.widget.FrameLayout[5]/android.widget.ImageView[1]"}[39m
[35m[HTTP][39m [37m<-- POST /wd/hub/session/01ee6d13-c7a7-4c14-9c55-15c81fc14619/elements [39m[32m200[39m [90m62 ms - 12[39m
[35m[HTTP][39m [90m[39m
[35m[HTTP][39m [37m-->[39m [37mPOST[39m [37m/wd/hub/session/01ee6d13-c7a7-4c14-9c55-15c81fc14619/elements[39m
[35m[HTTP][39m [90m{"using":"xpath","value":"//hierarchy/android.widget.FrameLayout[1]/android.widget.LinearLayout[1]/android.widget.FrameLayout[1]/android.widget.LinearLayout[1]/android.widget.FrameLayout[1]/android.view.ViewGroup[1]/android.widget.FrameLayout[1]/android.view.ViewGroup[1]/android.widget.FrameLayout[5]/android.widget.ImageView[1]"}[39m
[35m[HTTP][39m [37m<-- POST /wd/hub/session/01ee6d13-c7a7-4c14-9c55-15c81fc14619/elements [39m[32m200[39m [90m70 ms - 12[39m
[35m[HTTP][39m [90m[39m
[35m[HTTP][39m [37m-->[39m [37mPOST[39m [37m/wd/hub/session/01ee6d13-c7a7-4c14-9c55-15c81fc14619/elements[39m
[35m[HTTP][39m [90m{"using":"xpath","value":"//hierarchy/android.widget.FrameLayout[1]/android.widget.LinearLayout[1]/android.widget.FrameLayout[1]/android.widget.LinearLayout[1]/android.widget.FrameLayout[1]/android.view.ViewGroup[1]/android.widget.FrameLayout[1]/android.view.ViewGroup[1]/android.widget.FrameLayout[5]/android.widget.ImageView[1]"}[39m
[35m[HTTP][39m [37m<-- POST /wd/hub/session/01ee6d13-c7a7-4c14-9c55-15c81fc14619/elements [39m[32m200[39m [90m57 ms - 12[39m
[35m[HTTP][39m [90m[39m
[35m[HTTP][39m [37m-->[39m [37mPOST[39m [37m/wd/hub/session/01ee6d13-c7a7-4c14-9c55-15c81fc14619/elements[39m
[35m[HTTP][39m [90m{"using":"xpath","value":"//hierarchy/android.widget.FrameLayout[1]/android.widget.LinearLayout[1]/android.widget.FrameLayout[1]/android.widget.LinearLayout[1]/android.widget.FrameLayout[1]/android.view.ViewGroup[1]/android.widget.FrameLayout[1]/android.view.ViewGroup[1]/android.widget.FrameLayout[5]/android.widget.ImageView[1]"}[39m
[35m[HTTP][39m [37m<-- POST /wd/hub/session/01ee6d13-c7a7-4c14-9c55-15c81fc14619/elements [39m[32m200[39m [90m65 ms - 12[39m
[35m[HTTP][39m [90m[39m
[35m[HTTP][39m [37m-->[39m [37mPOST[39m [37m/wd/hub/session/01ee6d13-c7a7-4c14-9c55-15c81fc14619/elements[39m
[35m[HTTP][39m [90m{"using":"xpath","value":"//hierarchy/android.widget.FrameLayout[1]/android.widget.LinearLayout[1]/android.widget.FrameLayout[1]/android.widget.LinearLayout[1]/android.widget.FrameLayout[1]/android.view.ViewGroup[1]/android.widget.FrameLayout[1]/android.view.ViewGroup[1]/android.widget.FrameLayout[5]/android.widget.ImageView[1]"}[39m
[35m[HTTP][39m [37m<-- POST /wd/hub/session/01ee6d13-c7a7-4c14-9c55-15c81fc14619/elements [39m[32m200[39m [90m60 ms - 12[39m
[35m[HTTP][39m [90m[39m
[35m[HTTP][39m [37m-->[39m [37mPOST[39m [37m/wd/hub/session/01ee6d13-c7a7-4c14-9c55-15c81fc14619/elements[39m
[35m[HTTP][39m [90m{"using":"xpath","value":"//hierarchy/android.widget.FrameLayout[1]/android.widget.LinearLayout[1]/android.widget.FrameLayout[1]/android.widget.LinearLayout[1]/android.widget.FrameLayout[1]/android.view.ViewGroup[1]/android.widget.FrameLayout[1]/android.view.ViewGroup[1]/android.widget.FrameLayout[5]/android.widget.ImageView[1]"}[39m
[35m[HTTP][39m [37m<-- POST /wd/hub/session/01ee6d13-c7a7-4c14-9c55-15c81fc14619/elements [39m[32m200[39m [90m61 ms - 12[39m
[35m[HTTP][39m [90m[39m
[35m[HTTP][39m [37m-->[39m [37mPOST[39m [37m/wd/hub/session/01ee6d13-c7a7-4c14-9c55-15c81fc14619/elements[39m
[35m[HTTP][39m [90m{"using":"xpath","value":"//hierarchy/android.widget.FrameLayout[1]/android.widget.LinearLayout[1]/android.widget.FrameLayout[1]/android.widget.LinearLayout[1]/android.widget.FrameLayout[1]/android.view.ViewGroup[1]/android.widget.FrameLayout[1]/android.view.ViewGroup[1]/android.widget.FrameLayout[5]/android.widget.ImageView[1]"}[39m
[35m[HTTP][39m [37m<-- POST /wd/hub/session/01ee6d13-c7a7-4c14-9c55-15c81fc14619/elements [39m[32m200[39m [90m77 ms - 12[39m
[35m[HTTP][39m [90m[39m
[35m[HTTP][39m [37m-->[39m [37mPOST[39m [37m/wd/hub/session/01ee6d13-c7a7-4c14-9c55-15c81fc14619/elements[39m
[35m[HTTP][39m [90m{"using":"xpath","value":"//hierarchy/android.widget.FrameLayout[1]/android.widget.LinearLayout[1]/android.widget.FrameLayout[1]/android.widget.LinearLayout[1]/android.widget.FrameLayout[1]/android.view.ViewGroup[1]/android.widget.FrameLayout[1]/android.view.ViewGroup[1]/android.widget.FrameLayout[5]/android.widget.ImageView[1]"}[39m
[35m[HTTP][39m [37m<-- POST /wd/hub/session/01ee6d13-c7a7-4c14-9c55-15c81fc14619/elements [39m[32m200[39m [90m1419 ms - 12[39m
[35m[HTTP][39m [90m[39m
[35m[HTTP][39m [37m-->[39m [37mPOST[39m [37m/wd/hub/session/01ee6d13-c7a7-4c14-9c55-15c81fc14619/elements[39m
[35m[HTTP][39m [90m{"using":"xpath","value":"//hierarchy/android.widget.FrameLayout[1]/android.widget.LinearLayout[1]/android.widget.FrameLayout[1]/android.widget.LinearLayout[1]/android.widget.FrameLayout[1]/android.view.ViewGroup[1]/android.widget.FrameLayout[1]/android.view.ViewGroup[1]/android.widget.FrameLayout[5]/android.widget.ImageView[1]"}[39m
[35m[HTTP][39m [37m<-- POST /wd/hub/session/01ee6d13-c7a7-4c14-9c55-15c81fc14619/elements [39m[32m200[39m [90m2987 ms - 139[39m
[35m[HTTP][39m [90m[39m
[35m[HTTP][39m [37m-->[39m [37mGET[39m [37m/wd/hub/session/01ee6d13-c7a7-4c14-9c55-15c81fc14619/element/c08c2b11-a039-4fae-af52-bf7d194d3059/location[39m
[35m[HTTP][39m [90m{}[39m
[35m[W3C (01ee6d13)][39m Driver proxy active, passing request on via HTTP proxy
[35m[WD Proxy][39m Replacing sessionId 18a57190-19d5-46b3-898c-9ad44e08206a with 01ee6d13-c7a7-4c14-9c55-15c81fc14619
[35m[HTTP][39m [37m<-- GET /wd/hub/session/01ee6d13-c7a7-4c14-9c55-15c81fc14619/element/c08c2b11-a039-4fae-af52-bf7d194d3059/location [39m[32m200[39m [90m36 ms - 79[39m
[35m[HTTP][39m [90m[39m
[35m[HTTP][39m [37m-->[39m [37mPOST[39m [37m/wd/hub/session/01ee6d13-c7a7-4c14-9c55-15c81fc14619/timeouts[39m
[35m[HTTP][39m [90m{"implicit":10000}[39m
[35m[HTTP][39m [37m<-- POST /wd/hub/session/01ee6d13-c7a7-4c14-9c55-15c81fc14619/timeouts [39m[32m200[39m [90m2 ms - 14[39m
[35m[HTTP][39m [90m[39m
[35m[HTTP][39m [37m-->[39m [37mPOST[39m [37m/wd/hub/session/01ee6d13-c7a7-4c14-9c55-15c81fc14619/touch/perform[39m
[35m[HTTP][39m [90m{"actions":[{"action":"tap","options":{"x":1,"y":1,"element":"c08c2b11-a039-4fae-af52-bf7d194d3059"}},{"action":"release","options":{}}]}[39m
[35m[UiAutomator2][39m calling get location: c08c2b11-a039-4fae-af52-bf7d194d3059
[35m[HTTP][39m [37m<-- POST /wd/hub/session/01ee6d13-c7a7-4c14-9c55-15c81fc14619/touch/perform [39m[32m200[39m [90m223 ms - 14[39m
[35m[HTTP][39m [90m[39m
[35m[HTTP][39m [37m-->[39m [37mPOST[39m [37m/wd/hub/session/01ee6d13-c7a7-4c14-9c55-15c81fc14619/timeouts[39m
[35m[HTTP][39m [90m{"implicit":50}[39m
[35m[HTTP][39m [37m<-- POST /wd/hub/session/01ee6d13-c7a7-4c14-9c55-15c81fc14619/timeouts [39m[32m200[39m [90m2 ms - 14[39m
[35m[HTTP][39m [90m[39m
[35m[HTTP][39m [37m-->[39m [37mGET[39m [37m/wd/hub/session/01ee6d13-c7a7-4c14-9c55-15c81fc14619/window/rect[39m
[35m[HTTP][39m [90m{}[39m
[35m[HTTP][39m [37m<-- GET /wd/hub/session/01ee6d13-c7a7-4c14-9c55-15c81fc14619/window/rect [39m[32m200[39m [90m34 ms - 49[39m
[35m[HTTP][39m [90m[39m
[35m[HTTP][39m [37m-->[39m [37mPOST[39m [37m/wd/hub/session/01ee6d13-c7a7-4c14-9c55-15c81fc14619/elements[39m
[35m[HTTP][39m [90m{"using":"-android uiautomator","value":"new UiSelector().className(\"android.widget.TextView\").text(\"Sign In\").resourceId(\"com.roomme.tenant.dev:id/tvButtonName\")"}[39m
[35m[HTTP][39m [37m<-- POST /wd/hub/session/01ee6d13-c7a7-4c14-9c55-15c81fc14619/elements [39m[32m200[39m [90m931 ms - 139[39m
[35m[HTTP][39m [90m[39m
[35m[HTTP][39m [37m-->[39m [37mGET[39m [37m/wd/hub/session/01ee6d13-c7a7-4c14-9c55-15c81fc14619/element/84ca6c46-b300-4ff5-a857-752759ae73a3/location[39m
[35m[HTTP][39m [90m{}[39m
[35m[W3C (01ee6d13)][39m Driver proxy active, passing request on via HTTP proxy
[35m[WD Proxy][39m Replacing sessionId 18a57190-19d5-46b3-898c-9ad44e08206a with 01ee6d13-c7a7-4c14-9c55-15c81fc14619
[35m[HTTP][39m [37m<-- GET /wd/hub/session/01ee6d13-c7a7-4c14-9c55-15c81fc14619/element/84ca6c46-b300-4ff5-a857-752759ae73a3/location [39m[32m200[39m [90m115 ms - 78[39m
[35m[HTTP][39m [90m[39m
[35m[HTTP][39m [37m-->[39m [37mPOST[39m [37m/wd/hub/session/01ee6d13-c7a7-4c14-9c55-15c81fc14619/timeouts[39m
[35m[HTTP][39m [90m{"implicit":10000}[39m
[35m[HTTP][39m [37m<-- POST /wd/hub/session/01ee6d13-c7a7-4c14-9c55-15c81fc14619/timeouts [39m[32m200[39m [90m1 ms - 14[39m
[35m[HTTP][39m [90m[39m
[35m[HTTP][39m [37m-->[39m [37mPOST[39m [37m/wd/hub/session/01ee6d13-c7a7-4c14-9c55-15c81fc14619/touch/perform[39m
[35m[HTTP][39m [90m{"actions":[{"action":"tap","options":{"x":1,"y":1,"element":"84ca6c46-b300-4ff5-a857-752759ae73a3"}},{"action":"release","options":{}}]}[39m
[35m[UiAutomator2][39m calling get location: 84ca6c46-b300-4ff5-a857-752759ae73a3
[35m[HTTP][39m [37m<-- POST /wd/hub/session/01ee6d13-c7a7-4c14-9c55-15c81fc14619/touch/perform [39m[32m200[39m [90m737 ms - 14[39m
[35m[HTTP][39m [90m[39m
[35m[HTTP][39m [37m-->[39m [37mPOST[39m [37m/wd/hub/session/01ee6d13-c7a7-4c14-9c55-15c81fc14619/timeouts[39m
[35m[HTTP][39m [90m{"implicit":50}[39m
[35m[HTTP][39m [37m<-- POST /wd/hub/session/01ee6d13-c7a7-4c14-9c55-15c81fc14619/timeouts [39m[32m200[39m [90m2 ms - 14[39m
[35m[HTTP][39m [90m[39m
[35m[HTTP][39m [37m-->[39m [37mGET[39m [37m/wd/hub/session/01ee6d13-c7a7-4c14-9c55-15c81fc14619/window/rect[39m
[35m[HTTP][39m [90m{}[39m
[35m[HTTP][39m [37m<-- GET /wd/hub/session/01ee6d13-c7a7-4c14-9c55-15c81fc14619/window/rect [39m[32m200[39m [90m42 ms - 49[39m
[35m[HTTP][39m [90m[39m
[35m[HTTP][39m [37m-->[39m [37mPOST[39m [37m/wd/hub/session/01ee6d13-c7a7-4c14-9c55-15c81fc14619/elements[39m
[35m[HTTP][39m [90m{"using":"xpath","value":"//hierarchy/android.widget.FrameLayout[1]/android.widget.LinearLayout[1]/android.widget.FrameLayout[1]/android.widget.LinearLayout[1]/android.widget.FrameLayout[1]/android.widget.LinearLayout[1]/android.widget.FrameLayout[2]/android.widget.LinearLayout[1]/android.widget.ScrollView[1]/android.widget.LinearLayout[1]/android.widget.LinearLayout[2]/android.widget.LinearLayout[1]/android.widget.FrameLayout[1]/android.widget.TextView[1]"}[39m
[35m[HTTP][39m [37m<-- POST /wd/hub/session/01ee6d13-c7a7-4c14-9c55-15c81fc14619/elements [39m[32m200[39m [90m807 ms - 139[39m
[35m[HTTP][39m [90m[39m
[35m[HTTP][39m [37m-->[39m [37mGET[39m [37m/wd/hub/session/01ee6d13-c7a7-4c14-9c55-15c81fc14619/element/b49aff36-33db-444c-9234-ac06d87d0871/location[39m
[35m[HTTP][39m [90m{}[39m
[35m[W3C (01ee6d13)][39m Driver proxy active, passing request on via HTTP proxy
[35m[WD Proxy][39m Replacing sessionId 18a57190-19d5-46b3-898c-9ad44e08206a with 01ee6d13-c7a7-4c14-9c55-15c81fc14619
[35m[HTTP][39m [37m<-- GET /wd/hub/session/01ee6d13-c7a7-4c14-9c55-15c81fc14619/element/b49aff36-33db-444c-9234-ac06d87d0871/location [39m[32m200[39m [90m34 ms - 77[39m
[35m[HTTP][39m [90m[39m
[35m[HTTP][39m [37m-->[39m [37mPOST[39m [37m/wd/hub/session/01ee6d13-c7a7-4c14-9c55-15c81fc14619/timeouts[39m
[35m[HTTP][39m [90m{"implicit":10000}[39m
[35m[HTTP][39m [37m<-- POST /wd/hub/session/01ee6d13-c7a7-4c14-9c55-15c81fc14619/timeouts [39m[32m200[39m [90m2 ms - 14[39m
[35m[HTTP][39m [90m[39m
[35m[HTTP][39m [37m-->[39m [37mGET[39m [37m/wd/hub/session/01ee6d13-c7a7-4c14-9c55-15c81fc14619/element/b49aff36-33db-444c-9234-ac06d87d0871/text[39m
[35m[HTTP][39m [90m{}[39m
[35m[W3C (01ee6d13)][39m Driver proxy active, passing request on via HTTP proxy
[35m[WD Proxy][39m Replacing sessionId 18a57190-19d5-46b3-898c-9ad44e08206a with 01ee6d13-c7a7-4c14-9c55-15c81fc14619
[35m[HTTP][39m [37m<-- GET /wd/hub/session/01ee6d13-c7a7-4c14-9c55-15c81fc14619/element/b49aff36-33db-444c-9234-ac06d87d0871/text [39m[32m200[39m [90m38 ms - 85[39m
[35m[HTTP][39m [90m[39m
[35m[HTTP][39m [37m-->[39m [37mGET[39m [37m/wd/hub/status[39m
[35m[HTTP][39m [90m{}[39m
[35m[HTTP][39m [37m<-- GET /wd/hub/status [39m[32m200[39m [90m1 ms - 68[39m
[35m[HTTP][39m [90m[39m
[35m[HTTP][39m [37m-->[39m [37mPOST[39m [37m/wd/hub/session[39m
[35m[HTTP][39m [90m{"desiredCapabilities":{"app":"C:\\Users\\Faldi\\Desktop\\scrcpy\\roomme.apk","noReset":true,"deviceName":"Xiaomi Redmi 7 (Android 9)","fullReset":false,"platform":"ANDROID","newCommandTimeout":1800,"platformVersion":"9","automationName":"uiautomator2","autoGrantPermissions":true,"platformName":"Android","udid":"237e12f","systemPort":55235},"capabilities":{"firstMatch":[{"appium:app":"C:\\Users\\Faldi\\Desktop\\scrcpy\\roomme.apk","appium:autoGrantPermissions":true,"appium:automationName":"uiautomator2","appium:deviceName":"Xiaomi Redmi 7 (Android 9)","appium:fullReset":false,"appium:newCommandTimeout":1800,"appium:noReset":true,"platform":"ANDROID","platformName":"android","appium:platformVersion":"9","appium:systemPort":55235,"appium:udid":"237e12f"}]}}[39m
[35m[BaseDriver][39m The following capabilities are not standard capabilities and should have an extension prefix:
[35m[BaseDriver][39m   platform
[35m[BaseDriver][39m   chromedriverPort
[35m[Appium][39m Appium v1.18.2 creating new AndroidUiautomator2Driver (v1.56.1) session
[35m[BaseDriver][39m The following capabilities were provided, but are not recognized by Appium:
[35m[BaseDriver][39m   platform
[35m[BaseDriver][39m Session created with session id: 6ada9048-e816-4e45-a5a5-74fee03a37cd
[35m[BaseDriver][39m Using local app 'C:\Users\Faldi\Desktop\scrcpy\roomme.apk'
[35m[ADB][39m Using 'adb.exe' from 'C:\Users\Faldi\.katalon\tools\android_sdk\platform-tools\adb.exe'
[35m[AndroidDriver][39m Retrieving device list
[35m[AndroidDriver][39m Using device: 237e12f
[35m[ADB][39m Using 'adb.exe' from 'C:\Users\Faldi\.katalon\tools\android_sdk\platform-tools\adb.exe'
[35m[ADB][39m Getting device platform version
[35m[UiAutomator2][39m Relaxing hidden api policy
[35m[ADB][39m Package name: 'com.roomme.tenant.dev'
[35m[ADB][39m Main activity name: 'com.roomme.tenant.modules.splash.SplashScreen'
[35m[ADB][39m Using 'apksigner.jar' from 'C:\Users\Faldi\.katalon\tools\android_sdk\build-tools\29.0.3\lib\apksigner.jar'
[35m[UiAutomator2][39m Server packages are not going to be (re)installed
[35m[UiAutomator2][39m Starting UIAutomator2 server 4.12.2
[35m[UiAutomator2][39m Using UIAutomator2 server from 'C:\Users\Faldi\AppData\Roaming\npm\node_modules\appium\node_modules\appium-uiautomator2-server\apks\appium-uiautomator2-server-v4.12.2.apk' and test from 'C:\Users\Faldi\AppData\Roaming\npm\node_modules\appium\node_modules\appium-uiautomator2-server\apks\appium-uiautomator2-server-debug-androidTest.apk'
[35m[UiAutomator2][39m Waiting up to 30000ms for UiAutomator2 to be online...
[35m[WD Proxy][39m socket hang up
[35m[WD Proxy][39m socket hang up
[35m[WD Proxy][39m Determined the downstream protocol as 'W3C'
[35m[AndroidDriver][39m Screen already unlocked, doing nothing
[35m[UiAutomator2][39m Starting 'com.roomme.tenant.dev/com.roomme.tenant.modules.splash.SplashScreen and waiting for 'com.roomme.tenant.dev/com.roomme.tenant.modules.splash.SplashScreen'
[35m[Appium][39m New AndroidUiautomator2Driver session created successfully, session 6ada9048-e816-4e45-a5a5-74fee03a37cd added to master session list
[35m[HTTP][39m [37m<-- POST /wd/hub/session [39m[32m200[39m [90m10938 ms - 1218[39m
[35m[HTTP][39m [90m[39m
[35m[HTTP][39m [37m-->[39m [37mGET[39m [37m/wd/hub/session/6ada9048-e816-4e45-a5a5-74fee03a37cd[39m
[35m[HTTP][39m [90m{}[39m
[35m[HTTP][39m [37m<-- GET /wd/hub/session/6ada9048-e816-4e45-a5a5-74fee03a37cd [39m[32m200[39m [90m21 ms - 1172[39m
[35m[HTTP][39m [90m[39m
[35m[HTTP][39m [37m-->[39m [37mGET[39m [37m/wd/hub/session/6ada9048-e816-4e45-a5a5-74fee03a37cd[39m
[35m[HTTP][39m [90m{}[39m
[35m[HTTP][39m [37m<-- GET /wd/hub/session/6ada9048-e816-4e45-a5a5-74fee03a37cd [39m[32m200[39m [90m18 ms - 1172[39m
[35m[HTTP][39m [90m[39m
[35m[HTTP][39m [37m-->[39m [37mGET[39m [37m/wd/hub/status[39m
[35m[HTTP][39m [90m{}[39m
[35m[HTTP][39m [37m<-- GET /wd/hub/status [39m[32m200[39m [90m1 ms - 68[39m
[35m[HTTP][39m [90m[39m
[35m[HTTP][39m [37m-->[39m [37mPOST[39m [37m/wd/hub/session/6ada9048-e816-4e45-a5a5-74fee03a37cd/timeouts[39m
[35m[HTTP][39m [90m{"implicit":10000}[39m
[35m[HTTP][39m [37m<-- POST /wd/hub/session/6ada9048-e816-4e45-a5a5-74fee03a37cd/timeouts [39m[32m200[39m [90m1 ms - 14[39m
[35m[HTTP][39m [90m[39m
[35m[HTTP][39m [37m-->[39m [37mPOST[39m [37m/wd/hub/session/6ada9048-e816-4e45-a5a5-74fee03a37cd/timeouts[39m
[35m[HTTP][39m [90m{"implicit":50}[39m
[35m[HTTP][39m [37m<-- POST /wd/hub/session/6ada9048-e816-4e45-a5a5-74fee03a37cd/timeouts [39m[32m200[39m [90m2 ms - 14[39m
[35m[HTTP][39m [90m[39m
[35m[HTTP][39m [37m-->[39m [37mGET[39m [37m/wd/hub/session/6ada9048-e816-4e45-a5a5-74fee03a37cd/window/rect[39m
[35m[HTTP][39m [90m{}[39m
[35m[HTTP][39m [37m<-- GET /wd/hub/session/6ada9048-e816-4e45-a5a5-74fee03a37cd/window/rect [39m[32m200[39m [90m26 ms - 49[39m
[35m[HTTP][39m [90m[39m
[35m[HTTP][39m [37m-->[39m [37mPOST[39m [37m/wd/hub/session/6ada9048-e816-4e45-a5a5-74fee03a37cd/elements[39m
[35m[HTTP][39m [90m{"using":"xpath","value":"//hierarchy/android.widget.FrameLayout[1]/android.widget.LinearLayout[1]/android.widget.FrameLayout[1]/android.widget.LinearLayout[1]/android.widget.FrameLayout[1]/android.view.ViewGroup[1]/android.widget.FrameLayout[1]/android.view.ViewGroup[1]/android.widget.FrameLayout[5]/android.widget.ImageView[1]"}[39m
[35m[HTTP][39m [37m<-- POST /wd/hub/session/6ada9048-e816-4e45-a5a5-74fee03a37cd/elements [39m[32m200[39m [90m172 ms - 12[39m
[35m[HTTP][39m [90m[39m
[35m[HTTP][39m [37m-->[39m [37mPOST[39m [37m/wd/hub/session/6ada9048-e816-4e45-a5a5-74fee03a37cd/elements[39m
[35m[HTTP][39m [90m{"using":"xpath","value":"//hierarchy/android.widget.FrameLayout[1]/android.widget.LinearLayout[1]/android.widget.FrameLayout[1]/android.widget.LinearLayout[1]/android.widget.FrameLayout[1]/android.view.ViewGroup[1]/android.widget.FrameLayout[1]/android.view.ViewGroup[1]/android.widget.FrameLayout[5]/android.widget.ImageView[1]"}[39m
[35m[HTTP][39m [37m<-- POST /wd/hub/session/6ada9048-e816-4e45-a5a5-74fee03a37cd/elements [39m[32m200[39m [90m78 ms - 12[39m
[35m[HTTP][39m [90m[39m
[35m[HTTP][39m [37m-->[39m [37mPOST[39m [37m/wd/hub/session/6ada9048-e816-4e45-a5a5-74fee03a37cd/elements[39m
[35m[HTTP][39m [90m{"using":"xpath","value":"//hierarchy/android.widget.FrameLayout[1]/android.widget.LinearLayout[1]/android.widget.FrameLayout[1]/android.widget.LinearLayout[1]/android.widget.FrameLayout[1]/android.view.ViewGroup[1]/android.widget.FrameLayout[1]/android.view.ViewGroup[1]/android.widget.FrameLayout[5]/android.widget.ImageView[1]"}[39m
[35m[HTTP][39m [37m<-- POST /wd/hub/session/6ada9048-e816-4e45-a5a5-74fee03a37cd/elements [39m[32m200[39m [90m94 ms - 12[39m
[35m[HTTP][39m [90m[39m
[35m[HTTP][39m [37m-->[39m [37mPOST[39m [37m/wd/hub/session/6ada9048-e816-4e45-a5a5-74fee03a37cd/elements[39m
[35m[HTTP][39m [90m{"using":"xpath","value":"//hierarchy/android.widget.FrameLayout[1]/android.widget.LinearLayout[1]/android.widget.FrameLayout[1]/android.widget.LinearLayout[1]/android.widget.FrameLayout[1]/android.view.ViewGroup[1]/android.widget.FrameLayout[1]/android.view.ViewGroup[1]/android.widget.FrameLayout[5]/android.widget.ImageView[1]"}[39m
[35m[HTTP][39m [37m<-- POST /wd/hub/session/6ada9048-e816-4e45-a5a5-74fee03a37cd/elements [39m[32m200[39m [90m74 ms - 12[39m
[35m[HTTP][39m [90m[39m
[35m[HTTP][39m [37m-->[39m [37mPOST[39m [37m/wd/hub/session/6ada9048-e816-4e45-a5a5-74fee03a37cd/elements[39m
[35m[HTTP][39m [90m{"using":"xpath","value":"//hierarchy/android.widget.FrameLayout[1]/android.widget.LinearLayout[1]/android.widget.FrameLayout[1]/android.widget.LinearLayout[1]/android.widget.FrameLayout[1]/android.view.ViewGroup[1]/android.widget.FrameLayout[1]/android.view.ViewGroup[1]/android.widget.FrameLayout[5]/android.widget.ImageView[1]"}[39m
[35m[HTTP][39m [37m<-- POST /wd/hub/session/6ada9048-e816-4e45-a5a5-74fee03a37cd/elements [39m[32m200[39m [90m72 ms - 12[39m
[35m[HTTP][39m [90m[39m
[35m[HTTP][39m [37m-->[39m [37mPOST[39m [37m/wd/hub/session/6ada9048-e816-4e45-a5a5-74fee03a37cd/elements[39m
[35m[HTTP][39m [90m{"using":"xpath","value":"//hierarchy/android.widget.FrameLayout[1]/android.widget.LinearLayout[1]/android.widget.FrameLayout[1]/android.widget.LinearLayout[1]/android.widget.FrameLayout[1]/android.view.ViewGroup[1]/android.widget.FrameLayout[1]/android.view.ViewGroup[1]/android.widget.FrameLayout[5]/android.widget.ImageView[1]"}[39m
[35m[HTTP][39m [37m<-- POST /wd/hub/session/6ada9048-e816-4e45-a5a5-74fee03a37cd/elements [39m[32m200[39m [90m79 ms - 12[39m
[35m[HTTP][39m [90m[39m
[35m[HTTP][39m [37m-->[39m [37mPOST[39m [37m/wd/hub/session/6ada9048-e816-4e45-a5a5-74fee03a37cd/elements[39m
[35m[HTTP][39m [90m{"using":"xpath","value":"//hierarchy/android.widget.FrameLayout[1]/android.widget.LinearLayout[1]/android.widget.FrameLayout[1]/android.widget.LinearLayout[1]/android.widget.FrameLayout[1]/android.view.ViewGroup[1]/android.widget.FrameLayout[1]/android.view.ViewGroup[1]/android.widget.FrameLayout[5]/android.widget.ImageView[1]"}[39m
[35m[HTTP][39m [37m<-- POST /wd/hub/session/6ada9048-e816-4e45-a5a5-74fee03a37cd/elements [39m[32m200[39m [90m80 ms - 12[39m
[35m[HTTP][39m [90m[39m
[35m[HTTP][39m [37m-->[39m [37mPOST[39m [37m/wd/hub/session/6ada9048-e816-4e45-a5a5-74fee03a37cd/elements[39m
[35m[HTTP][39m [90m{"using":"xpath","value":"//hierarchy/android.widget.FrameLayout[1]/android.widget.LinearLayout[1]/android.widget.FrameLayout[1]/android.widget.LinearLayout[1]/android.widget.FrameLayout[1]/android.view.ViewGroup[1]/android.widget.FrameLayout[1]/android.view.ViewGroup[1]/android.widget.FrameLayout[5]/android.widget.ImageView[1]"}[39m
[35m[HTTP][39m [37m<-- POST /wd/hub/session/6ada9048-e816-4e45-a5a5-74fee03a37cd/elements [39m[32m200[39m [90m72 ms - 12[39m
[35m[HTTP][39m [90m[39m
[35m[HTTP][39m [37m-->[39m [37mPOST[39m [37m/wd/hub/session/6ada9048-e816-4e45-a5a5-74fee03a37cd/elements[39m
[35m[HTTP][39m [90m{"using":"xpath","value":"//hierarchy/android.widget.FrameLayout[1]/android.widget.LinearLayout[1]/android.widget.FrameLayout[1]/android.widget.LinearLayout[1]/android.widget.FrameLayout[1]/android.view.ViewGroup[1]/android.widget.FrameLayout[1]/android.view.ViewGroup[1]/android.widget.FrameLayout[5]/android.widget.ImageView[1]"}[39m
[35m[HTTP][39m [37m<-- POST /wd/hub/session/6ada9048-e816-4e45-a5a5-74fee03a37cd/elements [39m[32m200[39m [90m74 ms - 12[39m
[35m[HTTP][39m [90m[39m
[35m[HTTP][39m [37m-->[39m [37mPOST[39m [37m/wd/hub/session/6ada9048-e816-4e45-a5a5-74fee03a37cd/elements[39m
[35m[HTTP][39m [90m{"using":"xpath","value":"//hierarchy/android.widget.FrameLayout[1]/android.widget.LinearLayout[1]/android.widget.FrameLayout[1]/android.widget.LinearLayout[1]/android.widget.FrameLayout[1]/android.view.ViewGroup[1]/android.widget.FrameLayout[1]/android.view.ViewGroup[1]/android.widget.FrameLayout[5]/android.widget.ImageView[1]"}[39m
[35m[HTTP][39m [37m<-- POST /wd/hub/session/6ada9048-e816-4e45-a5a5-74fee03a37cd/elements [39m[32m200[39m [90m68 ms - 12[39m
[35m[HTTP][39m [90m[39m
[35m[HTTP][39m [37m-->[39m [37mPOST[39m [37m/wd/hub/session/6ada9048-e816-4e45-a5a5-74fee03a37cd/elements[39m
[35m[HTTP][39m [90m{"using":"xpath","value":"//hierarchy/android.widget.FrameLayout[1]/android.widget.LinearLayout[1]/android.widget.FrameLayout[1]/android.widget.LinearLayout[1]/android.widget.FrameLayout[1]/android.view.ViewGroup[1]/android.widget.FrameLayout[1]/android.view.ViewGroup[1]/android.widget.FrameLayout[5]/android.widget.ImageView[1]"}[39m
[35m[HTTP][39m [37m<-- POST /wd/hub/session/6ada9048-e816-4e45-a5a5-74fee03a37cd/elements [39m[32m200[39m [90m69 ms - 12[39m
[35m[HTTP][39m [90m[39m
[35m[HTTP][39m [37m-->[39m [37mPOST[39m [37m/wd/hub/session/6ada9048-e816-4e45-a5a5-74fee03a37cd/elements[39m
[35m[HTTP][39m [90m{"using":"xpath","value":"//hierarchy/android.widget.FrameLayout[1]/android.widget.LinearLayout[1]/android.widget.FrameLayout[1]/android.widget.LinearLayout[1]/android.widget.FrameLayout[1]/android.view.ViewGroup[1]/android.widget.FrameLayout[1]/android.view.ViewGroup[1]/android.widget.FrameLayout[5]/android.widget.ImageView[1]"}[39m
[35m[HTTP][39m [37m<-- POST /wd/hub/session/6ada9048-e816-4e45-a5a5-74fee03a37cd/elements [39m[32m200[39m [90m71 ms - 12[39m
[35m[HTTP][39m [90m[39m
[35m[HTTP][39m [37m-->[39m [37mPOST[39m [37m/wd/hub/session/6ada9048-e816-4e45-a5a5-74fee03a37cd/elements[39m
[35m[HTTP][39m [90m{"using":"xpath","value":"//hierarchy/android.widget.FrameLayout[1]/android.widget.LinearLayout[1]/android.widget.FrameLayout[1]/android.widget.LinearLayout[1]/android.widget.FrameLayout[1]/android.view.ViewGroup[1]/android.widget.FrameLayout[1]/android.view.ViewGroup[1]/android.widget.FrameLayout[5]/android.widget.ImageView[1]"}[39m
[35m[HTTP][39m [37m<-- POST /wd/hub/session/6ada9048-e816-4e45-a5a5-74fee03a37cd/elements [39m[32m200[39m [90m65 ms - 12[39m
[35m[HTTP][39m [90m[39m
[35m[HTTP][39m [37m-->[39m [37mPOST[39m [37m/wd/hub/session/6ada9048-e816-4e45-a5a5-74fee03a37cd/elements[39m
[35m[HTTP][39m [90m{"using":"xpath","value":"//hierarchy/android.widget.FrameLayout[1]/android.widget.LinearLayout[1]/android.widget.FrameLayout[1]/android.widget.LinearLayout[1]/android.widget.FrameLayout[1]/android.view.ViewGroup[1]/android.widget.FrameLayout[1]/android.view.ViewGroup[1]/android.widget.FrameLayout[5]/android.widget.ImageView[1]"}[39m
[35m[HTTP][39m [37m<-- POST /wd/hub/session/6ada9048-e816-4e45-a5a5-74fee03a37cd/elements [39m[32m200[39m [90m73 ms - 12[39m
[35m[HTTP][39m [90m[39m
[35m[HTTP][39m [37m-->[39m [37mPOST[39m [37m/wd/hub/session/6ada9048-e816-4e45-a5a5-74fee03a37cd/elements[39m
[35m[HTTP][39m [90m{"using":"xpath","value":"//hierarchy/android.widget.FrameLayout[1]/android.widget.LinearLayout[1]/android.widget.FrameLayout[1]/android.widget.LinearLayout[1]/android.widget.FrameLayout[1]/android.view.ViewGroup[1]/android.widget.FrameLayout[1]/android.view.ViewGroup[1]/android.widget.FrameLayout[5]/android.widget.ImageView[1]"}[39m
[35m[HTTP][39m [37m<-- POST /wd/hub/session/6ada9048-e816-4e45-a5a5-74fee03a37cd/elements [39m[32m200[39m [90m62 ms - 12[39m
[35m[HTTP][39m [90m[39m
[35m[HTTP][39m [37m-->[39m [37mPOST[39m [37m/wd/hub/session/6ada9048-e816-4e45-a5a5-74fee03a37cd/elements[39m
[35m[HTTP][39m [90m{"using":"xpath","value":"//hierarchy/android.widget.FrameLayout[1]/android.widget.LinearLayout[1]/android.widget.FrameLayout[1]/android.widget.LinearLayout[1]/android.widget.FrameLayout[1]/android.view.ViewGroup[1]/android.widget.FrameLayout[1]/android.view.ViewGroup[1]/android.widget.FrameLayout[5]/android.widget.ImageView[1]"}[39m
[35m[HTTP][39m [37m<-- POST /wd/hub/session/6ada9048-e816-4e45-a5a5-74fee03a37cd/elements [39m[32m200[39m [90m67 ms - 12[39m
[35m[HTTP][39m [90m[39m
[35m[HTTP][39m [37m-->[39m [37mPOST[39m [37m/wd/hub/session/6ada9048-e816-4e45-a5a5-74fee03a37cd/elements[39m
[35m[HTTP][39m [90m{"using":"xpath","value":"//hierarchy/android.widget.FrameLayout[1]/android.widget.LinearLayout[1]/android.widget.FrameLayout[1]/android.widget.LinearLayout[1]/android.widget.FrameLayout[1]/android.view.ViewGroup[1]/android.widget.FrameLayout[1]/android.view.ViewGroup[1]/android.widget.FrameLayout[5]/android.widget.ImageView[1]"}[39m
[35m[HTTP][39m [37m<-- POST /wd/hub/session/6ada9048-e816-4e45-a5a5-74fee03a37cd/elements [39m[32m200[39m [90m71 ms - 12[39m
[35m[HTTP][39m [90m[39m
[35m[HTTP][39m [37m-->[39m [37mPOST[39m [37m/wd/hub/session/6ada9048-e816-4e45-a5a5-74fee03a37cd/elements[39m
[35m[HTTP][39m [90m{"using":"xpath","value":"//hierarchy/android.widget.FrameLayout[1]/android.widget.LinearLayout[1]/android.widget.FrameLayout[1]/android.widget.LinearLayout[1]/android.widget.FrameLayout[1]/android.view.ViewGroup[1]/android.widget.FrameLayout[1]/android.view.ViewGroup[1]/android.widget.FrameLayout[5]/android.widget.ImageView[1]"}[39m
[35m[HTTP][39m [37m<-- POST /wd/hub/session/6ada9048-e816-4e45-a5a5-74fee03a37cd/elements [39m[32m200[39m [90m62 ms - 12[39m
[35m[HTTP][39m [90m[39m
[35m[HTTP][39m [37m-->[39m [37mPOST[39m [37m/wd/hub/session/6ada9048-e816-4e45-a5a5-74fee03a37cd/elements[39m
[35m[HTTP][39m [90m{"using":"xpath","value":"//hierarchy/android.widget.FrameLayout[1]/android.widget.LinearLayout[1]/android.widget.FrameLayout[1]/android.widget.LinearLayout[1]/android.widget.FrameLayout[1]/android.view.ViewGroup[1]/android.widget.FrameLayout[1]/android.view.ViewGroup[1]/android.widget.FrameLayout[5]/android.widget.ImageView[1]"}[39m
[35m[HTTP][39m [37m<-- POST /wd/hub/session/6ada9048-e816-4e45-a5a5-74fee03a37cd/elements [39m[32m200[39m [90m67 ms - 12[39m
[35m[HTTP][39m [90m[39m
[35m[HTTP][39m [37m-->[39m [37mPOST[39m [37m/wd/hub/session/6ada9048-e816-4e45-a5a5-74fee03a37cd/elements[39m
[35m[HTTP][39m [90m{"using":"xpath","value":"//hierarchy/android.widget.FrameLayout[1]/android.widget.LinearLayout[1]/android.widget.FrameLayout[1]/android.widget.LinearLayout[1]/android.widget.FrameLayout[1]/android.view.ViewGroup[1]/android.widget.FrameLayout[1]/android.view.ViewGroup[1]/android.widget.FrameLayout[5]/android.widget.ImageView[1]"}[39m
[35m[HTTP][39m [37m<-- POST /wd/hub/session/6ada9048-e816-4e45-a5a5-74fee03a37cd/elements [39m[32m200[39m [90m60 ms - 12[39m
[35m[HTTP][39m [90m[39m
[35m[HTTP][39m [37m-->[39m [37mPOST[39m [37m/wd/hub/session/6ada9048-e816-4e45-a5a5-74fee03a37cd/elements[39m
[35m[HTTP][39m [90m{"using":"xpath","value":"//hierarchy/android.widget.FrameLayout[1]/android.widget.LinearLayout[1]/android.widget.FrameLayout[1]/android.widget.LinearLayout[1]/android.widget.FrameLayout[1]/android.view.ViewGroup[1]/android.widget.FrameLayout[1]/android.view.ViewGroup[1]/android.widget.FrameLayout[5]/android.widget.ImageView[1]"}[39m
[35m[HTTP][39m [37m<-- POST /wd/hub/session/6ada9048-e816-4e45-a5a5-74fee03a37cd/elements [39m[32m200[39m [90m62 ms - 12[39m
[35m[HTTP][39m [90m[39m
[35m[HTTP][39m [37m-->[39m [37mPOST[39m [37m/wd/hub/session/6ada9048-e816-4e45-a5a5-74fee03a37cd/elements[39m
[35m[HTTP][39m [90m{"using":"xpath","value":"//hierarchy/android.widget.FrameLayout[1]/android.widget.LinearLayout[1]/android.widget.FrameLayout[1]/android.widget.LinearLayout[1]/android.widget.FrameLayout[1]/android.view.ViewGroup[1]/android.widget.FrameLayout[1]/android.view.ViewGroup[1]/android.widget.FrameLayout[5]/android.widget.ImageView[1]"}[39m
[35m[HTTP][39m [37m<-- POST /wd/hub/session/6ada9048-e816-4e45-a5a5-74fee03a37cd/elements [39m[32m200[39m [90m80 ms - 12[39m
[35m[HTTP][39m [90m[39m
[35m[HTTP][39m [37m-->[39m [37mPOST[39m [37m/wd/hub/session/6ada9048-e816-4e45-a5a5-74fee03a37cd/elements[39m
[35m[HTTP][39m [90m{"using":"xpath","value":"//hierarchy/android.widget.FrameLayout[1]/android.widget.LinearLayout[1]/android.widget.FrameLayout[1]/android.widget.LinearLayout[1]/android.widget.FrameLayout[1]/android.view.ViewGroup[1]/android.widget.FrameLayout[1]/android.view.ViewGroup[1]/android.widget.FrameLayout[5]/android.widget.ImageView[1]"}[39m
[35m[HTTP][39m [37m<-- POST /wd/hub/session/6ada9048-e816-4e45-a5a5-74fee03a37cd/elements [39m[32m200[39m [90m1410 ms - 12[39m
[35m[HTTP][39m [90m[39m
[35m[HTTP][39m [37m-->[39m [37mPOST[39m [37m/wd/hub/session/6ada9048-e816-4e45-a5a5-74fee03a37cd/elements[39m
[35m[HTTP][39m [90m{"using":"xpath","value":"//hierarchy/android.widget.FrameLayout[1]/android.widget.LinearLayout[1]/android.widget.FrameLayout[1]/android.widget.LinearLayout[1]/android.widget.FrameLayout[1]/android.view.ViewGroup[1]/android.widget.FrameLayout[1]/android.view.ViewGroup[1]/android.widget.FrameLayout[5]/android.widget.ImageView[1]"}[39m
[35m[HTTP][39m [37m<-- POST /wd/hub/session/6ada9048-e816-4e45-a5a5-74fee03a37cd/elements [39m[32m200[39m [90m3247 ms - 139[39m
[35m[HTTP][39m [90m[39m
[35m[HTTP][39m [37m-->[39m [37mGET[39m [37m/wd/hub/session/6ada9048-e816-4e45-a5a5-74fee03a37cd/element/68b750c9-1b18-494b-9778-3d4b13b41af5/location[39m
[35m[HTTP][39m [90m{}[39m
[35m[W3C (6ada9048)][39m Driver proxy active, passing request on via HTTP proxy
[35m[WD Proxy][39m Replacing sessionId c40d0207-3c49-4e00-9859-0f4b5edb4042 with 6ada9048-e816-4e45-a5a5-74fee03a37cd
[35m[HTTP][39m [37m<-- GET /wd/hub/session/6ada9048-e816-4e45-a5a5-74fee03a37cd/element/68b750c9-1b18-494b-9778-3d4b13b41af5/location [39m[32m200[39m [90m33 ms - 79[39m
[35m[HTTP][39m [90m[39m
[35m[HTTP][39m [37m-->[39m [37mPOST[39m [37m/wd/hub/session/6ada9048-e816-4e45-a5a5-74fee03a37cd/timeouts[39m
[35m[HTTP][39m [90m{"implicit":10000}[39m
[35m[HTTP][39m [37m<-- POST /wd/hub/session/6ada9048-e816-4e45-a5a5-74fee03a37cd/timeouts [39m[32m200[39m [90m1 ms - 14[39m
[35m[HTTP][39m [90m[39m
[35m[HTTP][39m [37m-->[39m [37mPOST[39m [37m/wd/hub/session/6ada9048-e816-4e45-a5a5-74fee03a37cd/touch/perform[39m
[35m[HTTP][39m [90m{"actions":[{"action":"tap","options":{"x":1,"y":1,"element":"68b750c9-1b18-494b-9778-3d4b13b41af5"}},{"action":"release","options":{}}]}[39m
[35m[UiAutomator2][39m calling get location: 68b750c9-1b18-494b-9778-3d4b13b41af5
[35m[HTTP][39m [37m<-- POST /wd/hub/session/6ada9048-e816-4e45-a5a5-74fee03a37cd/touch/perform [39m[32m200[39m [90m701 ms - 14[39m
[35m[HTTP][39m [90m[39m
[35m[HTTP][39m [37m-->[39m [37mPOST[39m [37m/wd/hub/session/6ada9048-e816-4e45-a5a5-74fee03a37cd/timeouts[39m
[35m[HTTP][39m [90m{"implicit":50}[39m
[35m[HTTP][39m [37m<-- POST /wd/hub/session/6ada9048-e816-4e45-a5a5-74fee03a37cd/timeouts [39m[32m200[39m [90m1 ms - 14[39m
[35m[HTTP][39m [90m[39m
[35m[HTTP][39m [37m-->[39m [37mGET[39m [37m/wd/hub/session/6ada9048-e816-4e45-a5a5-74fee03a37cd/window/rect[39m
[35m[HTTP][39m [90m{}[39m
[35m[HTTP][39m [37m<-- GET /wd/hub/session/6ada9048-e816-4e45-a5a5-74fee03a37cd/window/rect [39m[32m200[39m [90m32 ms - 49[39m
[35m[HTTP][39m [90m[39m
[35m[HTTP][39m [37m-->[39m [37mPOST[39m [37m/wd/hub/session/6ada9048-e816-4e45-a5a5-74fee03a37cd/elements[39m
[35m[HTTP][39m [90m{"using":"xpath","value":"//hierarchy/android.widget.FrameLayout[1]/android.widget.LinearLayout[1]/android.widget.FrameLayout[1]/android.widget.LinearLayout[1]/android.widget.FrameLayout[1]/android.widget.LinearLayout[1]/android.widget.FrameLayout[2]/android.widget.LinearLayout[1]/android.widget.ScrollView[1]/android.widget.LinearLayout[1]/android.widget.LinearLayout[2]/android.widget.FrameLayout[1]/android.widget.EditText[1]"}[39m
[35m[HTTP][39m [37m<-- POST /wd/hub/session/6ada9048-e816-4e45-a5a5-74fee03a37cd/elements [39m[32m200[39m [90m990 ms - 139[39m
[35m[HTTP][39m [90m[39m
[35m[HTTP][39m [37m-->[39m [37mGET[39m [37m/wd/hub/session/6ada9048-e816-4e45-a5a5-74fee03a37cd/element/91b89282-1cef-4833-b799-ccae16f124c6/location[39m
[35m[HTTP][39m [90m{}[39m
[35m[W3C (6ada9048)][39m Driver proxy active, passing request on via HTTP proxy
[35m[WD Proxy][39m Replacing sessionId c40d0207-3c49-4e00-9859-0f4b5edb4042 with 6ada9048-e816-4e45-a5a5-74fee03a37cd
[35m[HTTP][39m [37m<-- GET /wd/hub/session/6ada9048-e816-4e45-a5a5-74fee03a37cd/element/91b89282-1cef-4833-b799-ccae16f124c6/location [39m[32m200[39m [90m35 ms - 77[39m
[35m[HTTP][39m [90m[39m
[35m[HTTP][39m [37m-->[39m [37mPOST[39m [37m/wd/hub/session/6ada9048-e816-4e45-a5a5-74fee03a37cd/timeouts[39m
[35m[HTTP][39m [90m{"implicit":10000}[39m
[35m[HTTP][39m [37m<-- POST /wd/hub/session/6ada9048-e816-4e45-a5a5-74fee03a37cd/timeouts [39m[32m200[39m [90m1 ms - 14[39m
[35m[HTTP][39m [90m[39m
[35m[HTTP][39m [37m-->[39m [37mPOST[39m [37m/wd/hub/session/6ada9048-e816-4e45-a5a5-74fee03a37cd/element/91b89282-1cef-4833-b799-ccae16f124c6/clear[39m
[35m[HTTP][39m [90m{"id":"91b89282-1cef-4833-b799-ccae16f124c6"}[39m
[35m[HTTP][39m [37m<-- POST /wd/hub/session/6ada9048-e816-4e45-a5a5-74fee03a37cd/element/91b89282-1cef-4833-b799-ccae16f124c6/clear [39m[32m200[39m [90m82 ms - 14[39m
[35m[HTTP][39m [90m[39m
[35m[HTTP][39m [37m-->[39m [37mPOST[39m [37m/wd/hub/session/6ada9048-e816-4e45-a5a5-74fee03a37cd/element/91b89282-1cef-4833-b799-ccae16f124c6/value[39m
[35m[HTTP][39m [90m{"id":"91b89282-1cef-4833-b799-ccae16f124c6","text":"faldidev10@getnada.com","value":["f","a","l","d","i","d","e","v","1","0","@","g","e","t","n","a","d","a",".","c","o","m"]}[39m
[35m[HTTP][39m [37m<-- POST /wd/hub/session/6ada9048-e816-4e45-a5a5-74fee03a37cd/element/91b89282-1cef-4833-b799-ccae16f124c6/value [39m[32m200[39m [90m1289 ms - 14[39m
[35m[HTTP][39m [90m[39m
[35m[HTTP][39m [37m-->[39m [37mPOST[39m [37m/wd/hub/session/6ada9048-e816-4e45-a5a5-74fee03a37cd/timeouts[39m
[35m[HTTP][39m [90m{"implicit":50}[39m
[35m[HTTP][39m [37m<-- POST /wd/hub/session/6ada9048-e816-4e45-a5a5-74fee03a37cd/timeouts [39m[32m200[39m [90m2 ms - 14[39m
[35m[HTTP][39m [90m[39m
[35m[HTTP][39m [37m-->[39m [37mGET[39m [37m/wd/hub/session/6ada9048-e816-4e45-a5a5-74fee03a37cd/window/rect[39m
[35m[HTTP][39m [90m{}[39m
[35m[HTTP][39m [37m<-- GET /wd/hub/session/6ada9048-e816-4e45-a5a5-74fee03a37cd/window/rect [39m[32m200[39m [90m54 ms - 49[39m
[35m[HTTP][39m [90m[39m
[35m[HTTP][39m [37m-->[39m [37mPOST[39m [37m/wd/hub/session/6ada9048-e816-4e45-a5a5-74fee03a37cd/elements[39m
[35m[HTTP][39m [90m{"using":"xpath","value":"//hierarchy/android.widget.FrameLayout[1]/android.widget.LinearLayout[1]/android.widget.FrameLayout[1]/android.widget.LinearLayout[1]/android.widget.FrameLayout[1]/android.widget.LinearLayout[1]/android.widget.FrameLayout[2]/android.widget.LinearLayout[1]/android.widget.ScrollView[1]/android.widget.LinearLayout[1]/android.widget.LinearLayout[3]/android.widget.FrameLayout[1]/android.widget.EditText[1]"}[39m
[35m[HTTP][39m [37m<-- POST /wd/hub/session/6ada9048-e816-4e45-a5a5-74fee03a37cd/elements [39m[32m200[39m [90m661 ms - 139[39m
[35m[HTTP][39m [90m[39m
[35m[HTTP][39m [37m-->[39m [37mGET[39m [37m/wd/hub/session/6ada9048-e816-4e45-a5a5-74fee03a37cd/element/8ed6513e-b83c-4e5d-a55e-b7e91dc9c5e8/location[39m
[35m[HTTP][39m [90m{}[39m
[35m[W3C (6ada9048)][39m Driver proxy active, passing request on via HTTP proxy
[35m[WD Proxy][39m Replacing sessionId c40d0207-3c49-4e00-9859-0f4b5edb4042 with 6ada9048-e816-4e45-a5a5-74fee03a37cd
[35m[HTTP][39m [37m<-- GET /wd/hub/session/6ada9048-e816-4e45-a5a5-74fee03a37cd/element/8ed6513e-b83c-4e5d-a55e-b7e91dc9c5e8/location [39m[32m200[39m [90m504 ms - 77[39m
[35m[HTTP][39m [90m[39m
[35m[HTTP][39m [37m-->[39m [37mPOST[39m [37m/wd/hub/session/6ada9048-e816-4e45-a5a5-74fee03a37cd/timeouts[39m
[35m[HTTP][39m [90m{"implicit":10000}[39m
[35m[HTTP][39m [37m<-- POST /wd/hub/session/6ada9048-e816-4e45-a5a5-74fee03a37cd/timeouts [39m[32m200[39m [90m1 ms - 14[39m
[35m[HTTP][39m [90m[39m
[35m[HTTP][39m [37m-->[39m [37mPOST[39m [37m/wd/hub/session/6ada9048-e816-4e45-a5a5-74fee03a37cd/element/8ed6513e-b83c-4e5d-a55e-b7e91dc9c5e8/clear[39m
[35m[HTTP][39m [90m{"id":"8ed6513e-b83c-4e5d-a55e-b7e91dc9c5e8"}[39m
[35m[HTTP][39m [37m<-- POST /wd/hub/session/6ada9048-e816-4e45-a5a5-74fee03a37cd/element/8ed6513e-b83c-4e5d-a55e-b7e91dc9c5e8/clear [39m[32m200[39m [90m50 ms - 14[39m
[35m[HTTP][39m [90m[39m
[35m[HTTP][39m [37m-->[39m [37mPOST[39m [37m/wd/hub/session/6ada9048-e816-4e45-a5a5-74fee03a37cd/element/8ed6513e-b83c-4e5d-a55e-b7e91dc9c5e8/value[39m
[35m[HTTP][39m [90m{"id":"8ed6513e-b83c-4e5d-a55e-b7e91dc9c5e8","text":"123456","value":["1","2","3","4","5","6"]}[39m
[35m[HTTP][39m [37m<-- POST /wd/hub/session/6ada9048-e816-4e45-a5a5-74fee03a37cd/element/8ed6513e-b83c-4e5d-a55e-b7e91dc9c5e8/value [39m[32m200[39m [90m1112 ms - 14[39m
[35m[HTTP][39m [90m[39m
[35m[HTTP][39m [37m-->[39m [37mPOST[39m [37m/wd/hub/session/6ada9048-e816-4e45-a5a5-74fee03a37cd/timeouts[39m
[35m[HTTP][39m [90m{"implicit":50}[39m
[35m[HTTP][39m [37m<-- POST /wd/hub/session/6ada9048-e816-4e45-a5a5-74fee03a37cd/timeouts [39m[32m200[39m [90m2 ms - 14[39m
[35m[HTTP][39m [90m[39m
[35m[HTTP][39m [37m-->[39m [37mGET[39m [37m/wd/hub/session/6ada9048-e816-4e45-a5a5-74fee03a37cd/window/rect[39m
[35m[HTTP][39m [90m{}[39m
[35m[HTTP][39m [37m<-- GET /wd/hub/session/6ada9048-e816-4e45-a5a5-74fee03a37cd/window/rect [39m[32m200[39m [90m41 ms - 49[39m
[35m[HTTP][39m [90m[39m
[35m[HTTP][39m [37m-->[39m [37mPOST[39m [37m/wd/hub/session/6ada9048-e816-4e45-a5a5-74fee03a37cd/elements[39m
[35m[HTTP][39m [90m{"using":"-android uiautomator","value":"new UiSelector().className(\"android.widget.TextView\").text(\"Sign In\").resourceId(\"com.roomme.tenant.dev:id/tvButtonName\")"}[39m
[35m[HTTP][39m [37m<-- POST /wd/hub/session/6ada9048-e816-4e45-a5a5-74fee03a37cd/elements [39m[32m200[39m [90m478 ms - 139[39m
[35m[HTTP][39m [90m[39m
[35m[HTTP][39m [37m-->[39m [37mGET[39m [37m/wd/hub/session/6ada9048-e816-4e45-a5a5-74fee03a37cd/element/acec7ce3-9af5-4f0f-9b97-1de37fd5730c/location[39m
[35m[HTTP][39m [90m{}[39m
[35m[W3C (6ada9048)][39m Driver proxy active, passing request on via HTTP proxy
[35m[WD Proxy][39m Replacing sessionId c40d0207-3c49-4e00-9859-0f4b5edb4042 with 6ada9048-e816-4e45-a5a5-74fee03a37cd
[35m[HTTP][39m [37m<-- GET /wd/hub/session/6ada9048-e816-4e45-a5a5-74fee03a37cd/element/acec7ce3-9af5-4f0f-9b97-1de37fd5730c/location [39m[32m200[39m [90m83 ms - 78[39m
[35m[HTTP][39m [90m[39m
[35m[HTTP][39m [37m-->[39m [37mPOST[39m [37m/wd/hub/session/6ada9048-e816-4e45-a5a5-74fee03a37cd/timeouts[39m
[35m[HTTP][39m [90m{"implicit":10000}[39m
[35m[HTTP][39m [37m<-- POST /wd/hub/session/6ada9048-e816-4e45-a5a5-74fee03a37cd/timeouts [39m[32m200[39m [90m1 ms - 14[39m
[35m[HTTP][39m [90m[39m
[35m[HTTP][39m [37m-->[39m [37mPOST[39m [37m/wd/hub/session/6ada9048-e816-4e45-a5a5-74fee03a37cd/touch/perform[39m
[35m[HTTP][39m [90m{"actions":[{"action":"tap","options":{"x":1,"y":1,"element":"acec7ce3-9af5-4f0f-9b97-1de37fd5730c"}},{"action":"release","options":{}}]}[39m
[35m[UiAutomator2][39m calling get location: acec7ce3-9af5-4f0f-9b97-1de37fd5730c
[35m[HTTP][39m [37m<-- POST /wd/hub/session/6ada9048-e816-4e45-a5a5-74fee03a37cd/touch/perform [39m[32m200[39m [90m259 ms - 14[39m
[35m[HTTP][39m [90m[39m
[35m[HTTP][39m [37m-->[39m [37mDELETE[39m [37m/wd/hub/session/6ada9048-e816-4e45-a5a5-74fee03a37cd[39m
[35m[HTTP][39m [90m{}[39m
[35m[Appium][39m Removing session 6ada9048-e816-4e45-a5a5-74fee03a37cd from our master session list
[35m[UiAutomator2][39m Restoring hidden api policy to the device default configuration
[35m[HTTP][39m [37m<-- DELETE /wd/hub/session/6ada9048-e816-4e45-a5a5-74fee03a37cd [39m[32m200[39m [90m408 ms - 14[39m
